<?xml version="1.0" encoding="UTF-8" standalone="yes"?><!DOCTYPE report PUBLIC "-//JACOCO//DTD Report 1.1//EN" "report.dtd"><report name="BRMO RSGB datamodel"><sessioninfo id="mark-desktop-6bef9f8f" start="1644335093357" dump="1644335096543"/><sessioninfo id="mark-desktop-c13e939b" start="1644335458077" dump="1644335461065"/><sessioninfo id="mark-desktop-db3e61" start="1644335644224" dump="1644335647542"/><sessioninfo id="mark-desktop-d9bbc708" start="1644336017495" dump="1644336018828"/></report>