GROUP,PACKAGE,CLASS,INSTRUCTION_MISSED,INSTRUCTION_COVERED,BRANCH_MISSED,BRANCH_COVERED,LINE_MISSED,LINE_COVERED,COMPLEXITY_MISSED,COMPLEXITY_COVERED,METHOD_MISSED,METHOD_COVERED
BRMO BGT / IMGeo CityGML loader,nl.b3p.brmo.bgt.loader,ResumingBGTDownloadInputStream.new HttpStartRangeInputStreamProvider() {...},40,19,5,1,9,3,3,2,0,2
BRMO BGT / IMGeo CityGML loader,nl.b3p.brmo.bgt.loader,ResumingBGTDownloadInputStream.new Java11HttpClientWrapper() {...},7,36,2,2,2,8,2,3,0,3
BRMO BGT / IMGeo CityGML loader,nl.b3p.brmo.bgt.loader,BGTDatabase,156,264,13,24,35,72,15,21,3,14
BRMO BGT / IMGeo CityGML loader,nl.b3p.brmo.bgt.loader,BGTObjectStreamer.new Iterator() {...},90,274,18,38,19,67,14,18,0,4
BRMO BGT / IMGeo CityGML loader,nl.b3p.brmo.bgt.loader,ResumingBGTDownloadInputStream,0,23,0,0,0,5,0,3,0,3
BRMO BGT / IMGeo CityGML loader,nl.b3p.brmo.bgt.loader,ProgressReporter,93,203,6,13,21,44,10,16,6,9
BRMO BGT / IMGeo CityGML loader,nl.b3p.brmo.bgt.loader,BGTObjectStreamer.MutatieInhoud,3,17,0,0,1,5,1,4,1,4
BRMO BGT / IMGeo CityGML loader,nl.b3p.brmo.bgt.loader,BGTObjectStreamer,52,518,7,56,11,125,9,39,2,12
BRMO BGT / IMGeo CityGML loader,nl.b3p.brmo.bgt.loader,Utils,58,87,5,3,5,18,5,9,1,9
BRMO BGT / IMGeo CityGML loader,nl.b3p.brmo.bgt.loader,BGTDatabase.SQLDialectEnum,0,15,0,0,0,3,0,1,0,1
BRMO BGT / IMGeo CityGML loader,nl.b3p.brmo.sql,PostgresCopyEscapeUtils.new CharSequenceTranslator() {...},27,40,6,6,7,10,5,3,0,2
BRMO BGT / IMGeo CityGML loader,nl.b3p.brmo.sql,PostGISCopyInsertBatch,52,195,6,20,7,52,6,14,0,7
BRMO BGT / IMGeo CityGML loader,nl.b3p.brmo.sql,QueryBatch,1,4,0,0,1,3,0,1,0,1
BRMO BGT / IMGeo CityGML loader,nl.b3p.brmo.sql,PreparedStatementQueryBatch,28,156,3,11,5,39,3,11,0,7
BRMO BGT / IMGeo CityGML loader,nl.b3p.brmo.sql,PostgresCopyEscapeUtils,3,8,0,0,1,2,1,2,1,2
BRMO BGT / IMGeo CityGML loader,nl.b3p.brmo.sql,LoggingQueryRunner,295,47,4,2,60,12,32,6,29,6
BRMO BGT / IMGeo CityGML loader,nl.b3p.brmo.sql,GeometryHandlingPreparedStatementBatch,0,43,0,2,0,9,0,3,0,2
BRMO BGT / IMGeo CityGML loader,nl.b3p.brmo.bgt.download.api,DeltaCustomApi.new TypeReference() {...},0,6,0,0,0,1,0,1,0,1
BRMO BGT / IMGeo CityGML loader,nl.b3p.brmo.bgt.download.api,DeltaCustomApi.new TypeReference() {...},0,6,0,0,0,1,0,1,0,1
BRMO BGT / IMGeo CityGML loader,nl.b3p.brmo.bgt.download.api,DeltaCustomApi,83,265,14,16,22,63,15,10,1,9
BRMO BGT / IMGeo CityGML loader,nl.b3p.brmo.bgt.download.api,DeltaApi.new TypeReference() {...},0,6,0,0,0,1,0,1,0,1
BRMO BGT / IMGeo CityGML loader,nl.b3p.brmo.bgt.download.api,DownloadApiUtils,43,108,5,7,8,29,7,2,2,1
BRMO BGT / IMGeo CityGML loader,nl.b3p.brmo.bgt.download.api,CustomDownloadProgress,6,15,0,0,2,5,2,4,2,4
BRMO BGT / IMGeo CityGML loader,nl.b3p.brmo.bgt.download.api,DeltaApi,94,180,15,7,18,43,14,5,3,5
BRMO BGT / IMGeo CityGML loader,nl.b3p.brmo.bgt.schema,BGTObject,36,29,2,0,8,9,5,4,4,4
BRMO BGT / IMGeo CityGML loader,nl.b3p.brmo.bgt.schema,BGTSchema,29,1615,6,4,5,92,7,9,3,8
BRMO BGT / IMGeo CityGML loader,nl.b3p.brmo.bgt.schema,BGTSchemaMapper.Metadata,0,79,0,0,0,14,0,2,0,2
BRMO BGT / IMGeo CityGML loader,nl.b3p.brmo.bgt.schema,BGTObject.MutatieStatus,0,21,0,0,0,4,0,1,0,1
BRMO BGT / IMGeo CityGML loader,nl.b3p.brmo.bgt.schema,BGTObjectType,3,15,0,2,1,3,1,2,1,1
BRMO BGT / IMGeo CityGML loader,nl.b3p.brmo.bgt.schema,BGTObjectTableWriter.BGTProgress,16,24,0,0,5,6,5,2,5,2
BRMO BGT / IMGeo CityGML loader,nl.b3p.brmo.bgt.schema,BGTSchemaMapper,0,288,0,8,0,34,0,15,0,11
BRMO BGT / IMGeo CityGML loader,nl.b3p.brmo.bgt.schema,BGTObjectTableWriter,161,149,14,20,35,38,11,13,2,5
BRMO BGT / IMGeo CityGML loader,nl.b3p.brmo.sql.dialect,OracleDialect,154,0,20,0,32,0,20,0,10,0
BRMO BGT / IMGeo CityGML loader,nl.b3p.brmo.sql.dialect,SQLDialect,44,23,6,2,10,7,8,4,5,3
BRMO BGT / IMGeo CityGML loader,nl.b3p.brmo.sql.dialect,PostGISDialect,7,84,2,4,2,17,2,8,0,7
BRMO BGT / IMGeo CityGML loader,nl.b3p.brmo.bgt.download.model,DeltaCustomDownloadStatusResponseLinks,107,14,12,0,22,7,13,4,7,4
BRMO BGT / IMGeo CityGML loader,nl.b3p.brmo.bgt.download.model,DeltaTimeWindow,100,12,12,0,19,6,12,2,6,2
BRMO BGT / IMGeo CityGML loader,nl.b3p.brmo.bgt.download.model,DeltaCustomDownloadStatusResponse,134,21,14,0,26,10,15,6,8,6
BRMO BGT / IMGeo CityGML loader,nl.b3p.brmo.bgt.download.model,DeltaCustomDownloadRequest,172,37,18,0,33,15,18,9,9,9
BRMO BGT / IMGeo CityGML loader,nl.b3p.brmo.bgt.download.model,DeltaCustomDownloadRequest.FormatEnum,33,21,4,0,5,6,4,3,2,3
BRMO BGT / IMGeo CityGML loader,nl.b3p.brmo.bgt.download.model,DeltaCustomDownloadResponse,107,14,12,0,22,7,13,4,7,4
BRMO BGT / IMGeo CityGML loader,nl.b3p.brmo.bgt.download.model,GetDeltasResponse,134,27,16,0,29,10,16,5,8,5
BRMO BGT / IMGeo CityGML loader,nl.b3p.brmo.bgt.download.model,DeltaCustomDownloadResponseLinks,76,7,8,0,18,4,10,2,6,2
BRMO BGT / IMGeo CityGML loader,nl.b3p.brmo.bgt.download.model,DeltaCustomDownloadRequest.FeaturetypesEnum,6,293,1,3,1,45,1,6,0,5
BRMO BGT / IMGeo CityGML loader,nl.b3p.brmo.bgt.download.model,Delta,102,16,12,0,20,8,12,4,6,4
BRMO BGT / IMGeo CityGML loader,nl.b3p.brmo.bgt.download.model,DeltaCustomDownloadStatusResponse.StatusEnum,9,59,1,3,2,11,2,5,1,4
BRMO BGT / IMGeo CityGML loader,nl.b3p.brmo.bgt.download.model,HalLink,145,10,14,0,31,5,18,3,11,3
BRMO BGT / IMGeo CityGML loader,nl.b3p.brmo.bgt.download.client,ApiClient,200,172,27,8,56,44,31,18,14,16
BRMO BGT / IMGeo CityGML loader,nl.b3p.brmo.bgt.download.client,Pair,4,41,3,3,3,16,3,6,0,6
BRMO BGT / IMGeo CityGML loader,nl.b3p.brmo.bgt.download.client,ApiException,91,33,0,0,17,12,8,4,8,4
BRMO BGT / IMGeo CityGML loader,nl.b3p.brmo.bgt.download.client,ApiResponse,12,15,0,0,4,6,3,2,3,2
BRMO BGT / IMGeo CityGML loader,nl.b3p.brmo.util.http.wrapper,URLConnectionHttpClientWrapper,65,0,6,0,15,0,7,0,4,0
BRMO BGT / IMGeo CityGML loader,nl.b3p.brmo.util.http.wrapper,Java11HttpClientWrapper,4,50,1,3,1,16,1,6,0,5
BRMO BGT / IMGeo CityGML loader,nl.b3p.brmo.util.http.wrapper,URLConnectionHttpClientWrapper.new HttpResponseWrapper() {...},22,0,0,0,4,0,4,0,4,0
BRMO BGT / IMGeo CityGML loader,nl.b3p.brmo.util.http.wrapper,Java11HttpClientWrapper.new HttpResponseWrapper() {...},0,27,0,0,0,4,0,4,0,4
BRMO BGT / IMGeo CityGML loader,nl.b3p.brmo.bgt.loader.cli,DownloadCommand,189,436,23,27,41,104,20,17,1,11
BRMO BGT / IMGeo CityGML loader,nl.b3p.brmo.bgt.loader.cli,DatabaseOptions,8,42,0,0,4,16,2,9,2,9
BRMO BGT / IMGeo CityGML loader,nl.b3p.brmo.bgt.loader.cli,ExtractSelectionOptions,0,10,0,0,0,4,0,3,0,3
BRMO BGT / IMGeo CityGML loader,nl.b3p.brmo.bgt.loader.cli,BGTLoaderMain,157,661,14,42,35,159,18,28,6,12
BRMO BGT / IMGeo CityGML loader,nl.b3p.brmo.bgt.loader.cli,LoadOptions,24,63,0,0,12,23,6,13,6,13
BRMO BGT / IMGeo CityGML loader,nl.b3p.brmo.bgt.loader.cli,CustomDownloadProgressReporter,98,78,9,11,18,19,6,7,0,3
BRMO BGT / IMGeo CityGML loader,nl.b3p.brmo.bgt.loader.cli,ConsoleProgressReporter,154,0,8,0,30,0,9,0,5,0
BRMO BGT / IMGeo CityGML loader,nl.b3p.brmo.bgt.loader.cli,FeatureTypeSelectionOptions,55,83,2,8,20,17,5,7,3,4
BRMO BGT / IMGeo CityGML loader,nl.b3p.brmo.bgt.loader.cli,CLIOptions,4,10,2,2,1,3,2,2,0,2
BRMO BGT / IMGeo CityGML loader,nl.b3p.brmo.util.http,HttpSeekableByteChannel,80,332,14,30,19,77,15,22,3,12
BRMO BGT / IMGeo CityGML loader,nl.b3p.brmo.util.http,HttpStartRangeInputStreamProvider,74,145,11,13,16,34,12,10,4,6
BRMO BGT / IMGeo CityGML loader,nl.b3p.brmo.util.http,HttpClientWrapper,1,0,0,0,1,0,1,0,1,0
BRMO BGT / IMGeo CityGML loader,nl.b3p.brmo.util.http,HttpClientWrappers,11,17,2,2,3,4,3,1,1,1
BRMO BGT / IMGeo CityGML loader,nl.b3p.brmo.schema,ObjectTableWriter.Progress,9,66,1,1,4,21,3,6,2,6
BRMO BGT / IMGeo CityGML loader,nl.b3p.brmo.schema,ObjectTableWriter,337,859,28,72,82,206,40,69,19,40
BRMO BGT / IMGeo CityGML loader,nl.b3p.brmo.schema,ObjectType,26,141,0,6,3,46,4,19,4,16
BRMO BGT / IMGeo CityGML loader,nl.b3p.brmo.schema,SchemaObjectInstance,73,20,6,0,17,7,4,3,1,3
BRMO BGT / IMGeo CityGML loader,nl.b3p.brmo.schema,Schema,6,35,1,1,1,8,1,5,0,5
BRMO BGT / IMGeo CityGML loader,nl.b3p.brmo.schema,SchemaSQLMapper,455,381,23,11,86,90,37,20,22,18
BRMO BGT / IMGeo CityGML loader,nl.b3p.brmo.schema,ObjectTableWriter.Stage,0,33,0,0,0,6,0,1,0,1
BRMO BGT / IMGeo CityGML loader,nl.b3p.brmo.util,CountingSeekableByteChannel,133,101,9,9,22,31,14,10,7,8
BRMO BGT / IMGeo CityGML loader,nl.b3p.brmo.util,ResumingInputStream,92,82,6,4,28,25,13,7,9,6
BRMO BGT / IMGeo CityGML loader,nl.b3p.brmo.util,StandardLinearizedWKTWriter,6,19,1,1,1,5,1,2,0,2
BRMO BGT / IMGeo CityGML loader,nl.b3p.brmo.schema.mapping,AttributeColumnMapping,0,75,1,5,0,23,1,14,0,12
BRMO BGT / IMGeo CityGML loader,nl.b3p.brmo.schema.mapping,IntegerAttributeColumnMapping,0,28,0,2,0,9,0,5,0,4
BRMO BGT / IMGeo CityGML loader,nl.b3p.brmo.schema.mapping,ForeignKeyAttributeMapping,13,0,0,0,4,0,2,0,2,0
BRMO BGT / IMGeo CityGML loader,nl.b3p.brmo.schema.mapping,DoubleAttributeColumnMapping,2,19,1,1,1,6,1,3,0,3
BRMO BGT / IMGeo CityGML loader,nl.b3p.brmo.schema.mapping,GeometryAttributeColumnMapping,0,15,0,0,0,5,0,3,0,3
BRMO BGT / IMGeo CityGML loader,nl.b3p.brmo.schema.mapping,OneToManyColumnMapping,0,9,0,0,0,3,0,2,0,2
BRMO BGT / IMGeo CityGML loader,nl.b3p.brmo.schema.mapping,BooleanAttributeColumnMapping,5,24,1,3,1,8,1,4,0,3
BRMO BGT / IMGeo CityGML loader,nl.b3p.brmo.schema.mapping,ArrayAttributeMapping,15,0,0,0,5,0,3,0,3,0
BRMO BGT / IMGeo CityGML loader,nl.b3p.brmo.schema.mapping,SimpleDateFormatAttributeColumnMapping,0,56,0,4,0,13,0,6,0,4
