GROUP,PACKAGE,CLASS,INSTRUCTION_MISSED,INSTRUCTION_COVERED,BRANCH_MISSED,BRANCH_COVERED,LINE_MISSED,LINE_COVERED,COMPLEXITY_MISSED,COMPLEXITY_COVERED,METHOD_MISSED,METHOD_COVERED
BRMO TopNL loader,net.sf.saxon.s9api,ItemType,308,0,0,0,56,0,2,0,2,0
BRMO TopNL loader,net.sf.saxon.s9api,XdmAtomicValue,373,0,58,0,94,0,46,0,17,0
BRMO TopNL loader,net.sf.saxon.s9api,SAXDestination,21,0,0,0,8,0,3,0,3,0
BRMO TopNL loader,net.sf.saxon.s9api,DocumentBuilder.BuildingContentHandlerImpl,20,0,0,0,6,0,2,0,2,0
BRMO TopNL loader,net.sf.saxon.s9api,SchemaManager,76,0,0,0,28,0,9,0,9,0
BRMO TopNL loader,net.sf.saxon.s9api,XdmFunctionItem,97,0,6,0,20,0,8,0,5,0
BRMO TopNL loader,net.sf.saxon.s9api,XdmEmptySequence,13,0,0,0,5,0,4,0,4,0
BRMO TopNL loader,net.sf.saxon.s9api,SchemaValidator,233,0,16,0,62,0,28,0,20,0
BRMO TopNL loader,net.sf.saxon.s9api,DocumentBuilder,361,0,44,0,94,0,42,0,20,0
BRMO TopNL loader,net.sf.saxon.s9api,ItemType.new ItemType() {...},15,0,0,0,5,0,5,0,5,0
BRMO TopNL loader,net.sf.saxon.s9api,ItemType.new ItemType() {...},15,0,0,0,5,0,5,0,5,0
BRMO TopNL loader,net.sf.saxon.s9api,ItemType.new ItemType() {...},11,0,0,0,5,0,5,0,5,0
BRMO TopNL loader,net.sf.saxon.s9api,SequenceType,21,0,0,0,7,0,4,0,4,0
BRMO TopNL loader,net.sf.saxon.s9api,XsltCompiler,138,0,8,0,36,0,18,0,14,0
BRMO TopNL loader,net.sf.saxon.s9api,XdmDestination.TreeProtector,136,0,16,0,40,0,17,0,9,0
BRMO TopNL loader,net.sf.saxon.s9api,ConstructedItemType,57,0,4,0,14,0,8,0,6,0
BRMO TopNL loader,net.sf.saxon.s9api,XQueryExecutable,48,0,0,0,11,0,6,0,6,0
BRMO TopNL loader,net.sf.saxon.s9api,XPathExecutable,113,0,6,0,27,0,12,0,9,0
BRMO TopNL loader,net.sf.saxon.s9api,ItemType.BuiltInAtomicItemType,83,0,10,0,25,0,12,0,7,0
BRMO TopNL loader,net.sf.saxon.s9api,BuildingStreamWriterImpl,26,0,0,0,9,0,2,0,2,0
BRMO TopNL loader,net.sf.saxon.s9api,Processor.ExtensionFunctionDefinitionWrapper,76,0,2,0,17,0,11,0,10,0
BRMO TopNL loader,net.sf.saxon.s9api,XPathExecutable.new Iterator() {...},27,0,0,0,4,0,4,0,4,0
BRMO TopNL loader,net.sf.saxon.s9api,ItemTypeFactory,715,0,110,0,157,0,94,0,13,0
BRMO TopNL loader,net.sf.saxon.s9api,XsltTransformer,392,0,46,0,104,0,52,0,29,0
BRMO TopNL loader,net.sf.saxon.s9api,XsltExecutable.ParameterDetails,30,0,0,0,7,0,4,0,4,0
BRMO TopNL loader,net.sf.saxon.s9api,XdmSequenceIterator,85,0,12,0,28,0,12,0,4,0
BRMO TopNL loader,net.sf.saxon.s9api,XQueryCompiler,410,0,18,0,109,0,41,0,32,0
BRMO TopNL loader,net.sf.saxon.s9api,XdmValue,219,0,26,0,50,0,23,0,10,0
BRMO TopNL loader,net.sf.saxon.s9api,MessageListenerProxy,107,0,10,0,28,0,12,0,7,0
BRMO TopNL loader,net.sf.saxon.s9api,SaxonApiException,44,0,4,0,12,0,7,0,5,0
BRMO TopNL loader,net.sf.saxon.s9api,XdmNode,355,0,37,0,78,0,42,0,19,0
BRMO TopNL loader,net.sf.saxon.s9api,Serializer.Property,338,0,0,0,35,0,4,0,4,0
BRMO TopNL loader,net.sf.saxon.s9api,XsltExecutable,95,0,4,0,20,0,8,0,6,0
BRMO TopNL loader,net.sf.saxon.s9api,Processor,269,0,14,0,78,0,29,0,22,0
BRMO TopNL loader,net.sf.saxon.s9api,Serializer,479,0,34,0,122,0,38,0,21,0
BRMO TopNL loader,net.sf.saxon.s9api,XQueryEvaluator,581,0,54,0,134,0,54,0,27,0
BRMO TopNL loader,net.sf.saxon.s9api,XdmDestination,85,0,10,0,26,0,14,0,9,0
BRMO TopNL loader,net.sf.saxon.s9api,SaxonApiUncheckedException,8,0,0,0,3,0,2,0,2,0
BRMO TopNL loader,net.sf.saxon.s9api,QName,603,0,22,0,110,0,28,0,17,0
BRMO TopNL loader,net.sf.saxon.s9api,OccurrenceIndicator,99,0,12,0,19,0,16,0,6,0
BRMO TopNL loader,net.sf.saxon.s9api,Axis,158,0,0,0,18,0,3,0,3,0
BRMO TopNL loader,net.sf.saxon.s9api,WhitespaceStrippingPolicy.new FilterFactory() {...},14,0,0,0,2,0,2,0,2,0
BRMO TopNL loader,net.sf.saxon.s9api,XPathSelector,168,0,10,0,46,0,15,0,10,0
BRMO TopNL loader,net.sf.saxon.s9api,XdmItem,33,0,2,0,8,0,8,0,7,0
BRMO TopNL loader,net.sf.saxon.s9api,XPathCompiler,763,0,92,0,176,0,76,0,30,0
BRMO TopNL loader,net.sf.saxon.s9api,XdmNodeKind,92,0,0,0,12,0,3,0,3,0
BRMO TopNL loader,net.sf.saxon.s9api,Processor.ExtensionFunctionDefinitionWrapper.new ExtensionFunctionCall() {...},44,0,2,0,9,0,3,0,2,0
BRMO TopNL loader,net.sf.saxon.s9api,WhitespaceStrippingPolicy,45,0,0,0,13,0,5,0,5,0
BRMO TopNL loader,net.sf.saxon.s9api,TeeDestination,28,0,0,0,8,0,3,0,3,0
BRMO TopNL loader,net.sf.saxon.s9api,DOMDestination,21,0,0,0,7,0,3,0,3,0
BRMO TopNL loader,net.sf.saxon.s9api,ValidationMode,82,0,5,0,16,0,8,0,4,0
BRMO TopNL loader,net.sf.saxon.expr.flwor,WhereClausePush,23,0,2,0,9,0,4,0,3,0
BRMO TopNL loader,net.sf.saxon.expr.flwor,SingularityPull,16,0,2,0,6,0,3,0,2,0
BRMO TopNL loader,net.sf.saxon.expr.flwor,FLWORExpression,1624,0,206,0,332,0,135,0,32,0
BRMO TopNL loader,net.sf.saxon.expr.flwor,WhereClausePull,27,0,4,0,10,0,5,0,3,0
BRMO TopNL loader,net.sf.saxon.expr.flwor,TupleExpression,195,0,14,0,38,0,20,0,13,0
BRMO TopNL loader,net.sf.saxon.expr.flwor,TraceClausePull,59,0,2,0,17,0,4,0,3,0
BRMO TopNL loader,net.sf.saxon.expr.flwor,TraceClausePush,57,0,2,0,18,0,4,0,3,0
BRMO TopNL loader,net.sf.saxon.expr.flwor,Clause,19,0,0,0,10,0,9,0,9,0
BRMO TopNL loader,net.sf.saxon.expr.flwor,ClauseInfo,78,0,4,0,23,0,17,0,15,0
BRMO TopNL loader,net.sf.saxon.expr.flwor,ForClausePull,72,0,10,0,20,0,8,0,3,0
BRMO TopNL loader,net.sf.saxon.expr.flwor,ReturnClauseIterator,107,0,10,0,34,0,12,0,7,0
BRMO TopNL loader,net.sf.saxon.expr.flwor,ReturnClausePush,12,0,0,0,6,0,3,0,3,0
BRMO TopNL loader,net.sf.saxon.expr.flwor,FLWORExpression.new ExpressionProcessor() {...},24,0,2,0,4,0,3,0,2,0
BRMO TopNL loader,net.sf.saxon.expr.flwor,FLWORExpression.new ExpressionProcessor() {...},14,0,0,0,2,0,2,0,2,0
BRMO TopNL loader,net.sf.saxon.expr.flwor,FLWORExpression.new ExpressionProcessor() {...},19,0,0,0,2,0,2,0,2,0
BRMO TopNL loader,net.sf.saxon.expr.flwor,FLWORExpression.new ExpressionProcessor() {...},16,0,0,0,3,0,2,0,2,0
BRMO TopNL loader,net.sf.saxon.expr.flwor,FLWORExpression.new ExpressionProcessor() {...},34,0,4,0,4,0,4,0,2,0
BRMO TopNL loader,net.sf.saxon.expr.flwor,FLWORExpression.new ExpressionProcessor() {...},19,0,2,0,5,0,3,0,2,0
BRMO TopNL loader,net.sf.saxon.expr.flwor,FLWORExpression.new ExpressionProcessor() {...},29,0,2,0,5,0,3,0,2,0
BRMO TopNL loader,net.sf.saxon.expr.flwor,FLWORExpression.new ExpressionProcessor() {...},16,0,0,0,2,0,2,0,2,0
BRMO TopNL loader,net.sf.saxon.expr.flwor,FLWORExpression.new ExpressionProcessor() {...},19,0,0,0,2,0,2,0,2,0
BRMO TopNL loader,net.sf.saxon.expr.flwor,ForClausePush,53,0,4,0,15,0,5,0,3,0
BRMO TopNL loader,net.sf.saxon.expr.flwor,LetClausePush,32,0,0,0,10,0,3,0,3,0
BRMO TopNL loader,net.sf.saxon.expr.flwor,OrderByClause,275,0,22,0,54,0,24,0,13,0
BRMO TopNL loader,net.sf.saxon.expr.flwor,LetClausePull,36,0,2,0,11,0,4,0,3,0
BRMO TopNL loader,net.sf.saxon.expr.flwor,LocalVariableBinding,73,0,4,0,24,0,16,0,14,0
BRMO TopNL loader,net.sf.saxon.expr.flwor,LetClause,231,0,14,0,55,0,24,0,17,0
BRMO TopNL loader,net.sf.saxon.expr.flwor,ForClauseOuterPull,97,0,14,0,25,0,10,0,3,0
BRMO TopNL loader,net.sf.saxon.expr.flwor,OrderByClausePull,246,0,14,0,48,0,12,0,5,0
BRMO TopNL loader,net.sf.saxon.expr.flwor,WhereClause,133,0,4,0,33,0,16,0,14,0
BRMO TopNL loader,net.sf.saxon.expr.flwor,ForClauseOuterPush,81,0,8,0,21,0,7,0,3,0
BRMO TopNL loader,net.sf.saxon.expr.flwor,OrderByClausePush,240,0,10,0,44,0,10,0,5,0
BRMO TopNL loader,net.sf.saxon.expr.flwor,FLWORExpression.new Object() {...},9,0,0,0,2,0,1,0,1,0
BRMO TopNL loader,net.sf.saxon.expr.flwor,TraceClause,62,0,0,0,17,0,10,0,10,0
BRMO TopNL loader,net.sf.saxon.expr.flwor,TuplePush,4,0,0,0,2,0,2,0,2,0
BRMO TopNL loader,net.sf.saxon.expr.flwor,TuplePull,4,0,0,0,2,0,2,0,2,0
BRMO TopNL loader,net.sf.saxon.expr.flwor,Tuple,9,0,0,0,3,0,2,0,2,0
BRMO TopNL loader,net.sf.saxon.expr.flwor,ForClause,749,0,88,0,157,0,67,0,23,0
BRMO TopNL loader,net.sf.saxon.pattern,IntersectPattern,79,0,10,0,13,0,10,0,5,0
BRMO TopNL loader,net.sf.saxon.pattern,Pattern,242,0,10,0,67,0,37,0,30,0
BRMO TopNL loader,net.sf.saxon.pattern,ExceptPattern,79,0,10,0,13,0,10,0,5,0
BRMO TopNL loader,net.sf.saxon.pattern,DocumentNodeTest,127,0,18,0,32,0,21,0,12,0
BRMO TopNL loader,net.sf.saxon.pattern,PatternParser,437,0,75,0,108,0,51,0,11,0
BRMO TopNL loader,net.sf.saxon.pattern,CombinedNodeTest,716,0,170,0,105,0,112,0,21,0
BRMO TopNL loader,net.sf.saxon.pattern,NodeKindTest,211,0,51,0,65,0,57,0,16,0
BRMO TopNL loader,net.sf.saxon.pattern,NamespaceTest,135,0,22,0,19,0,24,0,13,0
BRMO TopNL loader,net.sf.saxon.pattern,PatternWithPredicate,72,0,2,0,17,0,7,0,6,0
BRMO TopNL loader,net.sf.saxon.pattern,ContentTypeTest,310,0,68,0,57,0,55,0,21,0
BRMO TopNL loader,net.sf.saxon.pattern,NameTest,344,0,45,0,58,0,44,0,20,0
BRMO TopNL loader,net.sf.saxon.pattern,ItemTypePattern,78,0,10,0,18,0,15,0,10,0
BRMO TopNL loader,net.sf.saxon.pattern,AnchorPattern,38,0,6,0,10,0,10,0,7,0
BRMO TopNL loader,net.sf.saxon.pattern,IdrefTest,39,0,0,0,9,0,5,0,5,0
BRMO TopNL loader,net.sf.saxon.pattern,LocationPathPattern,1312,0,206,0,288,0,135,0,31,0
BRMO TopNL loader,net.sf.saxon.pattern,NodeSetPattern,156,0,18,0,37,0,21,0,12,0
BRMO TopNL loader,net.sf.saxon.pattern,AnyChildNodeTest,75,0,26,0,11,0,22,0,9,0
BRMO TopNL loader,net.sf.saxon.pattern,LocalNameTest,134,0,24,0,17,0,24,0,12,0
BRMO TopNL loader,net.sf.saxon.pattern,UnionPattern,79,0,10,0,13,0,10,0,5,0
BRMO TopNL loader,net.sf.saxon.pattern,EmptySequenceTest,29,0,0,0,13,0,13,0,13,0
BRMO TopNL loader,net.sf.saxon.pattern,AnyNodeTest,42,0,4,0,12,0,14,0,12,0
BRMO TopNL loader,net.sf.saxon.pattern,ConditionalPattern,463,0,44,0,82,0,40,0,18,0
BRMO TopNL loader,net.sf.saxon.pattern,VennPattern,372,0,32,0,87,0,39,0,23,0
BRMO TopNL loader,net.sf.saxon.pattern,NodeTest,75,0,6,0,22,0,22,0,19,0
BRMO TopNL loader,net.sf.saxon.pattern,PatternSponsor,123,0,4,0,32,0,25,0,23,0
BRMO TopNL loader,net.sf.saxon.pattern,UnionQNameTest,23,0,4,0,7,0,4,0,2,0
BRMO TopNL loader,net.sf.saxon.pattern,Pattern.new ItemMappingFunction() {...},20,0,2,0,4,0,3,0,2,0
BRMO TopNL loader,net.sf.saxon.pattern,Pattern.new MappingFunction() {...},14,0,0,0,2,0,2,0,2,0
BRMO TopNL loader,net.sf.saxon.pattern,Pattern.new ItemMappingFunction() {...},20,0,2,0,4,0,3,0,2,0
BRMO TopNL loader,net.sf.saxon.pattern,Pattern.new ItemMappingFunction() {...},20,0,2,0,4,0,3,0,2,0
BRMO TopNL loader,net.sf.saxon.pattern,Pattern.new MappingFunction() {...},10,0,0,0,2,0,2,0,2,0
BRMO TopNL loader,net.sf.saxon.pattern,IdrefTest.new MappingFunction() {...},16,0,0,0,2,0,2,0,2,0
BRMO TopNL loader,net.sf.saxon.pattern,IdrefTest.new ItemMappingFunction() {...},16,0,2,0,4,0,3,0,2,0
BRMO TopNL loader,net.sf.saxon.pattern,PatternMaker,545,0,102,0,118,0,54,0,3,0
BRMO TopNL loader,net.sf.saxon.lib,StandardURIResolver.new FilterFactory() {...},16,0,0,0,2,0,2,0,2,0
BRMO TopNL loader,net.sf.saxon.lib,ParseOptions,657,0,90,0,186,0,96,0,51,0
BRMO TopNL loader,net.sf.saxon.lib,StandardErrorHandler,194,0,10,0,44,0,14,0,9,0
BRMO TopNL loader,net.sf.saxon.lib,StandardCollationURIResolver,104,0,10,0,29,0,9,0,4,0
BRMO TopNL loader,net.sf.saxon.lib,SaxonOutputKeys,639,0,156,0,144,0,90,0,12,0
BRMO TopNL loader,net.sf.saxon.lib,ExtensionFunctionDefinition,16,0,0,0,6,0,6,0,6,0
BRMO TopNL loader,net.sf.saxon.lib,StandardURIResolver,318,0,44,0,84,0,33,0,11,0
BRMO TopNL loader,net.sf.saxon.lib,Validation,42,0,14,0,16,0,11,0,2,0
BRMO TopNL loader,net.sf.saxon.lib,StandardErrorListener,1093,0,193,0,246,0,114,0,17,0
BRMO TopNL loader,net.sf.saxon.lib,LocalizerFactory,6,0,0,0,3,0,3,0,3,0
BRMO TopNL loader,net.sf.saxon.lib,NamespaceConstant,237,0,80,0,45,0,44,0,4,0
BRMO TopNL loader,net.sf.saxon.lib,AugmentedSource,216,0,10,0,70,0,44,0,39,0
BRMO TopNL loader,net.sf.saxon.lib,StandardCollectionURIResolver.FileExpander,344,0,42,0,89,0,23,0,2,0
BRMO TopNL loader,net.sf.saxon.lib,StandardURIChecker,91,0,6,0,25,0,8,0,5,0
BRMO TopNL loader,net.sf.saxon.lib,ConversionRules,154,0,12,0,42,0,20,0,14,0
BRMO TopNL loader,net.sf.saxon.lib,ExtensionFunctionCall,30,0,0,0,11,0,9,0,9,0
BRMO TopNL loader,net.sf.saxon.lib,StandardEntityResolver,603,0,20,0,156,0,17,0,7,0
BRMO TopNL loader,net.sf.saxon.lib,StandardOutputResolver,183,0,16,0,50,0,14,0,6,0
BRMO TopNL loader,net.sf.saxon.lib,StandardModuleURIResolver,217,0,22,0,54,0,16,0,5,0
BRMO TopNL loader,net.sf.saxon.lib,FeatureKeys,3,0,0,0,1,0,1,0,1,0
BRMO TopNL loader,net.sf.saxon.lib,StandardUnparsedTextResolver,650,0,132,0,129,0,71,0,5,0
BRMO TopNL loader,net.sf.saxon.lib,StandardCollectionURIResolver,431,0,46,0,103,0,28,0,5,0
BRMO TopNL loader,net.sf.saxon.lib,SerializerFactory,752,0,98,0,188,0,78,0,29,0
BRMO TopNL loader,net.sf.saxon.lib,StandardCollectionURIResolver.new ItemMappingFunction() {...},112,0,8,0,22,0,6,0,2,0
BRMO TopNL loader,net.sf.saxon.lib,StandardCollectionURIResolver.new ErrorListener() {...},36,0,0,0,10,0,4,0,4,0
BRMO TopNL loader,net.sf.saxon.lib,StandardCollectionURIResolver.new ErrorListener() {...},9,0,0,0,4,0,4,0,4,0
BRMO TopNL loader,net.sf.saxon.dom,DOMTransform,84,0,2,0,22,0,4,0,3,0
BRMO TopNL loader,net.sf.saxon.dom,TextOverNodeInfo,97,0,12,0,32,0,19,0,13,0
BRMO TopNL loader,net.sf.saxon.dom,TextOverAttrInfo,55,0,8,0,16,0,9,0,5,0
BRMO TopNL loader,net.sf.saxon.dom,DocumentWrapper,305,0,50,0,74,0,40,0,15,0
BRMO TopNL loader,net.sf.saxon.dom,DOMObjectModel,563,0,108,0,124,0,71,0,17,0
BRMO TopNL loader,net.sf.saxon.dom,ElementOverNodeInfo,199,0,32,0,61,0,37,0,21,0
BRMO TopNL loader,net.sf.saxon.dom,DOMExceptionImpl,5,0,0,0,2,0,1,0,1,0
BRMO TopNL loader,net.sf.saxon.dom,NodeOverNodeInfo,592,0,106,0,163,0,103,0,43,0
BRMO TopNL loader,net.sf.saxon.dom,DOMEnvelope.new PJConverter() {...},10,0,0,0,2,0,2,0,2,0
BRMO TopNL loader,net.sf.saxon.dom,DOMEnvelope.new PJConverter() {...},10,0,0,0,2,0,2,0,2,0
BRMO TopNL loader,net.sf.saxon.dom,DOMEnvelope.new JPConverter() {...},13,0,0,0,3,0,3,0,3,0
BRMO TopNL loader,net.sf.saxon.dom,DocumentOverNodeInfo,207,0,26,0,74,0,47,0,34,0
BRMO TopNL loader,net.sf.saxon.dom,DOMNodeList,25,0,4,0,7,0,5,0,3,0
BRMO TopNL loader,net.sf.saxon.dom,PIOverNodeInfo,13,0,0,0,5,0,4,0,4,0
BRMO TopNL loader,net.sf.saxon.dom,DOMSender,612,0,78,0,144,0,58,0,14,0
BRMO TopNL loader,net.sf.saxon.dom,DOMImplementationImpl,40,0,14,0,7,0,12,0,5,0
BRMO TopNL loader,net.sf.saxon.dom,NodeWrapper.AttributeEnumeration,147,0,16,0,28,0,20,0,12,0
BRMO TopNL loader,net.sf.saxon.dom,AttrOverNodeInfo,109,0,12,0,25,0,18,0,12,0
BRMO TopNL loader,net.sf.saxon.dom,DocumentBuilderFactoryImpl,181,0,24,0,49,0,22,0,10,0
BRMO TopNL loader,net.sf.saxon.dom,TypeInfoImpl,69,0,8,0,15,0,8,0,4,0
BRMO TopNL loader,net.sf.saxon.dom,NodeWrapper,1260,0,210,0,320,0,165,0,47,0
BRMO TopNL loader,net.sf.saxon.dom,DocumentBuilderImpl,152,0,10,0,42,0,23,0,18,0
BRMO TopNL loader,net.sf.saxon.dom,DOMWriter,359,0,46,0,96,0,45,0,22,0
BRMO TopNL loader,net.sf.saxon.dom,DOMObjectModel.new PJConverter() {...},11,0,0,0,2,0,2,0,2,0
BRMO TopNL loader,net.sf.saxon.dom,DOMObjectModel.new PJConverter() {...},11,0,0,0,2,0,2,0,2,0
BRMO TopNL loader,net.sf.saxon.dom,DOMObjectModel.new PJConverter() {...},11,0,0,0,2,0,2,0,2,0
BRMO TopNL loader,net.sf.saxon.dom,DOMObjectModel.new JPConverter() {...},16,0,0,0,3,0,3,0,3,0
BRMO TopNL loader,net.sf.saxon.dom,DOMObjectModel.new JPConverter() {...},44,0,2,0,10,0,5,0,4,0
BRMO TopNL loader,net.sf.saxon.dom,DOMObjectModel.new JPConverter() {...},16,0,0,0,3,0,3,0,3,0
BRMO TopNL loader,net.sf.saxon.dom,NodeWrapper.ChildEnumeration,308,0,44,0,76,0,30,0,7,0
BRMO TopNL loader,net.sf.saxon.dom,DOMEnvelope,145,0,24,0,42,0,25,0,13,0
BRMO TopNL loader,net.sf.saxon.dom,DOMAttributeMap,342,0,54,0,92,0,37,0,10,0
BRMO TopNL loader,net.sf.saxon.pull,StaxBridge,884,0,114,0,237,0,97,0,31,0
BRMO TopNL loader,net.sf.saxon.pull,PullFilter,83,0,2,0,25,0,19,0,18,0
BRMO TopNL loader,net.sf.saxon.pull,PullConsumer,12,0,2,0,5,0,3,0,2,0
BRMO TopNL loader,net.sf.saxon.pull,PullPushTee,308,0,32,0,70,0,25,0,4,0
BRMO TopNL loader,net.sf.saxon.pull,StaxBridge.StaxAttributes,239,0,24,0,47,0,33,0,21,0
BRMO TopNL loader,net.sf.saxon.pull,NamespaceContextImpl,86,0,10,0,25,0,11,0,6,0
BRMO TopNL loader,net.sf.saxon.pull,PullPushCopier,43,0,0,0,12,0,3,0,3,0
BRMO TopNL loader,net.sf.saxon.pull,StaxBridge.StaxErrorReporter,46,0,0,0,9,0,2,0,2,0
BRMO TopNL loader,net.sf.saxon.pull,PullSource,24,0,2,0,9,0,5,0,4,0
BRMO TopNL loader,net.sf.saxon.pull,UnparsedEntity,31,0,0,0,13,0,9,0,9,0
BRMO TopNL loader,net.sf.saxon.trans,KeyDefinitionSet,102,0,18,0,24,0,15,0,6,0
BRMO TopNL loader,net.sf.saxon.trans,ShallowSkipRuleSet,45,0,6,0,14,0,6,0,3,0
BRMO TopNL loader,net.sf.saxon.trans,XmlCatalogResolver.new Debug() {...},66,0,6,0,11,0,7,0,4,0
BRMO TopNL loader,net.sf.saxon.trans,Timer,56,0,0,0,12,0,3,0,3,0
BRMO TopNL loader,net.sf.saxon.trans,UncheckedXPathException,9,0,0,0,4,0,2,0,2,0
BRMO TopNL loader,net.sf.saxon.trans,SaxonErrorCode,3,0,0,0,1,0,1,0,1,0
BRMO TopNL loader,net.sf.saxon.trans,TextOnlyCopyRuleSet,64,0,9,0,18,0,8,0,3,0
BRMO TopNL loader,net.sf.saxon.trans,XPathException,345,0,44,0,74,0,54,0,32,0
BRMO TopNL loader,net.sf.saxon.trans,DecimalFormatManager,160,0,16,0,41,0,16,0,8,0
BRMO TopNL loader,net.sf.saxon.trans,RuleManager,351,0,42,0,79,0,33,0,12,0
BRMO TopNL loader,net.sf.saxon.trans,Mode.new Mode.RuleFilter() {...},27,0,4,0,3,0,4,0,2,0
BRMO TopNL loader,net.sf.saxon.trans,Mode.new Mode.RuleFilter() {...},28,0,6,0,3,0,5,0,2,0
BRMO TopNL loader,net.sf.saxon.trans,Mode.new Mode.RuleAction() {...},55,0,6,0,11,0,5,0,2,0
BRMO TopNL loader,net.sf.saxon.trans,Mode.new Mode.RuleAction() {...},92,0,4,0,11,0,4,0,2,0
BRMO TopNL loader,net.sf.saxon.trans,Mode.new Mode.RuleAction() {...},14,0,0,0,3,0,2,0,2,0
BRMO TopNL loader,net.sf.saxon.trans,CommandLineOptions,1868,0,252,0,372,0,147,0,17,0
BRMO TopNL loader,net.sf.saxon.trans,Rule,146,0,10,0,47,0,22,0,17,0
BRMO TopNL loader,net.sf.saxon.trans,ConfigurationReader,1557,0,150,0,346,0,104,0,29,0
BRMO TopNL loader,net.sf.saxon.trans,XmlCatalogResolver,37,0,2,0,13,0,3,0,2,0
BRMO TopNL loader,net.sf.saxon.trans,Err,381,0,50,0,62,0,36,0,5,0
BRMO TopNL loader,net.sf.saxon.trans,LicenseException,14,0,0,0,6,0,3,0,3,0
BRMO TopNL loader,net.sf.saxon.trans,Mode.RuleSorter,91,0,6,0,16,0,8,0,5,0
BRMO TopNL loader,net.sf.saxon.trans,KeyDefinition,105,0,8,0,41,0,22,0,18,0
BRMO TopNL loader,net.sf.saxon.trans,DecimalSymbols,367,0,36,0,39,0,25,0,7,0
BRMO TopNL loader,net.sf.saxon.trans,NoDynamicContextException,11,0,0,0,2,0,1,0,1,0
BRMO TopNL loader,net.sf.saxon.trans,Mode,1611,0,239,0,379,0,159,0,30,0
BRMO TopNL loader,net.sf.saxon.trans,KeyManager,1037,0,138,0,237,0,85,0,16,0
BRMO TopNL loader,net.sf.saxon.trans,CompilerInfo,182,0,8,0,57,0,31,0,27,0
BRMO TopNL loader,net.sf.saxon.trans,DynamicLoader,177,0,14,0,40,0,14,0,7,0
BRMO TopNL loader,net.sf.saxon.trans,StripSpaceRules,262,0,40,0,66,0,25,0,5,0
BRMO TopNL loader,net.sf.saxon.trans,XPathException.Circularity,4,0,0,0,2,0,1,0,1,0
BRMO TopNL loader,nl.b3p.topnl.converters,Top250NLConverter,117,984,31,59,9,204,31,34,1,19
BRMO TopNL loader,nl.b3p.topnl.converters,Converter,0,8,0,0,0,2,0,1,0,1
BRMO TopNL loader,nl.b3p.topnl.converters,Top100NLConverter,186,806,27,45,27,166,27,29,3,17
BRMO TopNL loader,nl.b3p.topnl.converters,ConverterFactory,31,82,3,7,3,23,3,8,0,3
BRMO TopNL loader,nl.b3p.topnl.converters,GeometryConverter,20,92,3,3,4,21,3,3,0,3
BRMO TopNL loader,nl.b3p.topnl.converters,Top50NLConverter,186,806,27,45,27,166,27,29,3,17
BRMO TopNL loader,nl.b3p.topnl.converters,Top10NLConverter,166,1196,41,83,18,237,38,44,0,20
BRMO TopNL loader,nl.b3p.topnl.converters,DbUtilsGeometryColumnConverter,0,29,0,2,0,8,0,4,0,3
BRMO TopNL loader,net.sf.saxon.tree.wrapper,VirtualUntypedCopy.VirtualUntypedCopier,28,0,0,0,5,0,3,0,3,0
BRMO TopNL loader,net.sf.saxon.tree.wrapper,SpaceStrippedDocument,131,0,12,0,37,0,20,0,14,0
BRMO TopNL loader,net.sf.saxon.tree.wrapper,TypeStrippedNode,131,0,12,0,33,0,19,0,13,0
BRMO TopNL loader,net.sf.saxon.tree.wrapper,TypeStrippedDocument,96,0,8,0,27,0,17,0,13,0
BRMO TopNL loader,net.sf.saxon.tree.wrapper,WrappingIterator,87,0,6,0,21,0,14,0,11,0
BRMO TopNL loader,net.sf.saxon.tree.wrapper,VirtualUntypedCopy,102,0,16,0,28,0,17,0,8,0
BRMO TopNL loader,net.sf.saxon.tree.wrapper,VirtualCopy,366,0,42,0,86,0,66,0,45,0
BRMO TopNL loader,net.sf.saxon.tree.wrapper,SpaceStrippedNode,197,0,20,0,46,0,22,0,11,0
BRMO TopNL loader,net.sf.saxon.tree.wrapper,VirtualCopy.VirtualCopier,124,0,12,0,33,0,19,0,13,0
BRMO TopNL loader,net.sf.saxon.tree.wrapper,SpaceStrippedNode.StrippingIterator,179,0,28,0,46,0,26,0,12,0
BRMO TopNL loader,net.sf.saxon.tree.wrapper,VirtualDocumentCopy,76,0,8,0,20,0,11,0,7,0
BRMO TopNL loader,net.sf.saxon.tree.wrapper,AbstractVirtualNode,202,0,10,0,48,0,44,0,39,0
BRMO TopNL loader,net.sf.saxon.expr,StackFrame,82,0,4,0,21,0,10,0,8,0
BRMO TopNL loader,net.sf.saxon.expr,LetExpression,919,0,106,0,209,0,83,0,30,0
BRMO TopNL loader,net.sf.saxon.expr,CardinalityChecker,502,0,54,0,111,0,48,0,21,0
BRMO TopNL loader,net.sf.saxon.expr,PJConverter.IntegerValueToInt,32,0,6,0,5,0,6,0,3,0
BRMO TopNL loader,net.sf.saxon.expr,SingleItemFilter,51,0,6,0,12,0,7,0,4,0
BRMO TopNL loader,net.sf.saxon.expr,Calculator.IntegerTimesInteger,11,0,0,0,3,0,3,0,3,0
BRMO TopNL loader,net.sf.saxon.expr,JPConverter.FromFloat,17,0,0,0,4,0,4,0,4,0
BRMO TopNL loader,net.sf.saxon.expr,PJConverter.UnwrapExternalObject,62,0,4,0,9,0,5,0,3,0
BRMO TopNL loader,net.sf.saxon.expr,Calculator.FloatTimesFloat,16,0,0,0,3,0,3,0,3,0
BRMO TopNL loader,net.sf.saxon.expr,Calculator.AnyMinusAny,51,0,2,0,7,0,4,0,3,0
BRMO TopNL loader,net.sf.saxon.expr,Calculator.DoubleDivDouble,16,0,0,0,3,0,3,0,3,0
BRMO TopNL loader,net.sf.saxon.expr,ItemMappingIterator,135,0,8,0,37,0,16,0,12,0
BRMO TopNL loader,net.sf.saxon.expr,PJConverter.IntegerValueToLong,31,0,6,0,5,0,6,0,3,0
BRMO TopNL loader,net.sf.saxon.expr,UserFunctionCall,858,0,108,0,199,0,93,0,39,0
BRMO TopNL loader,net.sf.saxon.expr,CurrentItemExpression,5,0,0,0,2,0,2,0,2,0
BRMO TopNL loader,net.sf.saxon.expr,Calculator.DurationTimesNumeric,9,0,0,0,2,0,2,0,2,0
BRMO TopNL loader,net.sf.saxon.expr,Calculator.DecimalTimesDecimal,28,0,4,0,5,0,5,0,3,0
BRMO TopNL loader,net.sf.saxon.expr,AdjacentTextNodeMerger,284,0,48,0,74,0,34,0,10,0
BRMO TopNL loader,net.sf.saxon.expr,Calculator.DateTimeMinusDuration,10,0,0,0,2,0,2,0,2,0
BRMO TopNL loader,net.sf.saxon.expr,PJConverter.ToSequenceIterator,11,0,0,0,3,0,3,0,3,0
BRMO TopNL loader,net.sf.saxon.expr,Calculator.DecimalDivDecimal,11,0,0,0,3,0,3,0,3,0
BRMO TopNL loader,net.sf.saxon.expr,ForExpression.MappingAction,126,0,4,0,24,0,7,0,5,0
BRMO TopNL loader,net.sf.saxon.expr,Calculator.FloatIdivFloat,58,0,8,0,11,0,7,0,3,0
BRMO TopNL loader,net.sf.saxon.expr,FilterExpression,2348,0,296,0,441,0,189,0,36,0
BRMO TopNL loader,net.sf.saxon.expr,PJConverter.StringValueToChar,33,0,2,0,9,0,4,0,3,0
BRMO TopNL loader,net.sf.saxon.expr,Assignation,547,0,62,0,134,0,66,0,35,0
BRMO TopNL loader,net.sf.saxon.expr,JPConverter.FromCharArray,18,0,0,0,4,0,4,0,4,0
BRMO TopNL loader,net.sf.saxon.expr,Calculator.DurationPlusDuration,8,0,0,0,2,0,2,0,2,0
BRMO TopNL loader,net.sf.saxon.expr,JPConverter.FromDate,14,0,0,0,4,0,4,0,4,0
BRMO TopNL loader,net.sf.saxon.expr,PJConverter.BooleanValueToBoolean,31,0,6,0,5,0,6,0,3,0
BRMO TopNL loader,net.sf.saxon.expr,JPConverter.FromString,16,0,0,0,4,0,4,0,4,0
BRMO TopNL loader,net.sf.saxon.expr,ForExpression,1525,0,189,0,315,0,126,0,31,0
BRMO TopNL loader,net.sf.saxon.expr,PJConverter.ToSequenceExtent,12,0,0,0,3,0,3,0,3,0
BRMO TopNL loader,net.sf.saxon.expr,GeneralComparison20,47,0,0,0,9,0,3,0,3,0
BRMO TopNL loader,net.sf.saxon.expr,JPConverter.FromSequenceIterator,16,0,0,0,5,0,5,0,5,0
BRMO TopNL loader,net.sf.saxon.expr,GeneralComparison10,711,0,124,0,157,0,75,0,13,0
BRMO TopNL loader,net.sf.saxon.expr,Literal,532,0,88,0,132,0,75,0,31,0
BRMO TopNL loader,net.sf.saxon.expr,ReverseRangeIterator,98,0,8,0,20,0,14,0,10,0
BRMO TopNL loader,net.sf.saxon.expr,ItemChecker,426,0,45,0,90,0,41,0,18,0
BRMO TopNL loader,net.sf.saxon.expr,MappingIterator,121,0,14,0,39,0,14,0,7,0
BRMO TopNL loader,net.sf.saxon.expr,StringLiteral,26,0,0,0,8,0,4,0,4,0
BRMO TopNL loader,net.sf.saxon.expr,AtomicSequenceConverter.UntypedConverter,20,0,2,0,7,0,3,0,2,0
BRMO TopNL loader,net.sf.saxon.expr,MonoIterator,33,0,4,0,10,0,6,0,4,0
BRMO TopNL loader,net.sf.saxon.expr,PJConverter.ToNull,10,0,0,0,3,0,3,0,3,0
BRMO TopNL loader,net.sf.saxon.expr,JPConverter.FromLongArray,41,0,2,0,8,0,6,0,5,0
BRMO TopNL loader,net.sf.saxon.expr,JPConverter.FromBoolean,15,0,0,0,4,0,4,0,4,0
BRMO TopNL loader,net.sf.saxon.expr,CardinalityCheckingIterator,201,0,22,0,44,0,19,0,8,0
BRMO TopNL loader,net.sf.saxon.expr,Calculator.AnyIdivAny,51,0,2,0,7,0,4,0,3,0
BRMO TopNL loader,net.sf.saxon.expr,ValueTailIterator,80,0,4,0,16,0,11,0,9,0
BRMO TopNL loader,net.sf.saxon.expr,Calculator.AnyDivAny,51,0,2,0,7,0,4,0,3,0
BRMO TopNL loader,net.sf.saxon.expr,BooleanExpression,199,0,30,0,43,0,25,0,10,0
BRMO TopNL loader,net.sf.saxon.expr,QuantifiedExpression,398,0,30,0,89,0,32,0,17,0
BRMO TopNL loader,net.sf.saxon.expr,JPConverter.WrapExternalObject,20,0,0,0,6,0,4,0,4,0
BRMO TopNL loader,net.sf.saxon.expr,ArithmeticExpression10,744,0,88,0,135,0,53,0,9,0
BRMO TopNL loader,net.sf.saxon.expr,Calculator.DoubleModDouble,16,0,0,0,3,0,3,0,3,0
BRMO TopNL loader,net.sf.saxon.expr,Calculator.FloatModFloat,16,0,0,0,3,0,3,0,3,0
BRMO TopNL loader,net.sf.saxon.expr,AxisExpression,1898,0,294,0,373,0,172,0,25,0
BRMO TopNL loader,net.sf.saxon.expr,JPConverter.FromDouble,17,0,0,0,4,0,4,0,4,0
BRMO TopNL loader,net.sf.saxon.expr,RangeIterator,106,0,8,0,21,0,15,0,11,0
BRMO TopNL loader,net.sf.saxon.expr,GeneralComparison10.new ItemMappingFunction() {...},15,0,0,0,2,0,2,0,2,0
BRMO TopNL loader,net.sf.saxon.expr,Calculator,737,0,18,0,94,0,15,0,6,0
BRMO TopNL loader,net.sf.saxon.expr,JPConverter.FromByteArray,44,0,2,0,8,0,6,0,5,0
BRMO TopNL loader,net.sf.saxon.expr,JPConverter.FromIntArray,42,0,2,0,8,0,6,0,5,0
BRMO TopNL loader,net.sf.saxon.expr,RangeExpression,230,0,22,0,50,0,20,0,9,0
BRMO TopNL loader,net.sf.saxon.expr,JPConverter.FromQName,23,0,0,0,5,0,4,0,4,0
BRMO TopNL loader,net.sf.saxon.expr,AxisAtomizingIterator,105,0,10,0,36,0,12,0,7,0
BRMO TopNL loader,net.sf.saxon.expr,PJConverter.ToArray,58,0,6,0,16,0,5,0,2,0
BRMO TopNL loader,net.sf.saxon.expr,PJConverter.IntegerValueToChar,33,0,6,0,5,0,6,0,3,0
BRMO TopNL loader,net.sf.saxon.expr,CollationMap,92,0,12,0,27,0,13,0,7,0
BRMO TopNL loader,net.sf.saxon.expr,UnionEnumeration,186,0,16,0,46,0,17,0,9,0
BRMO TopNL loader,net.sf.saxon.expr,PJConverter.CalendarValueToCalendar,30,0,6,0,5,0,6,0,3,0
BRMO TopNL loader,net.sf.saxon.expr,JPConverter,281,0,20,0,60,0,14,0,4,0
BRMO TopNL loader,net.sf.saxon.expr,Calculator.IntegerModInteger,11,0,0,0,3,0,3,0,3,0
BRMO TopNL loader,net.sf.saxon.expr,EmptyTextNodeRemover,51,0,6,0,11,0,11,0,8,0
BRMO TopNL loader,net.sf.saxon.expr,ValueComparison,1681,0,314,0,295,0,191,0,24,0
BRMO TopNL loader,net.sf.saxon.expr,JPConverter.FromURI,16,0,0,0,4,0,4,0,4,0
BRMO TopNL loader,net.sf.saxon.expr,Expression,892,0,130,0,261,0,135,0,70,0
BRMO TopNL loader,net.sf.saxon.expr,ParentNodeExpression,67,0,4,0,20,0,12,0,10,0
BRMO TopNL loader,net.sf.saxon.expr,GeneralComparison,1476,0,194,0,312,0,131,0,27,0
BRMO TopNL loader,net.sf.saxon.expr,JPConverter.FromDoubleArray,42,0,2,0,8,0,6,0,5,0
BRMO TopNL loader,net.sf.saxon.expr,PJConverter.Atomic,34,0,2,0,8,0,4,0,3,0
BRMO TopNL loader,net.sf.saxon.expr,AtomicSequenceConverter.new Converter() {...},45,0,2,0,5,0,3,0,2,0
BRMO TopNL loader,net.sf.saxon.expr,AtomicSequenceConverter.AtomicSequenceMappingFunction,13,0,0,0,4,0,3,0,3,0
BRMO TopNL loader,net.sf.saxon.expr,AtomicSequenceConverter.new Converter() {...},34,0,0,0,5,0,2,0,2,0
BRMO TopNL loader,net.sf.saxon.expr,ErrorIterator,18,0,0,0,9,0,7,0,7,0
BRMO TopNL loader,net.sf.saxon.expr,HomogeneityChecker,137,0,18,0,29,0,15,0,6,0
BRMO TopNL loader,net.sf.saxon.expr,Calculator.DecimalPlusDecimal,28,0,4,0,5,0,5,0,3,0
BRMO TopNL loader,net.sf.saxon.expr,SingletonIntersectExpression,83,0,12,0,25,0,12,0,6,0
BRMO TopNL loader,net.sf.saxon.expr,JPConverter.FromFloatArray,43,0,2,0,8,0,6,0,5,0
BRMO TopNL loader,net.sf.saxon.expr,JPConverter.FromBigDecimal,16,0,0,0,4,0,4,0,4,0
BRMO TopNL loader,net.sf.saxon.expr,Calculator.IntegerPlusInteger,11,0,0,0,3,0,3,0,3,0
BRMO TopNL loader,net.sf.saxon.expr,CastExpression,1052,0,154,0,219,0,91,0,14,0
BRMO TopNL loader,net.sf.saxon.expr,Calculator.FloatDivFloat,16,0,0,0,3,0,3,0,3,0
BRMO TopNL loader,net.sf.saxon.expr,MultiIterator,44,0,4,0,11,0,6,0,4,0
BRMO TopNL loader,net.sf.saxon.expr,RootExpression,86,0,8,0,27,0,16,0,12,0
BRMO TopNL loader,net.sf.saxon.expr,ErrorExpression,73,0,0,0,23,0,11,0,11,0
BRMO TopNL loader,net.sf.saxon.expr,ItemTypeCheckingFunction,112,0,8,0,25,0,7,0,3,0
BRMO TopNL loader,net.sf.saxon.expr,NegateExpression,101,0,10,0,24,0,14,0,9,0
BRMO TopNL loader,net.sf.saxon.expr,VennExpression,913,0,164,0,155,0,106,0,17,0
BRMO TopNL loader,net.sf.saxon.expr,FunctionCall,556,0,74,0,122,0,60,0,23,0
BRMO TopNL loader,net.sf.saxon.expr,JPConverter.FromValueRepresentation,34,0,2,0,8,0,6,0,5,0
BRMO TopNL loader,net.sf.saxon.expr,Calculator.DoubleMinusDouble,16,0,0,0,3,0,3,0,3,0
BRMO TopNL loader,net.sf.saxon.expr,PJConverter.IntegerValueToByte,33,0,6,0,5,0,6,0,3,0
BRMO TopNL loader,net.sf.saxon.expr,StringTokenIterator,104,0,6,0,25,0,11,0,8,0
BRMO TopNL loader,net.sf.saxon.expr,Calculator.DurationMinusDuration,8,0,0,0,2,0,2,0,2,0
BRMO TopNL loader,net.sf.saxon.expr,Calculator.AnyModAny,51,0,2,0,7,0,4,0,3,0
BRMO TopNL loader,net.sf.saxon.expr,XPathContextMinor.LastValue,9,0,0,0,4,0,1,0,1,0
BRMO TopNL loader,net.sf.saxon.expr,Calculator.DecimalMinusDecimal,28,0,4,0,5,0,5,0,3,0
BRMO TopNL loader,net.sf.saxon.expr,StaticProperty,6,0,0,0,1,0,1,0,1,0
BRMO TopNL loader,net.sf.saxon.expr,FirstItemExpression,40,0,2,0,13,0,6,0,5,0
BRMO TopNL loader,net.sf.saxon.expr,JPConverter.FromCharacter,16,0,0,0,4,0,4,0,4,0
BRMO TopNL loader,net.sf.saxon.expr,JPConverter.FromObjectArray,76,0,4,0,16,0,6,0,4,0
BRMO TopNL loader,net.sf.saxon.expr,JPConverter.FromShortArray,42,0,2,0,8,0,6,0,5,0
BRMO TopNL loader,net.sf.saxon.expr,PJConverter.StringValueToString,11,0,0,0,3,0,3,0,3,0
BRMO TopNL loader,net.sf.saxon.expr,OrExpression,111,0,14,0,18,0,12,0,5,0
BRMO TopNL loader,net.sf.saxon.expr,PositionVariable,43,0,0,0,14,0,11,0,11,0
BRMO TopNL loader,net.sf.saxon.expr,XPathContextMinor,376,0,26,0,94,0,48,0,35,0
BRMO TopNL loader,net.sf.saxon.expr,Calculator.DurationDivDuration,8,0,0,0,2,0,2,0,2,0
BRMO TopNL loader,net.sf.saxon.expr,IntersectionEnumeration,141,0,12,0,36,0,14,0,8,0
BRMO TopNL loader,net.sf.saxon.expr,AtomicSequenceConverter,467,0,54,0,99,0,47,0,20,0
BRMO TopNL loader,net.sf.saxon.expr,PJConverter.CalendarValueToDate,31,0,6,0,5,0,6,0,3,0
BRMO TopNL loader,net.sf.saxon.expr,Calculator.IntegerDivInteger,11,0,0,0,3,0,3,0,3,0
BRMO TopNL loader,net.sf.saxon.expr,PJConverter.General,36,0,2,0,8,0,4,0,3,0
BRMO TopNL loader,net.sf.saxon.expr,JPConverter.FromSource,30,0,2,0,8,0,5,0,4,0
BRMO TopNL loader,net.sf.saxon.expr,CompareToIntegerConstant,257,0,29,0,58,0,40,0,23,0
BRMO TopNL loader,net.sf.saxon.expr,Calculator.DoubleIdivDouble,53,0,8,0,10,0,6,0,2,0
BRMO TopNL loader,net.sf.saxon.expr,TailExpression,174,0,14,0,39,0,23,0,16,0
BRMO TopNL loader,net.sf.saxon.expr,TreatExpression,29,0,0,0,5,0,2,0,2,0
BRMO TopNL loader,net.sf.saxon.expr,LocalVariableReference,81,0,4,0,24,0,8,0,6,0
BRMO TopNL loader,net.sf.saxon.expr,Atomizer.AtomizingFunction,17,0,2,0,5,0,4,0,3,0
BRMO TopNL loader,net.sf.saxon.expr,PJConverter,838,0,238,0,211,0,125,0,6,0
BRMO TopNL loader,net.sf.saxon.expr,ArithmeticExpression,744,0,108,0,141,0,69,0,11,0
BRMO TopNL loader,net.sf.saxon.expr,SuppliedParameterReference,120,0,6,0,29,0,17,0,14,0
BRMO TopNL loader,net.sf.saxon.expr,JPConverter.FromLong,17,0,0,0,4,0,4,0,4,0
BRMO TopNL loader,net.sf.saxon.expr,FilterIterator,183,0,32,0,53,0,26,0,10,0
BRMO TopNL loader,net.sf.saxon.expr,UnaryExpression,206,0,18,0,49,0,26,0,17,0
BRMO TopNL loader,net.sf.saxon.expr,IntegerRangeTest,193,0,18,0,50,0,23,0,14,0
BRMO TopNL loader,net.sf.saxon.expr,AndExpression,143,0,22,0,22,0,16,0,5,0
BRMO TopNL loader,net.sf.saxon.expr,XPathContextMajor,598,0,44,0,161,0,57,0,35,0
BRMO TopNL loader,net.sf.saxon.expr,IsLastExpression,59,0,4,0,17,0,13,0,11,0
BRMO TopNL loader,net.sf.saxon.expr,PJConverter.NumericValueToDouble,31,0,6,0,5,0,6,0,3,0
BRMO TopNL loader,net.sf.saxon.expr,TailCallLoop,141,0,12,0,42,0,17,0,11,0
BRMO TopNL loader,net.sf.saxon.expr,CastingExpression,119,0,8,0,33,0,17,0,13,0
BRMO TopNL loader,net.sf.saxon.expr,CastableExpression,420,0,84,0,89,0,56,0,14,0
BRMO TopNL loader,net.sf.saxon.expr,Calculator.AnyPlusAny,51,0,2,0,7,0,4,0,3,0
BRMO TopNL loader,net.sf.saxon.expr,PJConverter.QualifiedNameValueToQName,30,0,6,0,5,0,6,0,3,0
BRMO TopNL loader,net.sf.saxon.expr,Calculator.DecimalModDecimal,47,0,6,0,11,0,6,0,3,0
BRMO TopNL loader,net.sf.saxon.expr,Calculator.DurationDivNumeric,13,0,0,0,3,0,2,0,2,0
BRMO TopNL loader,net.sf.saxon.expr,PJConverter.IntegerValueToBigInteger,12,0,0,0,3,0,3,0,3,0
BRMO TopNL loader,net.sf.saxon.expr,FilterIterator.NonNumeric,23,0,0,0,4,0,3,0,3,0
BRMO TopNL loader,net.sf.saxon.expr,TailIterator,128,0,16,0,29,0,18,0,10,0
BRMO TopNL loader,net.sf.saxon.expr,Calculator.AnyTimesAny,51,0,2,0,7,0,4,0,3,0
BRMO TopNL loader,net.sf.saxon.expr,ContextItemExpression,155,0,12,0,49,0,25,0,19,0
BRMO TopNL loader,net.sf.saxon.expr,Calculator.DateTimePlusDuration,8,0,0,0,2,0,2,0,2,0
BRMO TopNL loader,net.sf.saxon.expr,BinaryExpression,609,0,104,0,107,0,76,0,24,0
BRMO TopNL loader,net.sf.saxon.expr,SimpleStepExpression,94,0,10,0,22,0,10,0,5,0
BRMO TopNL loader,net.sf.saxon.expr,Calculator.NumericTimesDuration,9,0,0,0,2,0,2,0,2,0
BRMO TopNL loader,net.sf.saxon.expr,SingletonAtomizer,350,0,52,0,83,0,38,0,12,0
BRMO TopNL loader,net.sf.saxon.expr,EagerLetExpression,18,0,2,0,5,0,3,0,2,0
BRMO TopNL loader,net.sf.saxon.expr,SingleNodeExpression,102,0,8,0,25,0,15,0,11,0
BRMO TopNL loader,net.sf.saxon.expr,InstanceOfExpression,291,0,48,0,64,0,38,0,14,0
BRMO TopNL loader,net.sf.saxon.expr,JPConverter.FromCollection,77,0,4,0,17,0,7,0,5,0
BRMO TopNL loader,net.sf.saxon.expr,JPConverter.FromByte,18,0,0,0,4,0,4,0,4,0
BRMO TopNL loader,net.sf.saxon.expr,SimpleExpression,280,0,30,0,55,0,35,0,20,0
BRMO TopNL loader,net.sf.saxon.expr,PJConverter.NumericValueToFloat,31,0,6,0,5,0,6,0,3,0
BRMO TopNL loader,net.sf.saxon.expr,EveryItemMappingIterator,54,0,2,0,17,0,8,0,7,0
BRMO TopNL loader,net.sf.saxon.expr,Calculator.DoublePlusDouble,16,0,0,0,3,0,3,0,3,0
BRMO TopNL loader,net.sf.saxon.expr,Calculator.FloatPlusFloat,16,0,0,0,3,0,3,0,3,0
BRMO TopNL loader,net.sf.saxon.expr,Calculator.DoubleTimesDouble,16,0,0,0,3,0,3,0,3,0
BRMO TopNL loader,net.sf.saxon.expr,ForExpression.EventMappingAction,53,0,4,0,13,0,4,0,2,0
BRMO TopNL loader,net.sf.saxon.expr,PJConverter.AnyURIValueToURL,29,0,0,0,5,0,3,0,3,0
BRMO TopNL loader,net.sf.saxon.expr,PJConverter.AnyURIValueToURI,29,0,0,0,5,0,3,0,3,0
BRMO TopNL loader,net.sf.saxon.expr,JPConverter.FromBooleanArray,40,0,2,0,8,0,6,0,5,0
BRMO TopNL loader,net.sf.saxon.expr,AnalyzeMappingFunction,39,0,6,0,12,0,5,0,2,0
BRMO TopNL loader,net.sf.saxon.expr,Calculator.FloatMinusFloat,16,0,0,0,3,0,3,0,3,0
BRMO TopNL loader,net.sf.saxon.expr,LastItemExpression,43,0,4,0,15,0,6,0,4,0
BRMO TopNL loader,net.sf.saxon.expr,EarlyEvaluationContext,139,0,0,0,56,0,36,0,36,0
BRMO TopNL loader,net.sf.saxon.expr,PairIterator,42,0,5,0,11,0,7,0,4,0
BRMO TopNL loader,net.sf.saxon.expr,Calculator.DurationPlusDateTime,8,0,0,0,2,0,2,0,2,0
BRMO TopNL loader,net.sf.saxon.expr,ContextMappingIterator,108,0,8,0,34,0,11,0,7,0
BRMO TopNL loader,net.sf.saxon.expr,Calculator.IntegerMinusInteger,11,0,0,0,3,0,3,0,3,0
BRMO TopNL loader,net.sf.saxon.expr,PJConverter.Identity,86,0,14,0,18,0,10,0,3,0
BRMO TopNL loader,net.sf.saxon.expr,PJConverter.ToCollection,111,0,8,0,27,0,7,0,3,0
BRMO TopNL loader,net.sf.saxon.expr,Calculator.DateTimeMinusDateTime,9,0,0,0,2,0,2,0,2,0
BRMO TopNL loader,net.sf.saxon.expr,AtomicSequenceConverter.ToStringMappingFunction,7,0,0,0,2,0,2,0,2,0
BRMO TopNL loader,net.sf.saxon.expr,Atomizer,590,0,106,0,146,0,72,0,19,0
BRMO TopNL loader,net.sf.saxon.expr,VariableReference,619,0,82,0,152,0,72,0,31,0
BRMO TopNL loader,net.sf.saxon.expr,Calculator.IntegerIdivInteger,11,0,0,0,3,0,3,0,3,0
BRMO TopNL loader,net.sf.saxon.expr,PJConverter.NumericValueToBigDecimal,30,0,6,0,5,0,6,0,3,0
BRMO TopNL loader,net.sf.saxon.expr,IdentityComparison,251,0,46,0,50,0,35,0,11,0
BRMO TopNL loader,net.sf.saxon.expr,DifferenceEnumeration,141,0,10,0,39,0,14,0,9,0
BRMO TopNL loader,net.sf.saxon.expr,Calculator.DecimalIdivDecimal,43,0,6,0,10,0,6,0,3,0
BRMO TopNL loader,net.sf.saxon.expr,JPConverter.FromBigInteger,14,0,0,0,4,0,4,0,4,0
BRMO TopNL loader,net.sf.saxon.expr,SlashExpression,1093,0,160,0,240,0,117,0,37,0
BRMO TopNL loader,net.sf.saxon.expr,PJConverter.IntegerValueToShort,33,0,6,0,5,0,6,0,3,0
BRMO TopNL loader,net.sf.saxon.expr,JPConverter.FromInt,18,0,0,0,4,0,4,0,4,0
BRMO TopNL loader,net.sf.saxon.expr,JPConverter.FromShort,18,0,0,0,4,0,4,0,4,0
BRMO TopNL loader,net.sf.saxon.expr,SubsequenceIterator,200,0,22,0,50,0,21,0,10,0
BRMO TopNL loader,net.sf.saxon.expr.number,NumericGroupFormatter,6,0,0,0,2,0,2,0,2,0
BRMO TopNL loader,net.sf.saxon.expr.number,NumberFormatter,323,0,64,0,76,0,36,0,4,0
BRMO TopNL loader,net.sf.saxon.expr.number,NamedTimeZone,791,0,26,0,245,0,21,0,8,0
BRMO TopNL loader,net.sf.saxon.expr.number,Alphanumeric,3306,0,12,0,17,0,10,0,4,0
BRMO TopNL loader,net.sf.saxon.expr.number,AbstractNumberer,1174,0,164,0,198,0,111,0,19,0
BRMO TopNL loader,net.sf.saxon.expr.number,IrregularGroupFormatter,84,0,6,0,20,0,6,0,3,0
BRMO TopNL loader,net.sf.saxon.expr.number,RegularGroupFormatter,65,0,8,0,16,0,7,0,3,0
BRMO TopNL loader,net.sf.saxon.expr.number,Numberer_en,996,0,82,0,85,0,50,0,9,0
BRMO TopNL loader,javax.xml.xquery,XQQueryException,136,0,0,0,36,0,12,0,12,0
BRMO TopNL loader,javax.xml.xquery,XQCancelledException,12,0,0,0,2,0,1,0,1,0
BRMO TopNL loader,javax.xml.xquery,XQException,21,0,0,0,9,0,5,0,5,0
BRMO TopNL loader,javax.xml.xquery,XQConnectionEvent,20,0,0,0,7,0,3,0,3,0
BRMO TopNL loader,javax.xml.xquery,XQConstants,8,0,0,0,1,0,1,0,1,0
BRMO TopNL loader,javax.xml.xquery,XQStackTraceElement,48,0,0,0,17,0,7,0,7,0
BRMO TopNL loader,javax.xml.xquery,XQStackTraceVariable,15,0,0,0,6,0,3,0,3,0
BRMO TopNL loader,net.sf.saxon.expr.instruct,NextMatch,225,0,24,0,60,0,18,0,6,0
BRMO TopNL loader,net.sf.saxon.expr.instruct,Choose,1809,0,192,0,316,0,131,0,35,0
BRMO TopNL loader,net.sf.saxon.expr.instruct,Instruction,364,0,52,0,95,0,49,0,23,0
BRMO TopNL loader,net.sf.saxon.expr.instruct,GlobalVariable,567,0,70,0,131,0,59,0,24,0
BRMO TopNL loader,net.sf.saxon.expr.instruct,CallTemplate,626,0,60,0,149,0,56,0,26,0
BRMO TopNL loader,net.sf.saxon.expr.instruct,CopyOf.new ItemMappingFunction() {...},43,0,4,0,9,0,4,0,2,0
BRMO TopNL loader,net.sf.saxon.expr.instruct,CopyOf.new ItemMappingFunction() {...},43,0,4,0,9,0,4,0,2,0
BRMO TopNL loader,net.sf.saxon.expr.instruct,ProcessRegexMatchInstruction,62,0,2,0,17,0,7,0,6,0
BRMO TopNL loader,net.sf.saxon.expr.instruct,GlobalParameterSet,57,0,2,0,14,0,8,0,7,0
BRMO TopNL loader,net.sf.saxon.expr.instruct,Template,155,0,18,0,50,0,28,0,19,0
BRMO TopNL loader,net.sf.saxon.expr.instruct,ForEachGroup,1322,0,164,0,312,0,120,0,35,0
BRMO TopNL loader,net.sf.saxon.expr.instruct,LocalParam,246,0,28,0,61,0,28,0,13,0
BRMO TopNL loader,net.sf.saxon.expr.instruct,BlockIterator,89,0,8,0,24,0,11,0,7,0
BRMO TopNL loader,net.sf.saxon.expr.instruct,Copy,964,0,128,0,258,0,95,0,25,0
BRMO TopNL loader,net.sf.saxon.expr.instruct,AttributeCreator,305,0,30,0,77,0,28,0,13,0
BRMO TopNL loader,net.sf.saxon.expr.instruct,LocalVariable,8,0,0,0,2,0,2,0,2,0
BRMO TopNL loader,net.sf.saxon.expr.instruct,ComputedAttribute,1026,0,128,0,230,0,85,0,21,0
BRMO TopNL loader,net.sf.saxon.expr.instruct,Procedure,72,0,0,0,30,0,22,0,22,0
BRMO TopNL loader,net.sf.saxon.expr.instruct,TerminationException,7,0,0,0,3,0,1,0,1,0
BRMO TopNL loader,net.sf.saxon.expr.instruct,LocationMap,121,0,18,0,29,0,14,0,5,0
BRMO TopNL loader,net.sf.saxon.expr.instruct,Executable,628,0,82,0,172,0,91,0,50,0
BRMO TopNL loader,net.sf.saxon.expr.instruct,ApplyTemplates,541,0,46,0,142,0,52,0,29,0
BRMO TopNL loader,net.sf.saxon.expr.instruct,CallTemplate.CallTemplatePackage,44,0,0,0,13,0,2,0,2,0
BRMO TopNL loader,net.sf.saxon.expr.instruct,GeneralVariable,475,0,68,0,130,0,81,0,47,0
BRMO TopNL loader,net.sf.saxon.expr.instruct,DocumentInstr,550,0,72,0,135,0,55,0,19,0
BRMO TopNL loader,net.sf.saxon.expr.instruct,NamespaceConstructor,398,0,38,0,92,0,37,0,18,0
BRMO TopNL loader,net.sf.saxon.expr.instruct,ForEach,629,0,66,0,155,0,65,0,32,0
BRMO TopNL loader,net.sf.saxon.expr.instruct,AnalyzeString,956,0,96,0,215,0,78,0,30,0
BRMO TopNL loader,net.sf.saxon.expr.instruct,AttributeSet,118,0,16,0,32,0,17,0,9,0
BRMO TopNL loader,net.sf.saxon.expr.instruct,ApplyTemplates.ApplyTemplatesPackage,44,0,0,0,11,0,2,0,2,0
BRMO TopNL loader,net.sf.saxon.expr.instruct,ProcessingInstruction,386,0,26,0,91,0,33,0,20,0
BRMO TopNL loader,net.sf.saxon.expr.instruct,SimpleNodeConstructor,278,0,30,0,64,0,32,0,17,0
BRMO TopNL loader,net.sf.saxon.expr.instruct,FixedAttribute,448,0,66,0,99,0,47,0,14,0
BRMO TopNL loader,net.sf.saxon.expr.instruct,ParentNodeConstructor,281,0,38,0,72,0,44,0,25,0
BRMO TopNL loader,net.sf.saxon.expr.instruct,CopyOf,1303,0,182,0,326,0,128,0,33,0
BRMO TopNL loader,net.sf.saxon.expr.instruct,NextMatch.NextMatchPackage,54,0,0,0,15,0,2,0,2,0
BRMO TopNL loader,net.sf.saxon.expr.instruct,SlotManager,65,0,0,0,15,0,7,0,7,0
BRMO TopNL loader,net.sf.saxon.expr.instruct,ParameterSet,224,0,18,0,45,0,19,0,10,0
BRMO TopNL loader,net.sf.saxon.expr.instruct,ValueOf,407,0,82,0,93,0,59,0,18,0
BRMO TopNL loader,net.sf.saxon.expr.instruct,ApplyImports,366,0,28,0,101,0,34,0,20,0
BRMO TopNL loader,net.sf.saxon.expr.instruct,InstructionDetails,89,0,2,0,31,0,19,0,18,0
BRMO TopNL loader,net.sf.saxon.expr.instruct,ComputedElement,962,0,122,0,211,0,81,0,20,0
BRMO TopNL loader,net.sf.saxon.expr.instruct,ElementCreator,708,0,116,0,168,0,76,0,18,0
BRMO TopNL loader,net.sf.saxon.expr.instruct,Choose.new Iterator() {...},91,0,10,0,14,0,9,0,4,0
BRMO TopNL loader,net.sf.saxon.expr.instruct,WithParam,313,0,40,0,64,0,36,0,16,0
BRMO TopNL loader,net.sf.saxon.expr.instruct,ProcessRegexMatchInstruction.new RegexIterator.OnGroup() {...},40,0,0,0,8,0,3,0,3,0
BRMO TopNL loader,net.sf.saxon.expr.instruct,Bindery,414,0,52,0,96,0,44,0,18,0
BRMO TopNL loader,net.sf.saxon.expr.instruct,LocalParamSetter,256,0,20,0,62,0,26,0,15,0
BRMO TopNL loader,net.sf.saxon.expr.instruct,UseAttributeSets,164,0,14,0,36,0,19,0,12,0
BRMO TopNL loader,net.sf.saxon.expr.instruct,Message,309,0,22,0,77,0,26,0,15,0
BRMO TopNL loader,net.sf.saxon.expr.instruct,GlobalParam,122,0,16,0,26,0,12,0,4,0
BRMO TopNL loader,net.sf.saxon.expr.instruct,DummyNamespaceResolver,26,0,4,0,8,0,6,0,4,0
BRMO TopNL loader,net.sf.saxon.expr.instruct,FixedElement,1054,0,128,0,229,0,81,0,17,0
BRMO TopNL loader,net.sf.saxon.expr.instruct,UserFunction,345,0,40,0,99,0,50,0,30,0
BRMO TopNL loader,net.sf.saxon.expr.instruct,NumberInstruction,1290,0,200,0,302,0,114,0,14,0
BRMO TopNL loader,net.sf.saxon.expr.instruct,SavedNamespaceContext,122,0,16,0,30,0,13,0,5,0
BRMO TopNL loader,net.sf.saxon.expr.instruct,ResultDocument,1815,0,208,0,455,0,133,0,29,0
BRMO TopNL loader,net.sf.saxon.expr.instruct,Comment,177,0,18,0,39,0,20,0,11,0
BRMO TopNL loader,net.sf.saxon.expr.instruct,Block,1355,0,206,0,283,0,133,0,30,0
BRMO TopNL loader,net.sf.saxon.expr.instruct,Message.AttributeMasker,119,0,10,0,29,0,11,0,6,0
BRMO TopNL loader,net.sf.saxon.expr.instruct,TraceExpression,398,0,52,0,103,0,64,0,38,0
BRMO TopNL loader,net.sf.saxon.expr.instruct,LocalParamBlock,282,0,22,0,51,0,27,0,16,0
BRMO TopNL loader,net.sf.saxon.expr.instruct,Doctype,739,0,66,0,169,0,46,0,13,0
BRMO TopNL loader,net.sf.saxon.expr.instruct,UserFunctionParameter,56,0,0,0,23,0,16,0,16,0
BRMO TopNL loader,net.sf.saxon.type,StringConverter.StringToDuration,6,0,0,0,2,0,2,0,2,0
BRMO TopNL loader,net.sf.saxon.type,AnySimpleType,97,0,2,0,39,0,38,0,37,0
BRMO TopNL loader,net.sf.saxon.type,StringConverter.StringToLanguage,57,0,4,0,9,0,6,0,4,0
BRMO TopNL loader,net.sf.saxon.type,StringConverter.StringToDerivedStringSubtype,67,0,4,0,19,0,4,0,2,0
BRMO TopNL loader,net.sf.saxon.type,StringConverter.StringToUnionConverter,42,0,4,0,11,0,4,0,2,0
BRMO TopNL loader,net.sf.saxon.type,Converter.FloatToDecimal,17,0,0,0,4,0,2,0,2,0
BRMO TopNL loader,net.sf.saxon.type,ValidationException,342,0,46,0,90,0,49,0,26,0
BRMO TopNL loader,net.sf.saxon.type,Converter.DateTimeToGMonth,16,0,0,0,4,0,3,0,3,0
BRMO TopNL loader,net.sf.saxon.type,Converter.HexBinaryToBase64Binary,12,0,0,0,3,0,3,0,3,0
BRMO TopNL loader,net.sf.saxon.type,Converter.NumericToDouble,17,0,2,0,5,0,4,0,3,0
BRMO TopNL loader,net.sf.saxon.type,StringConverter.StringToNonStringDerivedType,81,0,4,0,24,0,6,0,4,0
BRMO TopNL loader,net.sf.saxon.type,StringConverter.StringToGMonth,9,0,0,0,3,0,2,0,2,0
BRMO TopNL loader,net.sf.saxon.type,StringConverter.StringToInteger,13,0,0,0,4,0,4,0,4,0
BRMO TopNL loader,net.sf.saxon.type,StringConverter.StringToName,77,0,10,0,17,0,8,0,3,0
BRMO TopNL loader,net.sf.saxon.type,Converter.DateTimeToGYear,18,0,0,0,4,0,3,0,3,0
BRMO TopNL loader,net.sf.saxon.type,Converter.DurationToYearMonthDuration,10,0,0,0,3,0,2,0,2,0
BRMO TopNL loader,net.sf.saxon.type,StringConverter.StringToQName,91,0,4,0,18,0,7,0,5,0
BRMO TopNL loader,net.sf.saxon.type,BuiltInListType.ListTypeMappingFunction,16,0,0,0,3,0,1,0,1,0
BRMO TopNL loader,net.sf.saxon.type,Converter.NotationToQName,15,0,0,0,4,0,4,0,4,0
BRMO TopNL loader,net.sf.saxon.type,Converter.ToUntypedAtomicConverter,11,0,0,0,3,0,3,0,3,0
BRMO TopNL loader,net.sf.saxon.type,Converter.QNameToNotation,13,0,0,0,3,0,3,0,3,0
BRMO TopNL loader,net.sf.saxon.type,Converter.IntegerToDecimal,22,0,2,0,5,0,4,0,3,0
BRMO TopNL loader,net.sf.saxon.type,UnresolvedReferenceException,4,0,0,0,2,0,1,0,1,0
BRMO TopNL loader,net.sf.saxon.type,StringConverter.StringToAnyURI,47,0,4,0,8,0,5,0,3,0
BRMO TopNL loader,net.sf.saxon.type,Converter.PromoterToFloat,62,0,10,0,17,0,7,0,2,0
BRMO TopNL loader,net.sf.saxon.type,Converter.FloatToInteger,11,0,0,0,2,0,2,0,2,0
BRMO TopNL loader,net.sf.saxon.type,StringConverter.StringToGYear,9,0,0,0,3,0,2,0,2,0
BRMO TopNL loader,net.sf.saxon.type,StringConverter.StringToHexBinary,14,0,0,0,4,0,2,0,2,0
BRMO TopNL loader,net.sf.saxon.type,StringConverter.StringToYearMonthDuration,6,0,0,0,2,0,2,0,2,0
BRMO TopNL loader,net.sf.saxon.type,StringConverter.StringToDecimal,25,0,2,0,5,0,4,0,3,0
BRMO TopNL loader,net.sf.saxon.type,Converter.DownCastingConverter,35,0,2,0,10,0,5,0,4,0
BRMO TopNL loader,net.sf.saxon.type,Converter,561,0,126,0,175,0,103,0,11,0
BRMO TopNL loader,net.sf.saxon.type,TypeHierarchy.ItemTypePair,41,0,6,0,9,0,6,0,3,0
BRMO TopNL loader,net.sf.saxon.type,ValidationFailure,359,0,42,0,90,0,50,0,29,0
BRMO TopNL loader,net.sf.saxon.type,Converter.DateTimeToTime,22,0,0,0,4,0,3,0,3,0
BRMO TopNL loader,net.sf.saxon.type,BuiltInAtomicType,968,0,125,0,235,0,130,0,65,0
BRMO TopNL loader,net.sf.saxon.type,Converter.StringToBase64BinaryConverter,19,0,0,0,5,0,3,0,3,0
BRMO TopNL loader,net.sf.saxon.type,StringConverter.StringToNMTOKEN,58,0,4,0,10,0,5,0,3,0
BRMO TopNL loader,net.sf.saxon.type,StringConverter.StringToBoolean,6,0,0,0,2,0,2,0,2,0
BRMO TopNL loader,net.sf.saxon.type,Converter.DecimalToInteger,16,0,2,0,5,0,4,0,3,0
BRMO TopNL loader,net.sf.saxon.type,StringConverter.StringToStringSubtype,67,0,2,0,17,0,4,0,3,0
BRMO TopNL loader,net.sf.saxon.type,Converter.DateToDateTime,9,0,0,0,3,0,3,0,3,0
BRMO TopNL loader,net.sf.saxon.type,Converter.BooleanToDecimal,13,0,2,0,3,0,4,0,3,0
BRMO TopNL loader,net.sf.saxon.type,StringConverter.StringToDate,9,0,0,0,3,0,2,0,2,0
BRMO TopNL loader,net.sf.saxon.type,StringConverter.StringToDateTime,9,0,0,0,3,0,2,0,2,0
BRMO TopNL loader,net.sf.saxon.type,AnyItemType,35,0,0,0,16,0,16,0,16,0
BRMO TopNL loader,net.sf.saxon.type,StringConverter.StringToFloat,35,0,0,0,8,0,2,0,2,0
BRMO TopNL loader,net.sf.saxon.type,ExternalObjectType,330,0,34,0,100,0,79,0,62,0
BRMO TopNL loader,net.sf.saxon.type,StringConverter.StringToNotation,116,0,6,0,19,0,7,0,4,0
BRMO TopNL loader,net.sf.saxon.type,StringConverter.StringToDayTimeDuration,6,0,0,0,2,0,2,0,2,0
BRMO TopNL loader,net.sf.saxon.type,StringConverter.StringToUntypedAtomic,18,0,0,0,5,0,5,0,5,0
BRMO TopNL loader,net.sf.saxon.type,BuiltInListType,264,0,15,0,77,0,51,0,42,0
BRMO TopNL loader,net.sf.saxon.type,Converter.NumericToDecimal,18,0,0,0,5,0,2,0,2,0
BRMO TopNL loader,net.sf.saxon.type,StringConverter,270,0,40,0,67,0,30,0,6,0
BRMO TopNL loader,net.sf.saxon.type,TypeHierarchy,668,0,204,0,187,0,113,0,9,0
BRMO TopNL loader,net.sf.saxon.type,StringConverter.StringToGYearMonth,9,0,0,0,3,0,2,0,2,0
BRMO TopNL loader,net.sf.saxon.type,Converter.BooleanToDouble,16,0,2,0,3,0,4,0,3,0
BRMO TopNL loader,net.sf.saxon.type,Converter.DateTimeToDate,22,0,0,0,4,0,3,0,3,0
BRMO TopNL loader,net.sf.saxon.type,StringConverter.IdentityConverter,17,0,0,0,6,0,6,0,6,0
BRMO TopNL loader,net.sf.saxon.type,Converter.DoubleToInteger,7,0,0,0,2,0,2,0,2,0
BRMO TopNL loader,net.sf.saxon.type,StringConverter.StringToGDayConverter,9,0,0,0,3,0,2,0,2,0
BRMO TopNL loader,net.sf.saxon.type,StringConverter.StringToTime,6,0,0,0,2,0,2,0,2,0
BRMO TopNL loader,net.sf.saxon.type,ErrorType,118,0,4,0,40,0,40,0,38,0
BRMO TopNL loader,net.sf.saxon.type,StringConverter.StringToGMonthDay,9,0,0,0,3,0,2,0,2,0
BRMO TopNL loader,net.sf.saxon.type,Untyped,111,0,0,0,49,0,47,0,47,0
BRMO TopNL loader,net.sf.saxon.type,Converter.NumericToBoolean,15,0,0,0,5,0,3,0,3,0
BRMO TopNL loader,net.sf.saxon.type,Converter.DateTimeToGDay,16,0,0,0,4,0,3,0,3,0
BRMO TopNL loader,net.sf.saxon.type,Converter.NumericToFloat,12,0,0,0,3,0,3,0,3,0
BRMO TopNL loader,net.sf.saxon.type,Converter.DurationToDayTimeDuration,23,0,0,0,3,0,2,0,2,0
BRMO TopNL loader,net.sf.saxon.type,StringConverter.StringToToken,14,0,0,0,4,0,4,0,4,0
BRMO TopNL loader,net.sf.saxon.type,Converter.BooleanToInteger,13,0,2,0,3,0,4,0,3,0
BRMO TopNL loader,net.sf.saxon.type,Converter.NumericToInteger,38,0,6,0,10,0,5,0,2,0
BRMO TopNL loader,net.sf.saxon.type,BuiltInType,42,0,6,0,13,0,6,0,3,0
BRMO TopNL loader,net.sf.saxon.type,StringConverter.StringToDouble,34,0,0,0,7,0,2,0,2,0
BRMO TopNL loader,net.sf.saxon.type,StringConverter.StringToIntegerSubtype,93,0,14,0,18,0,10,0,3,0
BRMO TopNL loader,net.sf.saxon.type,Type,390,0,122,0,95,0,76,0,12,0
BRMO TopNL loader,net.sf.saxon.type,Converter.PromoterToDouble,48,0,8,0,13,0,6,0,2,0
BRMO TopNL loader,net.sf.saxon.type,AnyType,119,0,2,0,51,0,48,0,47,0
BRMO TopNL loader,net.sf.saxon.type,StringConverter.StringToExternalObjectType,8,0,0,0,2,0,2,0,2,0
BRMO TopNL loader,net.sf.saxon.type,StringConverter.StringToNCName,62,0,4,0,11,0,5,0,3,0
BRMO TopNL loader,net.sf.saxon.type,Converter.DoubleToDecimal,16,0,0,0,4,0,2,0,2,0
BRMO TopNL loader,net.sf.saxon.type,Converter.TwoPhaseConverter,65,0,4,0,16,0,7,0,5,0
BRMO TopNL loader,net.sf.saxon.type,StringConverter.StringToNormalizedString,14,0,0,0,4,0,4,0,4,0
BRMO TopNL loader,net.sf.saxon.type,Converter.UpCastingConverter,13,0,0,0,5,0,3,0,3,0
BRMO TopNL loader,net.sf.saxon.type,Converter.DateTimeToGMonthDay,18,0,0,0,4,0,3,0,3,0
BRMO TopNL loader,net.sf.saxon.type,Converter.DateTimeToGYearMonth,20,0,0,0,4,0,3,0,3,0
BRMO TopNL loader,net.sf.saxon.type,Converter.ToStringConverter,11,0,0,0,3,0,3,0,3,0
BRMO TopNL loader,net.sf.saxon.type,StringConverter.StringToString,18,0,0,0,5,0,5,0,5,0
BRMO TopNL loader,net.sf.saxon.type,SchemaException,21,0,0,0,10,0,5,0,5,0
BRMO TopNL loader,net.sf.saxon.type,StringToDouble,241,0,42,0,63,0,28,0,5,0
BRMO TopNL loader,net.sf.saxon.type,AnyFunctionType,60,0,2,0,24,0,22,0,21,0
BRMO TopNL loader,net.sf.saxon.type,Converter.Base64BinaryToHexBinary,12,0,0,0,3,0,3,0,3,0
BRMO TopNL loader,net.sf.saxon.type,Converter.BooleanToFloat,16,0,2,0,3,0,4,0,3,0
BRMO TopNL loader,net.sf.saxon.tree.linked,PrecedingEnumeration,45,0,4,0,12,0,6,0,4,0
BRMO TopNL loader,net.sf.saxon.tree.linked,AttributeEnumeration,168,0,16,0,44,0,14,0,6,0
BRMO TopNL loader,net.sf.saxon.tree.linked,ParentNodeImpl,885,0,125,0,188,0,85,0,21,0
BRMO TopNL loader,net.sf.saxon.tree.linked,ElementImpl.new Iterator() {...},46,0,6,0,9,0,7,0,4,0
BRMO TopNL loader,net.sf.saxon.tree.linked,SystemIdMap,123,0,12,0,23,0,9,0,3,0
BRMO TopNL loader,net.sf.saxon.tree.linked,LinkedBuilderMonitor,170,0,14,0,46,0,17,0,10,0
BRMO TopNL loader,net.sf.saxon.tree.linked,LineNumberMap,211,0,12,0,45,0,11,0,5,0
BRMO TopNL loader,net.sf.saxon.tree.linked,TreeEnumeration,103,0,14,0,28,0,20,0,13,0
BRMO TopNL loader,net.sf.saxon.tree.linked,DocumentImpl,607,0,102,0,164,0,98,0,47,0
BRMO TopNL loader,net.sf.saxon.tree.linked,ProcInstImpl,70,0,0,0,21,0,12,0,12,0
BRMO TopNL loader,net.sf.saxon.tree.linked,FollowingEnumeration,69,0,12,0,14,0,9,0,3,0
BRMO TopNL loader,net.sf.saxon.tree.linked,ElementImpl,1019,0,172,0,254,0,127,0,41,0
BRMO TopNL loader,net.sf.saxon.tree.linked,AttributeImpl,391,0,54,0,84,0,52,0,25,0
BRMO TopNL loader,net.sf.saxon.tree.linked,TextImpl,41,0,2,0,13,0,7,0,6,0
BRMO TopNL loader,net.sf.saxon.tree.linked,PrecedingOrAncestorEnumeration,21,0,0,0,6,0,3,0,3,0
BRMO TopNL loader,net.sf.saxon.tree.linked,FollowingSiblingEnumeration,22,0,0,0,6,0,3,0,3,0
BRMO TopNL loader,net.sf.saxon.tree.linked,PrecedingSiblingEnumeration,22,0,0,0,6,0,3,0,3,0
BRMO TopNL loader,net.sf.saxon.tree.linked,CommentImpl,36,0,0,0,11,0,7,0,7,0
BRMO TopNL loader,net.sf.saxon.tree.linked,AncestorEnumeration,33,0,4,0,8,0,5,0,3,0
BRMO TopNL loader,net.sf.saxon.tree.linked,NodeImpl,829,0,141,0,204,0,140,0,63,0
BRMO TopNL loader,net.sf.saxon.tree.linked,LinkedTreeBuilder,648,0,52,0,143,0,49,0,23,0
BRMO TopNL loader,net.sf.saxon.tree.linked,DescendantEnumeration,37,0,4,0,9,0,5,0,3,0
BRMO TopNL loader,net.sf.saxon.tree.linked,ChildEnumeration,33,0,2,0,8,0,4,0,3,0
BRMO TopNL loader,net.sf.saxon.tree.linked,LinkedTreeBuilder.DefaultNodeFactory,44,0,4,0,11,0,3,0,1,0
BRMO TopNL loader,net.sf.saxon.serialize,UncommittedSerializer,313,0,36,0,83,0,27,0,8,0
BRMO TopNL loader,net.sf.saxon.serialize,CharacterMapExpander,94,0,8,0,23,0,9,0,5,0
BRMO TopNL loader,net.sf.saxon.serialize,HTMLIndenter.HTMLNameClassifier,79,0,8,0,16,0,7,0,3,0
BRMO TopNL loader,net.sf.saxon.serialize,MessageWarner,55,0,4,0,17,0,6,0,4,0
BRMO TopNL loader,net.sf.saxon.serialize,HTMLTagHashSet,108,0,12,0,23,0,10,0,4,0
BRMO TopNL loader,net.sf.saxon.serialize,HTMLIndenter,636,0,60,0,75,0,39,0,9,0
BRMO TopNL loader,net.sf.saxon.serialize,BinaryTextDecoder,120,0,10,0,26,0,8,0,3,0
BRMO TopNL loader,net.sf.saxon.serialize,HTMLIndenter.XHTMLNameClassifier,88,0,8,0,15,0,7,0,3,0
BRMO TopNL loader,net.sf.saxon.serialize,UTF8Writer,878,0,98,0,181,0,61,0,12,0
BRMO TopNL loader,net.sf.saxon.serialize,CDATAFilter,419,0,40,0,98,0,31,0,11,0
BRMO TopNL loader,net.sf.saxon.serialize,XHTMLEmitter,90,0,4,0,8,0,5,0,3,0
BRMO TopNL loader,net.sf.saxon.serialize,MessageEmitter,33,0,2,0,14,0,4,0,3,0
BRMO TopNL loader,net.sf.saxon.serialize,XML10ContentChecker,339,0,26,0,64,0,21,0,8,0
BRMO TopNL loader,net.sf.saxon.serialize,HTMLEmitter,835,0,144,0,213,0,90,0,18,0
BRMO TopNL loader,net.sf.saxon.serialize,XHTMLURIEscaper,248,0,20,0,61,0,16,0,6,0
BRMO TopNL loader,net.sf.saxon.serialize,MetaTagAdjuster,372,0,40,0,88,0,28,0,8,0
BRMO TopNL loader,net.sf.saxon.serialize,CharacterMapIndex,96,0,8,0,22,0,8,0,4,0
BRMO TopNL loader,net.sf.saxon.serialize,Emitter,451,0,68,0,121,0,53,0,19,0
BRMO TopNL loader,net.sf.saxon.serialize,XMLEmitter,1840,0,270,0,420,0,163,0,28,0
BRMO TopNL loader,net.sf.saxon.serialize,UnicodeNormalizer,89,0,10,0,20,0,8,0,3,0
BRMO TopNL loader,net.sf.saxon.serialize,ImplicitResultChecker,110,0,18,0,39,0,18,0,9,0
BRMO TopNL loader,net.sf.saxon.serialize,TEXTEmitter,108,0,22,0,34,0,22,0,11,0
BRMO TopNL loader,net.sf.saxon.serialize,HTMLURIEscaper,357,0,28,0,86,0,23,0,9,0
BRMO TopNL loader,net.sf.saxon.serialize,CharacterMap,251,0,44,0,73,0,26,0,4,0
BRMO TopNL loader,net.sf.saxon.serialize,HexCharacterReferenceGenerator,16,0,0,0,5,0,2,0,2,0
BRMO TopNL loader,net.sf.saxon.serialize,XMLIndenter,744,0,98,0,149,0,66,0,17,0
BRMO TopNL loader,nl.b3p.topnl.top100nl,TypeWaterT100Type,28,92,4,0,4,12,3,3,1,3
BRMO TopNL loader,nl.b3p.topnl.top100nl,FunctioneelGebiedType,13,26,2,2,5,8,4,5,2,5
BRMO TopNL loader,nl.b3p.topnl.top100nl,TypeInrichtingselementT100Type,28,675,4,0,4,65,3,3,1,3
BRMO TopNL loader,nl.b3p.topnl.top100nl,TypeReliefT100Type,28,59,4,0,4,9,3,3,1,3
BRMO TopNL loader,nl.b3p.topnl.top100nl,CodeWithAuthorityType,17,0,0,0,7,0,5,0,5,0
BRMO TopNL loader,nl.b3p.topnl.top100nl,AggregationType,31,78,4,0,5,10,4,2,2,2
BRMO TopNL loader,nl.b3p.topnl.top100nl,TypeGeografischGebiedT100Type,31,133,4,0,5,15,4,2,2,2
BRMO TopNL loader,nl.b3p.topnl.top100nl,AbstractGMLType,50,3,4,0,18,1,12,1,10,1
BRMO TopNL loader,nl.b3p.topnl.top100nl,CodeType,17,0,0,0,7,0,5,0,5,0
BRMO TopNL loader,nl.b3p.topnl.top100nl,CurvePropertyType,95,0,6,0,38,0,25,0,22,0
BRMO TopNL loader,nl.b3p.topnl.top100nl,AbstractMetaDataType,21,0,2,0,7,0,5,0,4,0
BRMO TopNL loader,nl.b3p.topnl.top100nl,HoogteklasseGebouwT100Type,28,37,4,0,4,7,3,3,1,3
BRMO TopNL loader,nl.b3p.topnl.top100nl,AbstractGeometricPrimitiveType,3,0,0,0,1,0,1,0,1,0
BRMO TopNL loader,nl.b3p.topnl.top100nl,TypeRegistratiefGebiedT100Type,28,59,4,0,4,9,3,3,1,3
BRMO TopNL loader,nl.b3p.topnl.top100nl,Adapter2,7,6,2,0,3,2,2,2,1,2
BRMO TopNL loader,nl.b3p.topnl.top100nl,Adapter1,7,6,2,0,3,2,2,2,1,2
BRMO TopNL loader,nl.b3p.topnl.top100nl,HoofdverkeersgebruikT100Type,28,92,4,0,4,12,3,3,1,3
BRMO TopNL loader,nl.b3p.topnl.top100nl,InrichtingselementType,49,15,6,0,17,5,10,5,7,5
BRMO TopNL loader,nl.b3p.topnl.top100nl,FysiekVoorkomenGebouwT100Type,31,23,4,0,5,5,4,2,2,2
BRMO TopNL loader,nl.b3p.topnl.top100nl,AbstractGeometryType,39,0,4,0,13,0,9,0,7,0
BRMO TopNL loader,nl.b3p.topnl.top100nl,LijnOfPuntPropertyType,10,0,0,0,4,0,3,0,3,0
BRMO TopNL loader,nl.b3p.topnl.top100nl,ReliefType,37,15,0,0,17,5,10,5,10,5
BRMO TopNL loader,nl.b3p.topnl.top100nl,VlakOfMultivlakPropertyType,10,0,0,0,4,0,3,0,3,0
BRMO TopNL loader,nl.b3p.topnl.top100nl,WaterdeelType,16,26,1,1,8,8,5,6,4,6
BRMO TopNL loader,nl.b3p.topnl.top100nl,TypeVerhardingT100Type,28,59,4,0,4,9,3,3,1,3
BRMO TopNL loader,nl.b3p.topnl.top100nl,ReferenceType,88,0,6,0,35,0,23,0,20,0
BRMO TopNL loader,nl.b3p.topnl.top100nl,FysiekVoorkomenWegT100Type,31,89,4,0,5,11,4,2,2,2
BRMO TopNL loader,nl.b3p.topnl.top100nl,RegistratiefGebiedType,20,18,0,0,10,6,5,6,5,6
BRMO TopNL loader,nl.b3p.topnl.top100nl,VlakMultivlakOfPuntPropertyType,10,0,0,0,4,0,3,0,3,0
BRMO TopNL loader,nl.b3p.topnl.top100nl,TypeHoogteT100Type,28,103,4,0,4,13,3,3,1,3
BRMO TopNL loader,nl.b3p.topnl.top100nl,FeatureMemberType,76,6,4,0,31,2,20,2,18,2
BRMO TopNL loader,nl.b3p.topnl.top100nl,VlakOfLijnPropertyType,10,0,0,0,4,0,3,0,3,0
BRMO TopNL loader,nl.b3p.topnl.top100nl,BoundingShapeType,32,0,4,0,10,0,7,0,5,0
BRMO TopNL loader,nl.b3p.topnl.top100nl,AbstractCurveType,3,0,0,0,1,0,1,0,1,0
BRMO TopNL loader,nl.b3p.topnl.top100nl,CoordinatesType,46,0,6,0,19,0,12,0,9,0
BRMO TopNL loader,nl.b3p.topnl.top100nl,FunctieReliefT100Type,31,23,4,0,5,5,4,2,2,2
BRMO TopNL loader,nl.b3p.topnl.top100nl,MetaDataPropertyType,89,0,4,0,36,0,24,0,22,0
BRMO TopNL loader,nl.b3p.topnl.top100nl,VlakOfLijnType,17,0,0,0,7,0,5,0,5,0
BRMO TopNL loader,nl.b3p.topnl.top100nl,MultiSurfaceType,21,0,2,0,7,0,5,0,4,0
BRMO TopNL loader,nl.b3p.topnl.top100nl,Top100NlObjectType,35,24,0,0,17,8,9,8,9,8
BRMO TopNL loader,nl.b3p.topnl.top100nl,GebouwType,21,43,3,3,9,13,7,8,4,8
BRMO TopNL loader,nl.b3p.topnl.top100nl,HoogteType,12,12,0,0,6,4,3,4,3,4
BRMO TopNL loader,nl.b3p.topnl.top100nl,JaNeeType,31,34,4,0,5,6,4,2,2,2
BRMO TopNL loader,nl.b3p.topnl.top100nl,TerreinType,8,9,0,0,4,3,2,3,2,3
BRMO TopNL loader,nl.b3p.topnl.top100nl,PointType,17,0,0,0,7,0,5,0,5,0
BRMO TopNL loader,nl.b3p.topnl.top100nl,AbstractGeometricAggregateType,10,0,0,0,4,0,3,0,3,0
BRMO TopNL loader,nl.b3p.topnl.top100nl,StringOrRefType,82,0,4,0,33,0,22,0,20,0
BRMO TopNL loader,nl.b3p.topnl.top100nl,PointPropertyType,95,0,6,0,38,0,25,0,22,0
BRMO TopNL loader,nl.b3p.topnl.top100nl,SpoorbaandeelType,20,29,1,1,10,9,6,7,5,7
BRMO TopNL loader,nl.b3p.topnl.top100nl,TypeWegT100Type,28,147,4,0,4,17,3,3,1,3
BRMO TopNL loader,nl.b3p.topnl.top100nl,MultiSurfacePropertyType,95,0,6,0,38,0,25,0,22,0
BRMO TopNL loader,nl.b3p.topnl.top100nl,SurfaceArrayPropertyType,27,0,4,0,9,0,6,0,4,0
BRMO TopNL loader,nl.b3p.topnl.top100nl,TypeFunctioneelGebiedT100Type,28,510,4,0,4,50,3,3,1,3
BRMO TopNL loader,nl.b3p.topnl.top100nl,VlakMultivlakOfPuntType,24,0,0,0,10,0,7,0,7,0
BRMO TopNL loader,nl.b3p.topnl.top100nl,TypeBronT100Type,28,37,4,0,4,7,3,3,1,3
BRMO TopNL loader,nl.b3p.topnl.top100nl,SurfacePropertyType,95,0,6,0,38,0,25,0,22,0
BRMO TopNL loader,nl.b3p.topnl.top100nl,StatusT100Type,28,70,4,0,4,10,3,3,1,3
BRMO TopNL loader,nl.b3p.topnl.top100nl,TypeSpoorbaanT100Type,28,59,4,0,4,9,3,3,1,3
BRMO TopNL loader,nl.b3p.topnl.top100nl,Top100NlObjectType.Identificatie,4,6,0,0,2,2,1,2,1,2
BRMO TopNL loader,nl.b3p.topnl.top100nl,VlakOfPuntType,17,0,0,0,7,0,5,0,5,0
BRMO TopNL loader,nl.b3p.topnl.top100nl,ObjectFactory,816,0,0,0,136,0,90,0,90,0
BRMO TopNL loader,nl.b3p.topnl.top100nl,LijnOfPuntType,17,0,0,0,7,0,5,0,5,0
BRMO TopNL loader,nl.b3p.topnl.top100nl,AbstractFeatureType,14,3,0,0,6,1,4,1,4,1
BRMO TopNL loader,nl.b3p.topnl.top100nl,TypeLandgebruikT100Type,28,246,4,0,4,26,3,3,1,3
BRMO TopNL loader,nl.b3p.topnl.top100nl,NEN3610IDType,15,9,0,0,7,3,4,3,4,3
BRMO TopNL loader,nl.b3p.topnl.top100nl,TypeInfrastructuurWegT100Type,28,37,4,0,4,7,3,3,1,3
BRMO TopNL loader,nl.b3p.topnl.top100nl,VlakOfPuntPropertyType,10,0,0,0,4,0,3,0,3,0
BRMO TopNL loader,nl.b3p.topnl.top100nl,GeografischGebiedType,53,0,4,0,19,0,13,0,11,0
BRMO TopNL loader,nl.b3p.topnl.top100nl,DirectPositionType,50,0,6,0,16,0,11,0,8,0
BRMO TopNL loader,nl.b3p.topnl.top100nl,FysiekVoorkomenWaterT100Type,31,89,4,0,5,11,4,2,2,2
BRMO TopNL loader,nl.b3p.topnl.top100nl,VlakOfMultivlakType,17,0,0,0,7,0,5,0,5,0
BRMO TopNL loader,nl.b3p.topnl.top100nl,FysiekVoorkomenSpoorT100Type,31,56,4,0,5,8,4,2,2,2
BRMO TopNL loader,nl.b3p.topnl.top100nl,FeatureCollectionTop100Type,14,0,2,0,4,0,3,0,2,0
BRMO TopNL loader,nl.b3p.topnl.top100nl,AbstractSurfaceType,3,0,0,0,1,0,1,0,1,0
BRMO TopNL loader,nl.b3p.topnl.top100nl,WegdeelType,52,135,12,10,22,39,21,20,10,20
BRMO TopNL loader,nl.b3p.topnl.top100nl,TypeGebouwT100Type,28,928,4,0,4,88,3,3,1,3
BRMO TopNL loader,nl.b3p.topnl.top100nl,EnvelopeType,71,0,6,0,25,0,17,0,14,0
BRMO TopNL loader,nl.b3p.topnl.top100nl,LocationPropertyType,107,0,6,0,42,0,28,0,25,0
BRMO TopNL loader,nl.b3p.topnl.top100nl,AbstractFeatureMemberType,13,3,2,0,5,1,3,1,2,1
BRMO TopNL loader,net.sf.saxon.style,XSLWhen,52,0,8,0,15,0,12,0,8,0
BRMO TopNL loader,net.sf.saxon.style,XSLNextMatch,100,0,12,0,24,0,13,0,7,0
BRMO TopNL loader,net.sf.saxon.style,XSLFunction,804,0,84,0,206,0,67,0,25,0
BRMO TopNL loader,net.sf.saxon.style,XSLVariableDeclaration,208,0,34,0,59,0,31,0,14,0
BRMO TopNL loader,net.sf.saxon.style,XSLComment,70,0,6,0,18,0,8,0,5,0
BRMO TopNL loader,net.sf.saxon.style,XSLValueOf,223,0,34,0,49,0,23,0,6,0
BRMO TopNL loader,net.sf.saxon.style,XSLCallTemplate,452,0,80,0,109,0,51,0,11,0
BRMO TopNL loader,net.sf.saxon.style,XSLInclude,5,0,0,0,2,0,2,0,2,0
BRMO TopNL loader,net.sf.saxon.style,UseWhenFilter.URIPreventer,5,0,0,0,1,0,1,0,1,0
BRMO TopNL loader,net.sf.saxon.style,XSLDocument,149,0,24,0,38,0,18,0,6,0
BRMO TopNL loader,net.sf.saxon.style,XSLAttribute,610,0,90,0,139,0,51,0,6,0
BRMO TopNL loader,net.sf.saxon.style,PrincipalStylesheetModule,1713,0,216,0,396,0,152,0,44,0
BRMO TopNL loader,net.sf.saxon.style,XSLNamespace,112,0,16,0,31,0,13,0,5,0
BRMO TopNL loader,net.sf.saxon.style,UseWhenStaticContext,215,0,12,0,55,0,24,0,18,0
BRMO TopNL loader,net.sf.saxon.style,XSLForEach,225,0,32,0,51,0,26,0,10,0
BRMO TopNL loader,net.sf.saxon.style,AttributeValueTemplate,295,0,42,0,59,0,24,0,3,0
BRMO TopNL loader,net.sf.saxon.style,XSLMessage,144,0,16,0,34,0,14,0,6,0
BRMO TopNL loader,net.sf.saxon.style,XSLSort,24,0,0,0,7,0,4,0,4,0
BRMO TopNL loader,net.sf.saxon.style,XSLProcessingInstruction,45,0,0,0,11,0,5,0,5,0
BRMO TopNL loader,net.sf.saxon.style,XSLCharacterMap,425,0,46,0,97,0,32,0,9,0
BRMO TopNL loader,net.sf.saxon.style,StyleElement,2860,0,430,0,778,0,317,0,102,0
BRMO TopNL loader,net.sf.saxon.style,XSLText,107,0,14,0,31,0,13,0,6,0
BRMO TopNL loader,net.sf.saxon.style,DataElement,3,0,0,0,1,0,1,0,1,0
BRMO TopNL loader,net.sf.saxon.style,XSLElement,463,0,66,0,103,0,40,0,7,0
BRMO TopNL loader,net.sf.saxon.style,XSLResultDocument,659,0,84,0,148,0,50,0,8,0
BRMO TopNL loader,net.sf.saxon.style,XSLOutputCharacter,132,0,20,0,36,0,17,0,6,0
BRMO TopNL loader,net.sf.saxon.style,ExpressionContext,521,0,38,0,100,0,50,0,31,0
BRMO TopNL loader,net.sf.saxon.style,AbsentExtensionElement,50,0,12,0,16,0,14,0,8,0
BRMO TopNL loader,net.sf.saxon.style,ExtensionInstruction,7,0,0,0,3,0,3,0,3,0
BRMO TopNL loader,net.sf.saxon.style,XSLAnalyzeString,372,0,54,0,88,0,35,0,8,0
BRMO TopNL loader,net.sf.saxon.style,StylesheetFunctionLibrary,111,0,12,0,31,0,11,0,5,0
BRMO TopNL loader,net.sf.saxon.style,XSLNumber,582,0,80,0,136,0,46,0,6,0
BRMO TopNL loader,net.sf.saxon.style,XSLDecimalFormat,360,0,52,0,88,0,34,0,8,0
BRMO TopNL loader,net.sf.saxon.style,XSLParam,341,0,44,0,84,0,30,0,8,0
BRMO TopNL loader,net.sf.saxon.style,XSLWithParam,62,0,8,0,20,0,9,0,5,0
BRMO TopNL loader,net.sf.saxon.style,XSLNamespaceAlias,151,0,18,0,42,0,17,0,8,0
BRMO TopNL loader,net.sf.saxon.style,XSLGeneralVariable,789,0,124,0,194,0,84,0,22,0
BRMO TopNL loader,net.sf.saxon.style,XSLTemplate,944,0,124,0,231,0,80,0,18,0
BRMO TopNL loader,net.sf.saxon.style,XSLImport,5,0,0,0,2,0,2,0,2,0
BRMO TopNL loader,net.sf.saxon.style,XSLLeafNodeConstructor,208,0,26,0,49,0,20,0,7,0
BRMO TopNL loader,net.sf.saxon.style,XSLChoose,341,0,54,0,90,0,34,0,7,0
BRMO TopNL loader,net.sf.saxon.style,UseWhenFilter,372,0,28,0,91,0,26,0,12,0
BRMO TopNL loader,net.sf.saxon.style,StylesheetModule,289,0,38,0,71,0,31,0,12,0
BRMO TopNL loader,net.sf.saxon.style,XSLPerformSort,159,0,24,0,42,0,20,0,8,0
BRMO TopNL loader,net.sf.saxon.style,XSLPreserveSpace,261,0,26,0,59,0,18,0,5,0
BRMO TopNL loader,net.sf.saxon.style,XSLFallback,29,0,2,0,10,0,8,0,7,0
BRMO TopNL loader,net.sf.saxon.style,XSLGeneralIncorporate.new FilterFactory() {...},16,0,0,0,2,0,2,0,2,0
BRMO TopNL loader,net.sf.saxon.style,Declaration,19,0,0,0,7,0,4,0,4,0
BRMO TopNL loader,net.sf.saxon.style,XSLCopy,358,0,50,0,86,0,31,0,6,0
BRMO TopNL loader,net.sf.saxon.style,StyleNodeFactory,626,0,92,0,160,0,76,0,6,0
BRMO TopNL loader,net.sf.saxon.style,XSLStylesheet,398,0,74,0,92,0,54,0,17,0
BRMO TopNL loader,net.sf.saxon.style,XSLImportSchema,215,0,24,0,65,0,19,0,7,0
BRMO TopNL loader,net.sf.saxon.style,XSLSortOrMergeKey,580,0,60,0,126,0,38,0,8,0
BRMO TopNL loader,net.sf.saxon.style,XSLOutput,1070,0,152,0,217,0,85,0,9,0
BRMO TopNL loader,net.sf.saxon.style,XSLOtherwise,51,0,8,0,13,0,11,0,7,0
BRMO TopNL loader,net.sf.saxon.style,XSLVariable,202,0,36,0,56,0,24,0,6,0
BRMO TopNL loader,net.sf.saxon.style,XSLKey,540,0,58,0,130,0,40,0,11,0
BRMO TopNL loader,net.sf.saxon.style,XSLApplyImports,85,0,10,0,20,0,10,0,5,0
BRMO TopNL loader,net.sf.saxon.style,LiteralResultElement,896,0,114,0,203,0,68,0,11,0
BRMO TopNL loader,net.sf.saxon.style,XSLSequence,99,0,12,0,30,0,14,0,8,0
BRMO TopNL loader,net.sf.saxon.style,XSLForEachGroup,553,0,74,0,124,0,44,0,7,0
BRMO TopNL loader,net.sf.saxon.style,XSLGeneralIncorporate,352,0,46,0,86,0,30,0,7,0
BRMO TopNL loader,net.sf.saxon.style,XSLMatchingSubstring,47,0,4,0,11,0,8,0,6,0
BRMO TopNL loader,net.sf.saxon.style,XSLCopyOf,247,0,38,0,59,0,24,0,5,0
BRMO TopNL loader,net.sf.saxon.style,XSLAttributeSet,357,0,36,0,95,0,31,0,13,0
BRMO TopNL loader,net.sf.saxon.style,XSLIf,144,0,18,0,36,0,18,0,9,0
BRMO TopNL loader,net.sf.saxon.style,XSLApplyTemplates,326,0,46,0,73,0,30,0,7,0
BRMO TopNL loader,net.sf.saxon.serialize.charcode,UTF8CharacterSet,335,0,36,0,53,0,24,0,6,0
BRMO TopNL loader,net.sf.saxon.serialize.charcode,UTF16CharacterSet,98,0,14,0,17,0,19,0,12,0
BRMO TopNL loader,net.sf.saxon.serialize.charcode,XMLCharacterData,3093,0,46,0,645,0,32,0,9,0
BRMO TopNL loader,net.sf.saxon.serialize.charcode,CharacterSetFactory,202,0,8,0,44,0,9,0,5,0
BRMO TopNL loader,net.sf.saxon.serialize.charcode,JavaCharacterSet,110,0,14,0,28,0,11,0,4,0
BRMO TopNL loader,net.sf.saxon.serialize.charcode,ASCIICharacterSet,16,0,2,0,4,0,5,0,4,0
BRMO TopNL loader,net.sf.saxon.serialize.charcode,ISO88591CharacterSet,16,0,2,0,4,0,5,0,4,0
BRMO TopNL loader,net.sf.saxon.functions,UnparsedTextLines,472,0,38,0,112,0,29,0,10,0
BRMO TopNL loader,net.sf.saxon.functions,Unordered,52,0,4,0,11,0,6,0,4,0
BRMO TopNL loader,net.sf.saxon.functions,SubstringAfter,122,0,20,0,30,0,12,0,2,0
BRMO TopNL loader,net.sf.saxon.functions,FunctionArity,40,0,0,0,6,0,4,0,4,0
BRMO TopNL loader,net.sf.saxon.functions,Sum,267,0,40,0,69,0,26,0,6,0
BRMO TopNL loader,net.sf.saxon.functions,FormatDate,1683,0,255,0,383,0,147,0,10,0
BRMO TopNL loader,net.sf.saxon.functions,ElementAvailable,116,0,2,0,28,0,6,0,5,0
BRMO TopNL loader,net.sf.saxon.functions,DocumentUriFn,93,0,18,0,24,0,15,0,6,0
BRMO TopNL loader,net.sf.saxon.functions,FunctionLibraryList,187,0,22,0,38,0,19,0,8,0
BRMO TopNL loader,net.sf.saxon.functions,Data,33,0,2,0,7,0,3,0,2,0
BRMO TopNL loader,net.sf.saxon.functions,DefaultCollation,12,0,0,0,3,0,2,0,2,0
BRMO TopNL loader,net.sf.saxon.functions,UnparsedText,499,0,38,0,120,0,32,0,13,0
BRMO TopNL loader,net.sf.saxon.functions,StaticBaseURI,17,0,2,0,5,0,3,0,2,0
BRMO TopNL loader,net.sf.saxon.functions,StandardFunction,2837,0,6,0,388,0,8,0,5,0
BRMO TopNL loader,net.sf.saxon.functions,Substring,448,0,88,0,122,0,49,0,5,0
BRMO TopNL loader,net.sf.saxon.functions,UriCollection.new ItemMappingFunction() {...},35,0,6,0,8,0,5,0,2,0
BRMO TopNL loader,net.sf.saxon.functions,SystemFunction,431,0,56,0,91,0,47,0,19,0
BRMO TopNL loader,net.sf.saxon.functions,NameFn,28,0,2,0,7,0,4,0,3,0
BRMO TopNL loader,net.sf.saxon.functions,Adjust,139,0,16,0,34,0,12,0,4,0
BRMO TopNL loader,net.sf.saxon.functions,ItemAt.ItemAtCall,112,0,24,0,26,0,14,0,2,0
BRMO TopNL loader,net.sf.saxon.functions,Last,59,0,4,0,15,0,9,0,7,0
BRMO TopNL loader,net.sf.saxon.functions,Error,311,0,36,0,54,0,29,0,8,0
BRMO TopNL loader,net.sf.saxon.functions,Minimax,607,0,82,0,164,0,57,0,16,0
BRMO TopNL loader,net.sf.saxon.functions,Lang,222,0,32,0,63,0,23,0,7,0
BRMO TopNL loader,net.sf.saxon.functions,StringToCodepoints,42,0,4,0,9,0,6,0,4,0
BRMO TopNL loader,net.sf.saxon.functions,Idref,313,0,34,0,66,0,29,0,12,0
BRMO TopNL loader,net.sf.saxon.functions,Collection.new ItemMappingFunction() {...},45,0,6,0,8,0,5,0,2,0
BRMO TopNL loader,net.sf.saxon.functions,Reverse,91,0,8,0,19,0,11,0,7,0
BRMO TopNL loader,net.sf.saxon.functions,LocalNameFn,28,0,2,0,7,0,4,0,3,0
BRMO TopNL loader,net.sf.saxon.functions,Count,51,0,4,0,11,0,7,0,5,0
BRMO TopNL loader,net.sf.saxon.functions,VendorFunctionLibrary,36,0,0,0,10,0,4,0,4,0
BRMO TopNL loader,net.sf.saxon.functions,Root,49,0,6,0,12,0,8,0,5,0
BRMO TopNL loader,net.sf.saxon.functions,Replace,383,0,54,0,92,0,36,0,9,0
BRMO TopNL loader,net.sf.saxon.functions,URIQueryParameters.RegexFilter,23,0,4,0,4,0,4,0,2,0
BRMO TopNL loader,net.sf.saxon.functions,UriCollection,118,0,10,0,33,0,12,0,7,0
BRMO TopNL loader,net.sf.saxon.functions,DocAvailable,101,0,10,0,33,0,11,0,6,0
BRMO TopNL loader,net.sf.saxon.functions,IntegratedFunctionCall,402,0,32,0,79,0,30,0,14,0
BRMO TopNL loader,net.sf.saxon.functions,URIQueryParameters,296,0,54,0,79,0,36,0,9,0
BRMO TopNL loader,net.sf.saxon.functions,Id,435,0,48,0,92,0,35,0,11,0
BRMO TopNL loader,net.sf.saxon.functions,UnparsedTextAvailable,79,0,6,0,15,0,7,0,4,0
BRMO TopNL loader,net.sf.saxon.functions,Trace.TracingIterator,84,0,4,0,19,0,9,0,7,0
BRMO TopNL loader,net.sf.saxon.functions,Put,136,0,18,0,28,0,15,0,6,0
BRMO TopNL loader,net.sf.saxon.functions,ResolveQName,77,0,2,0,17,0,5,0,4,0
BRMO TopNL loader,net.sf.saxon.functions,ConstructorFunctionLibrary,412,0,64,0,80,0,37,0,5,0
BRMO TopNL loader,net.sf.saxon.functions,NamespaceUriFn,28,0,2,0,7,0,4,0,3,0
BRMO TopNL loader,net.sf.saxon.functions,KeyFn.SubtreeFilter,15,0,2,0,6,0,3,0,2,0
BRMO TopNL loader,net.sf.saxon.functions,GenerateId,45,0,2,0,12,0,5,0,4,0
BRMO TopNL loader,net.sf.saxon.functions,NotFn,120,0,12,0,26,0,13,0,7,0
BRMO TopNL loader,net.sf.saxon.functions,Current,15,0,0,0,4,0,4,0,4,0
BRMO TopNL loader,net.sf.saxon.functions,Collection,167,0,16,0,45,0,18,0,10,0
BRMO TopNL loader,net.sf.saxon.functions,Translate,315,0,42,0,59,0,28,0,7,0
BRMO TopNL loader,net.sf.saxon.functions,FormatNumber.SubPicture,869,0,157,0,208,0,88,0,4,0
BRMO TopNL loader,net.sf.saxon.functions,Doc,258,0,32,0,65,0,31,0,15,0
BRMO TopNL loader,net.sf.saxon.functions,NormalizeSpace,137,0,22,0,37,0,17,0,6,0
BRMO TopNL loader,net.sf.saxon.functions,CompileTimeFunction,40,0,0,0,5,0,5,0,5,0
BRMO TopNL loader,net.sf.saxon.functions,FunctionName,68,0,14,0,13,0,11,0,4,0
BRMO TopNL loader,net.sf.saxon.functions,Insert,60,0,0,0,11,0,3,0,3,0
BRMO TopNL loader,net.sf.saxon.functions,IntegratedFunctionLibrary,129,0,10,0,32,0,11,0,6,0
BRMO TopNL loader,net.sf.saxon.functions,Tokenize,281,0,34,0,78,0,25,0,8,0
BRMO TopNL loader,net.sf.saxon.functions,TypeAvailable,213,0,28,0,40,0,20,0,6,0
BRMO TopNL loader,net.sf.saxon.functions,StandardFunction.Entry,3,0,0,0,1,0,1,0,1,0
BRMO TopNL loader,net.sf.saxon.functions,DateTimeConstructor,34,0,0,0,8,0,2,0,2,0
BRMO TopNL loader,net.sf.saxon.functions,FunctionAvailable,222,0,16,0,51,0,13,0,5,0
BRMO TopNL loader,net.sf.saxon.functions,SubstringBefore,116,0,20,0,26,0,12,0,2,0
BRMO TopNL loader,net.sf.saxon.functions,ExecutableFunctionLibrary,200,0,12,0,45,0,13,0,7,0
BRMO TopNL loader,net.sf.saxon.functions,Rounding,87,0,12,0,21,0,11,0,3,0
BRMO TopNL loader,net.sf.saxon.functions,BaseURI,57,0,8,0,17,0,8,0,4,0
BRMO TopNL loader,net.sf.saxon.functions,InScopePrefixes,40,0,0,0,8,0,4,0,4,0
BRMO TopNL loader,net.sf.saxon.functions,SystemProperty,351,0,64,0,71,0,38,0,6,0
BRMO TopNL loader,net.sf.saxon.functions,DistinctValues,98,0,4,0,22,0,9,0,7,0
BRMO TopNL loader,net.sf.saxon.functions,Available,39,0,8,0,9,0,6,0,2,0
BRMO TopNL loader,net.sf.saxon.functions,SystemFunctionLibrary,413,0,52,0,75,0,34,0,8,0
BRMO TopNL loader,net.sf.saxon.functions,EndsWith,99,0,16,0,19,0,11,0,3,0
BRMO TopNL loader,net.sf.saxon.functions,KeyFn,581,0,46,0,127,0,39,0,16,0
BRMO TopNL loader,net.sf.saxon.functions,NodeNameFn,37,0,4,0,10,0,5,0,3,0
BRMO TopNL loader,net.sf.saxon.functions,DeepEqual,1096,0,168,0,230,0,96,0,10,0
BRMO TopNL loader,net.sf.saxon.functions,TreatFn,32,0,4,0,9,0,8,0,5,0
BRMO TopNL loader,net.sf.saxon.functions,DistinctValues.DistinctIterator,76,0,4,0,23,0,9,0,7,0
BRMO TopNL loader,net.sf.saxon.functions,ResolveURI,528,0,70,0,111,0,46,0,11,0
BRMO TopNL loader,net.sf.saxon.functions,Exists,140,0,16,0,28,0,15,0,7,0
BRMO TopNL loader,net.sf.saxon.functions,InScopePrefixes.new SequenceIterator() {...},92,0,6,0,22,0,10,0,7,0
BRMO TopNL loader,net.sf.saxon.functions,StringJoin,334,0,48,0,80,0,35,0,11,0
BRMO TopNL loader,net.sf.saxon.functions,UnparsedEntity,256,0,26,0,57,0,20,0,7,0
BRMO TopNL loader,net.sf.saxon.functions,Matches,309,0,42,0,78,0,29,0,8,0
BRMO TopNL loader,net.sf.saxon.functions,CurrentGroupingKey,23,0,4,0,7,0,6,0,4,0
BRMO TopNL loader,net.sf.saxon.functions,StringLength,134,0,18,0,35,0,17,0,8,0
BRMO TopNL loader,net.sf.saxon.functions,Remove,145,0,14,0,35,0,15,0,8,0
BRMO TopNL loader,net.sf.saxon.functions,CodepointsToString,111,0,12,0,21,0,10,0,4,0
BRMO TopNL loader,net.sf.saxon.functions,CollatingFunction,375,0,44,0,90,0,34,0,12,0
BRMO TopNL loader,net.sf.saxon.functions,Id.IdMappingFunction,43,0,4,0,8,0,3,0,1,0
BRMO TopNL loader,net.sf.saxon.functions,IndexOf.IndexIterator,102,0,6,0,29,0,10,0,7,0
BRMO TopNL loader,net.sf.saxon.functions,ForceCase,33,0,5,0,8,0,5,0,2,0
BRMO TopNL loader,net.sf.saxon.functions,NormalizeUnicode,182,0,28,0,43,0,18,0,4,0
BRMO TopNL loader,net.sf.saxon.functions,Average,225,0,28,0,66,0,21,0,7,0
BRMO TopNL loader,net.sf.saxon.functions,IsWholeNumber,31,0,0,0,9,0,8,0,8,0
BRMO TopNL loader,net.sf.saxon.functions,QNameFn,216,0,16,0,45,0,11,0,3,0
BRMO TopNL loader,net.sf.saxon.functions,FormatNumber,1000,0,114,0,211,0,72,0,15,0
BRMO TopNL loader,net.sf.saxon.functions,NumberFn,175,0,32,0,43,0,22,0,6,0
BRMO TopNL loader,net.sf.saxon.functions,Trace,264,0,16,0,50,0,17,0,9,0
BRMO TopNL loader,net.sf.saxon.functions,DocumentFn.DocumentMappingFunction,31,0,4,0,9,0,4,0,2,0
BRMO TopNL loader,net.sf.saxon.functions,Concat,106,0,12,0,25,0,11,0,5,0
BRMO TopNL loader,net.sf.saxon.functions,Idref.IdrefMappingFunction,15,0,0,0,2,0,1,0,1,0
BRMO TopNL loader,net.sf.saxon.functions,StringFn,160,0,24,0,32,0,18,0,6,0
BRMO TopNL loader,net.sf.saxon.functions,KeyFn.new MappingFunction() {...},29,0,0,0,2,0,2,0,2,0
BRMO TopNL loader,net.sf.saxon.functions,Insert.InsertIterator,142,0,18,0,37,0,16,0,7,0
BRMO TopNL loader,net.sf.saxon.functions,Remove.RemoveIterator,103,0,12,0,25,0,14,0,8,0
BRMO TopNL loader,net.sf.saxon.functions,BooleanFn,249,0,36,0,56,0,28,0,10,0
BRMO TopNL loader,net.sf.saxon.functions,Component,208,0,9,0,24,0,15,0,8,0
BRMO TopNL loader,net.sf.saxon.functions,IntegratedFunctionCall.new ItemMappingFunction() {...},70,0,2,0,8,0,3,0,2,0
BRMO TopNL loader,net.sf.saxon.functions,CodepointEqual,64,0,8,0,16,0,7,0,3,0
BRMO TopNL loader,net.sf.saxon.functions,Compare,101,0,16,0,28,0,12,0,4,0
BRMO TopNL loader,net.sf.saxon.functions,IndexOf,90,0,2,0,19,0,5,0,4,0
BRMO TopNL loader,net.sf.saxon.functions,IsWholeNumber.IsWholeNumberCall,22,0,4,0,3,0,4,0,2,0
BRMO TopNL loader,net.sf.saxon.functions,Subsequence,364,0,64,0,83,0,40,0,8,0
BRMO TopNL loader,net.sf.saxon.functions,StartsWith,100,0,16,0,19,0,11,0,3,0
BRMO TopNL loader,net.sf.saxon.functions,Contains,132,0,18,0,24,0,14,0,5,0
BRMO TopNL loader,net.sf.saxon.functions,DocAvailable.ErrorDiscarder,11,0,0,0,5,0,5,0,5,0
BRMO TopNL loader,net.sf.saxon.functions,Position,78,0,6,0,21,0,10,0,7,0
BRMO TopNL loader,net.sf.saxon.functions,RegexGroup,40,0,4,0,12,0,6,0,4,0
BRMO TopNL loader,net.sf.saxon.functions,CurrentDateTime,47,0,5,0,13,0,9,0,5,0
BRMO TopNL loader,net.sf.saxon.functions,Nilled,59,0,12,0,13,0,11,0,5,0
BRMO TopNL loader,net.sf.saxon.functions,EscapeURI,582,0,78,0,100,0,50,0,10,0
BRMO TopNL loader,net.sf.saxon.functions,CurrentGroup,19,0,2,0,7,0,5,0,4,0
BRMO TopNL loader,net.sf.saxon.functions,NamespaceForPrefix,65,0,4,0,14,0,6,0,4,0
BRMO TopNL loader,net.sf.saxon.functions,DocumentFn,1187,0,134,0,315,0,86,0,19,0
BRMO TopNL loader,net.sf.saxon.functions,Empty,144,0,18,0,28,0,16,0,7,0
BRMO TopNL loader,net.sf.saxon.functions,ItemAt,44,0,0,0,11,0,9,0,9,0
BRMO TopNL loader,net.sf.saxon.functions,Aggregate,22,0,0,0,5,0,2,0,2,0
BRMO TopNL loader,nl.b3p.topnl.top10nl,GebouwType,47,38,4,2,19,12,12,9,9,9
BRMO TopNL loader,nl.b3p.topnl.top10nl,MultiSurfaceType,21,0,2,0,7,0,5,0,4,0
BRMO TopNL loader,nl.b3p.topnl.top10nl,AbstractFeatureType,14,3,0,0,6,1,4,1,4,1
BRMO TopNL loader,nl.b3p.topnl.top10nl,BRTVlakMultivlakOfPuntType,24,0,0,0,10,0,7,0,7,0
BRMO TopNL loader,nl.b3p.topnl.top10nl,FeatureCollectionT10NLType,14,0,2,0,4,0,3,0,2,0
BRMO TopNL loader,nl.b3p.topnl.top10nl,WegdeelType,79,117,8,8,35,35,26,21,18,21
BRMO TopNL loader,nl.b3p.topnl.top10nl,AbstractFeatureMemberType,13,3,2,0,5,1,3,1,2,1
BRMO TopNL loader,nl.b3p.topnl.top10nl,DirectPositionType,50,0,6,0,16,0,11,0,8,0
BRMO TopNL loader,nl.b3p.topnl.top10nl,AbstractGMLType,50,3,4,0,18,1,12,1,10,1
BRMO TopNL loader,nl.b3p.topnl.top10nl,Adapter1,13,0,2,0,5,0,4,0,3,0
BRMO TopNL loader,nl.b3p.topnl.top10nl,Adapter2,7,6,2,0,3,2,2,2,1,2
BRMO TopNL loader,nl.b3p.topnl.top10nl,CurvePropertyType,95,0,6,0,38,0,25,0,22,0
BRMO TopNL loader,nl.b3p.topnl.top10nl,PlanTopografieType,12,12,0,0,6,4,3,4,3,4
BRMO TopNL loader,nl.b3p.topnl.top10nl,BRTHogeEnLageZijdeType,11,6,0,0,5,2,3,2,3,2
BRMO TopNL loader,nl.b3p.topnl.top10nl,LocationPropertyType,107,0,6,0,42,0,28,0,25,0
BRMO TopNL loader,nl.b3p.topnl.top10nl,AbstractGeometricAggregateType,10,0,0,0,4,0,3,0,3,0
BRMO TopNL loader,nl.b3p.topnl.top10nl,BRTVlakLijnOfPuntPropertyType,10,0,0,0,4,0,3,0,3,0
BRMO TopNL loader,nl.b3p.topnl.top10nl,AggregationType,31,78,4,0,5,10,4,2,2,2
BRMO TopNL loader,nl.b3p.topnl.top10nl,MetaDataPropertyType,89,0,4,0,36,0,24,0,22,0
BRMO TopNL loader,nl.b3p.topnl.top10nl,PlaatsType,38,21,0,0,18,7,10,7,10,7
BRMO TopNL loader,nl.b3p.topnl.top10nl,InrichtingselementType,55,12,4,0,21,4,13,4,11,4
[...]
BRMO TopNL loader,net.sf.saxon.expr.sort,GroupStartingIterator,75,0,4,0,21,0,5,0,3,0
BRMO TopNL loader,net.sf.saxon.expr.sort,GroupToBeSorted,4,0,0,0,2,0,1,0,1,0
BRMO TopNL loader,net.sf.saxon.expr.sort,IntUniversalSet,60,0,2,0,17,0,16,0,15,0
BRMO TopNL loader,net.sf.saxon.expr.sort,CollatingAtomicComparer,72,0,12,0,19,0,12,0,6,0
BRMO TopNL loader,net.sf.saxon.expr.sort,NumericComparer11,13,0,0,0,5,0,3,0,3,0
BRMO TopNL loader,net.sf.saxon.expr.sort,IntToIntArrayMap,202,0,20,0,46,0,21,0,11,0
BRMO TopNL loader,net.sf.saxon.expr.sort,LRUCache.new LinkedHashMap() {...},21,0,2,0,2,0,3,0,2,0
BRMO TopNL loader,net.sf.saxon.expr.sort,EmptyIntIterator,11,0,0,0,4,0,4,0,4,0
BRMO TopNL loader,net.sf.saxon.expr.sort,CaseFirstCollator,132,0,34,0,29,0,21,0,4,0
BRMO TopNL loader,net.sf.saxon.expr.sort,IntHashMap.IntHashMapValueIterator,62,0,6,0,14,0,7,0,4,0
BRMO TopNL loader,net.sf.saxon.expr.sort,CalendarValueComparer,48,0,8,0,12,0,10,0,6,0
BRMO TopNL loader,net.sf.saxon.expr.sort,SortedGroupIterator,165,0,10,0,34,0,9,0,4,0
BRMO TopNL loader,net.sf.saxon.expr.sort,EmptyGreatestComparer,89,0,22,0,22,0,18,0,7,0
BRMO TopNL loader,net.sf.saxon.expr.sort,GlobalOrderComparer,38,0,4,0,10,0,6,0,4,0
BRMO TopNL loader,net.sf.saxon.expr.sort,IntComplementSet,143,0,20,0,35,0,25,0,15,0
BRMO TopNL loader,net.sf.saxon.expr.sort,SortedIterator,456,0,46,0,104,0,38,0,15,0
BRMO TopNL loader,net.sf.saxon.expr.sort,LocalOrderComparer,20,0,0,0,6,0,4,0,4,0
BRMO TopNL loader,net.sf.saxon.expr.sort,IntHashSet.IntHashSetIterator,52,0,4,0,10,0,5,0,3,0
BRMO TopNL loader,net.sf.saxon.expr.sort,DecimalSortComparer,13,0,0,0,3,0,3,0,3,0
BRMO TopNL loader,net.sf.saxon.expr.sort,EqualityComparer,28,0,0,0,7,0,7,0,7,0
BRMO TopNL loader,net.sf.saxon.expr.sort,NumericComparer,154,0,26,0,44,0,22,0,9,0
BRMO TopNL loader,net.sf.saxon.expr.sort,LRUCache,45,0,2,0,13,0,7,0,6,0
BRMO TopNL loader,net.sf.saxon.expr.sort,IntHashSet,689,0,88,0,138,0,64,0,20,0
BRMO TopNL loader,net.sf.saxon.expr.sort,RuleBasedSubstringMatcher,295,0,42,0,81,0,34,0,13,0
BRMO TopNL loader,net.sf.saxon.expr.sort,IntToIntHashMap,390,0,50,0,81,0,41,0,16,0
BRMO TopNL loader,net.sf.saxon.expr.sort,DocumentSorter,143,0,14,0,32,0,18,0,11,0
BRMO TopNL loader,net.sf.saxon.expr.sort,CodepointCollator,151,0,22,0,37,0,23,0,12,0
BRMO TopNL loader,net.sf.saxon.expr.sort,IntEmptySet.new IntIterator() {...},10,0,0,0,3,0,3,0,3,0
BRMO TopNL loader,net.sf.saxon.expr.sort,AtomicSortComparer,309,0,51,0,64,0,38,0,11,0
BRMO TopNL loader,net.sf.saxon.expr.sort,GenericAtomicComparer,260,0,56,0,49,0,37,0,8,0
BRMO TopNL loader,net.sf.saxon.expr.sort,IntHashMap.new IntSet() {...},93,0,6,0,18,0,17,0,14,0
BRMO TopNL loader,net.sf.saxon.expr.sort,DocumentOrderIterator,119,0,8,0,30,0,14,0,10,0
BRMO TopNL loader,net.sf.saxon.expr.sort,GroupEndingIterator,87,0,8,0,21,0,7,0,3,0
BRMO TopNL loader,net.sf.saxon.expr.sort,IntEmptySet,49,0,0,0,15,0,15,0,15,0
BRMO TopNL loader,net.sf.saxon.expr.sort,ObjectToBeSorted,7,0,0,0,3,0,1,0,1,0
BRMO TopNL loader,net.sf.saxon.expr.sort,ComparisonKey,42,0,6,0,9,0,6,0,3,0
BRMO TopNL loader,net.sf.saxon.expr.sort,IntHashMap.IntHashMapKeyIterator,49,0,4,0,10,0,5,0,3,0
BRMO TopNL loader,net.sf.saxon.expr.sort,AbstractIntSet,145,0,32,0,42,0,21,0,5,0
BRMO TopNL loader,net.sf.saxon.expr.sort,DoubleSortComparer,73,0,16,0,21,0,15,0,7,0
BRMO TopNL loader,net.sf.saxon.expr.sort,AlphanumericCollator,175,0,26,0,41,0,18,0,5,0
BRMO TopNL loader,net.sf.saxon.expr.sort,GroupAdjacentIterator,227,0,10,0,57,0,16,0,11,0
BRMO TopNL loader,net.sf.saxon.expr.sort,SimpleCollation,37,0,2,0,10,0,8,0,7,0
BRMO TopNL loader,net.sf.saxon.expr.sort,DescendingComparer,48,0,2,0,12,0,8,0,7,0
BRMO TopNL loader,net.sf.saxon.expr.sort,IntArraySet,595,0,66,0,118,0,54,0,21,0
BRMO TopNL loader,net.sf.saxon.expr.sort,IntSingletonSet,100,0,12,0,30,0,20,0,14,0
BRMO TopNL loader,net.sf.saxon.expr.sort,GroupMatchingIterator,62,0,4,0,19,0,11,0,9,0
BRMO TopNL loader,net.sf.saxon.expr.sort,SortExpression,1036,0,122,0,210,0,84,0,23,0
BRMO TopNL loader,net.sf.saxon.expr.sort,IntArraySet.IntArraySetIterator,35,0,2,0,6,0,4,0,3,0
BRMO TopNL loader,net.sf.saxon.expr.sort,ConditionalSorter,197,0,18,0,53,0,25,0,16,0
BRMO TopNL loader,net.sf.saxon.expr.sort,ItemToBeSorted,4,0,0,0,2,0,1,0,1,0
BRMO TopNL loader,net.sf.saxon.expr.sort,IntToIntHashMap.IntToIntHashMapKeyIterator,49,0,4,0,10,0,5,0,3,0
BRMO TopNL loader,net.sf.saxon.expr.sort,SortKeyDefinition,837,0,90,0,191,0,82,0,37,0
BRMO TopNL loader,net.sf.saxon.expr.sort,IntHashMap,420,0,54,0,90,0,44,0,17,0
BRMO TopNL loader,net.sf.saxon.expr.sort,CodepointCollatingComparer,58,0,6,0,17,0,10,0,7,0
BRMO TopNL loader,net.sf.saxon.expr.sort,IntSingletonSet.new IntIterator() {...},23,0,2,0,5,0,4,0,3,0
BRMO TopNL loader,net.sf.saxon.expr.sort,ComparableAtomicValueComparer,43,0,6,0,12,0,11,0,8,0
BRMO TopNL loader,net.sf.saxon.expr.sort,TextComparer,71,0,8,0,15,0,12,0,8,0
BRMO TopNL loader,net.sf.saxon.expr.sort,IntRangeSet.IntRangeSetIterator,94,0,10,0,17,0,8,0,3,0
BRMO TopNL loader,net.sf.saxon.expr.sort,IntRangeSet,1018,0,76,0,169,0,58,0,20,0
BRMO TopNL loader,net.sf.saxon.expr.sort,IntToIntArrayMap.KeyIterator,34,0,2,0,6,0,4,0,3,0
BRMO TopNL loader,net.sf.saxon.expr.sort,GenericSorter,598,0,104,0,105,0,58,0,6,0
BRMO TopNL loader,net.sf.saxon.tree.tiny,TinyTextImpl,76,0,0,0,16,0,8,0,8,0
BRMO TopNL loader,net.sf.saxon.tree.tiny,TinyAttributeImpl,248,0,8,0,42,0,30,0,26,0
BRMO TopNL loader,net.sf.saxon.tree.tiny,TinyDocumentImpl,426,0,58,0,113,0,59,0,30,0
BRMO TopNL loader,net.sf.saxon.tree.tiny,TinyBuilder,1124,0,126,0,206,0,86,0,23,0
BRMO TopNL loader,net.sf.saxon.tree.tiny,CharSlice,255,0,22,0,47,0,25,0,14,0
BRMO TopNL loader,net.sf.saxon.tree.tiny,TinyTree,2636,0,325,0,544,0,234,0,67,0
BRMO TopNL loader,net.sf.saxon.tree.tiny,FollowingEnumeration,135,0,20,0,35,0,14,0,4,0
BRMO TopNL loader,net.sf.saxon.tree.tiny,AttributeEnumeration,184,0,18,0,39,0,16,0,7,0
BRMO TopNL loader,net.sf.saxon.tree.tiny,PrecedingEnumeration,134,0,16,0,33,0,11,0,3,0
BRMO TopNL loader,net.sf.saxon.tree.tiny,TinyBuilderCondensed,190,0,18,0,38,0,13,0,4,0
BRMO TopNL loader,net.sf.saxon.tree.tiny,TinyProcInstImpl,80,0,2,0,19,0,10,0,9,0
BRMO TopNL loader,net.sf.saxon.tree.tiny,WhitespaceTextImpl,117,0,0,0,18,0,10,0,10,0
BRMO TopNL loader,net.sf.saxon.tree.tiny,LargeStringBuffer,512,0,46,0,106,0,35,0,12,0
BRMO TopNL loader,net.sf.saxon.tree.tiny,TinyCommentImpl,69,0,2,0,15,0,7,0,6,0
BRMO TopNL loader,net.sf.saxon.tree.tiny,TinyElementImpl,817,0,139,0,187,0,89,0,17,0
BRMO TopNL loader,net.sf.saxon.tree.tiny,TinyTreeEventIterator,368,0,41,0,65,0,28,0,6,0
BRMO TopNL loader,net.sf.saxon.tree.tiny,AncestorEnumeration,106,0,22,0,24,0,15,0,4,0
BRMO TopNL loader,net.sf.saxon.tree.tiny,TinyParentNodeImpl,140,0,26,0,25,0,18,0,5,0
BRMO TopNL loader,net.sf.saxon.tree.tiny,SiblingEnumeration,448,0,69,0,104,0,46,0,9,0
BRMO TopNL loader,net.sf.saxon.tree.tiny,CompressedWhitespace,732,0,84,0,126,0,57,0,15,0
BRMO TopNL loader,net.sf.saxon.tree.tiny,PrecedingSiblingEnumeration,86,0,6,0,21,0,6,0,3,0
BRMO TopNL loader,net.sf.saxon.tree.tiny,TinyBuilderMonitor,229,0,20,0,57,0,20,0,10,0
BRMO TopNL loader,net.sf.saxon.tree.tiny,DescendantEnumeration,126,0,10,0,29,0,8,0,3,0
BRMO TopNL loader,net.sf.saxon.tree.tiny,TinyAttributeCollection,252,0,20,0,36,0,30,0,20,0
BRMO TopNL loader,net.sf.saxon.tree.tiny,TinyNodeImpl,857,0,141,0,167,0,120,0,43,0
BRMO TopNL loader,net.sf.saxon.event,ContentHandlerProxyLocator,52,0,6,0,18,0,9,0,6,0
BRMO TopNL loader,net.sf.saxon.event,ComplexContentOutputter,1118,0,126,0,241,0,84,0,21,0
BRMO TopNL loader,net.sf.saxon.event,StartTagBuffer,590,0,54,0,115,0,48,0,21,0
BRMO TopNL loader,net.sf.saxon.event,Sink,20,0,0,0,17,0,16,0,16,0
BRMO TopNL loader,net.sf.saxon.event,ProxyReceiver,156,0,10,0,49,0,26,0,21,0
BRMO TopNL loader,net.sf.saxon.event,Transmitter,10,0,0,0,4,0,3,0,3,0
BRMO TopNL loader,net.sf.saxon.event,PipelineConfiguration,203,0,10,0,66,0,34,0,29,0
BRMO TopNL loader,net.sf.saxon.event,ReceivingContentHandler.LocalLocator,83,0,14,0,8,0,15,0,8,0
BRMO TopNL loader,net.sf.saxon.event,IDFilter,176,0,34,0,54,0,28,0,11,0
BRMO TopNL loader,net.sf.saxon.event,BuilderMonitor,4,0,0,0,2,0,1,0,1,0
BRMO TopNL loader,net.sf.saxon.event,NamespaceReducer,412,0,56,0,77,0,37,0,9,0
BRMO TopNL loader,net.sf.saxon.event,NamePoolConverter,67,0,0,0,14,0,5,0,5,0
BRMO TopNL loader,net.sf.saxon.event,CommentStripper,100,0,12,0,28,0,13,0,7,0
BRMO TopNL loader,net.sf.saxon.event,PIGrabber,230,0,50,0,50,0,34,0,9,0
BRMO TopNL loader,net.sf.saxon.event,Builder,216,0,18,0,54,0,27,0,18,0
BRMO TopNL loader,net.sf.saxon.event,NoOpenStartTagException,126,0,18,0,20,0,11,0,2,0
BRMO TopNL loader,net.sf.saxon.event,TransformerReceiver,101,0,6,0,31,0,10,0,7,0
BRMO TopNL loader,net.sf.saxon.event,PathMaintainer.PathElement,9,0,0,0,4,0,1,0,1,0
BRMO TopNL loader,net.sf.saxon.event,Stripper.StripRuleTarget,4,0,0,0,2,0,2,0,2,0
BRMO TopNL loader,net.sf.saxon.event,SequenceOutputter,139,0,13,0,35,0,18,0,11,0
BRMO TopNL loader,net.sf.saxon.event,PipelineConfiguration.DummyLocationProvider,11,0,0,0,4,0,4,0,4,0
BRMO TopNL loader,net.sf.saxon.event,EventSource,10,0,0,0,4,0,3,0,3,0
BRMO TopNL loader,net.sf.saxon.event,TracingFilter,435,0,6,0,58,0,20,0,17,0
BRMO TopNL loader,net.sf.saxon.event,LocationCopier,30,0,2,0,9,0,6,0,5,0
BRMO TopNL loader,net.sf.saxon.event,ContentHandlerProxy,532,0,56,0,164,0,62,0,34,0
BRMO TopNL loader,net.sf.saxon.event,PathMaintainer,166,0,10,0,39,0,9,0,4,0
BRMO TopNL loader,net.sf.saxon.event,ReceivingContentHandler,864,0,98,0,230,0,80,0,31,0
BRMO TopNL loader,net.sf.saxon.event,CopyNamespaceSensitiveException,4,0,0,0,2,0,1,0,1,0
BRMO TopNL loader,net.sf.saxon.event,Stripper,227,0,26,0,45,0,23,0,10,0
BRMO TopNL loader,net.sf.saxon.event,Stripper.new Stripper.StripRuleTarget() {...},3,0,0,0,1,0,1,0,1,0
BRMO TopNL loader,net.sf.saxon.event,Stripper.new Stripper.StripRuleTarget() {...},3,0,0,0,1,0,1,0,1,0
BRMO TopNL loader,net.sf.saxon.event,TreeReceiver,464,0,66,0,118,0,52,0,19,0
BRMO TopNL loader,net.sf.saxon.event,SequenceReceiver,46,0,0,0,18,0,10,0,10,0
BRMO TopNL loader,net.sf.saxon.event,TeeOutputter,202,0,8,0,55,0,23,0,19,0
BRMO TopNL loader,net.sf.saxon.event,SequenceCopier,17,0,2,0,8,0,2,0,1,0
BRMO TopNL loader,net.sf.saxon.event,ReceiverOptions,3,0,0,0,1,0,1,0,1,0
BRMO TopNL loader,net.sf.saxon.event,StreamWriterToReceiver,978,0,130,0,239,0,109,0,44,0
BRMO TopNL loader,net.sf.saxon.event,Sender,1160,0,156,0,292,0,86,0,8,0
BRMO TopNL loader,net.sf.saxon.event,SequenceWriter,565,0,68,0,146,0,50,0,16,0
BRMO TopNL loader,net.sf.saxon.event,TypeCheckingFilter,547,0,56,0,114,0,44,0,16,0
BRMO TopNL loader,net.sf.saxon.event,ContentHandlerProxy.ContentHandlerProxyTraceListener,38,0,2,0,15,0,10,0,9,0
BRMO TopNL loader,net.sf.saxon.value,Value,395,0,84,0,123,0,71,0,24,0
BRMO TopNL loader,net.sf.saxon.value,BigIntegerValue.BigIntegerComparable,76,0,12,0,17,0,11,0,5,0
BRMO TopNL loader,net.sf.saxon.value,ObjectValue,142,0,14,0,33,0,23,0,16,0
BRMO TopNL loader,net.sf.saxon.value,QNameValue.QNameComparable,38,0,6,0,5,0,8,0,5,0
BRMO TopNL loader,net.sf.saxon.value,SingletonClosure,75,0,8,0,23,0,11,0,7,0
BRMO TopNL loader,net.sf.saxon.value,SingletonItem,261,0,52,0,62,0,40,0,11,0
BRMO TopNL loader,net.sf.saxon.value,SequenceExtent,568,0,71,0,131,0,56,0,20,0
BRMO TopNL loader,net.sf.saxon.value,GDateValue,854,0,144,0,159,0,91,0,17,0
BRMO TopNL loader,net.sf.saxon.value,BigIntegerValue,584,0,58,0,123,0,64,0,35,0
BRMO TopNL loader,net.sf.saxon.value,QualifiedNameValue,137,0,12,0,24,0,21,0,15,0
BRMO TopNL loader,net.sf.saxon.value,FloatingPointConverter,1598,0,172,0,297,0,93,0,7,0
BRMO TopNL loader,net.sf.saxon.value,GMonthValue,146,0,6,0,34,0,12,0,9,0
BRMO TopNL loader,net.sf.saxon.value,EmptySequence,47,0,2,0,15,0,14,0,13,0
BRMO TopNL loader,net.sf.saxon.value,FloatValue,404,0,56,0,70,0,56,0,28,0
BRMO TopNL loader,net.sf.saxon.value,CalendarValue,271,0,40,0,69,0,34,0,14,0
BRMO TopNL loader,net.sf.saxon.value,DateTimeValue,2095,0,281,0,460,0,184,0,39,0
BRMO TopNL loader,net.sf.saxon.value,NumericValue,84,0,16,0,23,0,15,0,7,0
BRMO TopNL loader,net.sf.saxon.value,TextFragmentValue,319,0,32,0,90,0,66,0,47,0
BRMO TopNL loader,net.sf.saxon.value,MemoClosure,426,0,65,0,105,0,45,0,10,0
BRMO TopNL loader,net.sf.saxon.value,MemoClosure.ProgressiveIterator,237,0,42,0,51,0,31,0,10,0
BRMO TopNL loader,net.sf.saxon.value,GYearValue,181,0,14,0,39,0,16,0,9,0
BRMO TopNL loader,net.sf.saxon.value,NotationValue,169,0,22,0,37,0,20,0,9,0
BRMO TopNL loader,net.sf.saxon.value,BooleanValue,230,0,44,0,45,0,38,0,16,0
BRMO TopNL loader,net.sf.saxon.value,HexBinaryValue,256,0,20,0,50,0,23,0,13,0
BRMO TopNL loader,net.sf.saxon.value,Base64BinaryValue.Base64BinaryComparable,37,0,6,0,7,0,8,0,5,0
BRMO TopNL loader,net.sf.saxon.value,AnyURIValue,237,0,50,0,58,0,33,0,8,0
BRMO TopNL loader,net.sf.saxon.value,BooleanValue.BooleanComparable,43,0,10,0,7,0,10,0,5,0
BRMO TopNL loader,net.sf.saxon.value,Int64Value,1078,0,132,0,169,0,102,0,36,0
BRMO TopNL loader,net.sf.saxon.value,NotationValue.NotationComparable,38,0,6,0,5,0,8,0,5,0
BRMO TopNL loader,net.sf.saxon.value,DurationValue.DurationComparable,340,0,28,0,45,0,20,0,6,0
BRMO TopNL loader,net.sf.saxon.value,DecimalValue,689,0,84,0,159,0,74,0,29,0
BRMO TopNL loader,net.sf.saxon.value,DayTimeDurationValue,672,0,94,0,143,0,65,0,18,0
BRMO TopNL loader,net.sf.saxon.value,YearMonthDurationValue,292,0,34,0,67,0,31,0,14,0
BRMO TopNL loader,net.sf.saxon.value,TextFragmentValue.TextFragmentTextNode,249,0,26,0,64,0,55,0,39,0
BRMO TopNL loader,net.sf.saxon.value,AtomicValue,195,0,28,0,45,0,34,0,20,0
BRMO TopNL loader,net.sf.saxon.value,TimeValue.TimeComparable,43,0,4,0,9,0,7,0,5,0
BRMO TopNL loader,net.sf.saxon.value,IntegerRange,123,0,16,0,28,0,17,0,9,0
BRMO TopNL loader,net.sf.saxon.value,SequenceType,335,0,26,0,79,0,22,0,9,0
BRMO TopNL loader,net.sf.saxon.value,ShareableSequence,313,0,51,0,79,0,39,0,13,0
BRMO TopNL loader,net.sf.saxon.value,Cardinality,175,0,55,0,48,0,41,0,9,0
BRMO TopNL loader,net.sf.saxon.value,Closure,265,0,30,0,72,0,28,0,13,0
BRMO TopNL loader,net.sf.saxon.value,DoubleValue,675,0,86,0,122,0,73,0,30,0
BRMO TopNL loader,net.sf.saxon.value,StringToDouble11,12,0,0,0,4,0,4,0,4,0
BRMO TopNL loader,net.sf.saxon.value,Base64BinaryValue,151,0,8,0,38,0,17,0,13,0
BRMO TopNL loader,net.sf.saxon.value,GYearMonthValue,194,0,14,0,41,0,16,0,9,0
BRMO TopNL loader,net.sf.saxon.value,Value.ValueSchemaComparable,116,0,22,0,31,0,16,0,5,0
BRMO TopNL loader,net.sf.saxon.value,Int64Value.Int64Comparable,86,0,16,0,21,0,13,0,5,0
BRMO TopNL loader,net.sf.saxon.value,StringValue.CharacterIterator,125,0,8,0,27,0,11,0,7,0
BRMO TopNL loader,net.sf.saxon.value,DecimalValue.DecimalComparable,76,0,10,0,18,0,10,0,5,0
BRMO TopNL loader,net.sf.saxon.value,TimeValue,995,0,137,0,228,0,95,0,24,0
BRMO TopNL loader,net.sf.saxon.value,StringValue,471,0,64,0,97,0,60,0,28,0
BRMO TopNL loader,net.sf.saxon.value,GDateValue.GDateComparable,53,0,6,0,11,0,8,0,5,0
BRMO TopNL loader,net.sf.saxon.value,Base64BinaryValue.Base64Encoder,603,0,30,0,60,0,22,0,7,0
BRMO TopNL loader,net.sf.saxon.value,IntegerValue,710,0,92,0,102,0,59,0,13,0
BRMO TopNL loader,net.sf.saxon.value,GMonthDayValue,156,0,6,0,36,0,12,0,9,0
BRMO TopNL loader,net.sf.saxon.value,GDayValue,144,0,6,0,34,0,12,0,9,0
BRMO TopNL loader,net.sf.saxon.value,Whitespace,482,0,81,0,101,0,53,0,11,0
BRMO TopNL loader,net.sf.saxon.value,QNameValue,214,0,32,0,51,0,26,0,10,0
BRMO TopNL loader,net.sf.saxon.value,DurationValue,1242,0,206,0,249,0,143,0,34,0
BRMO TopNL loader,net.sf.saxon.value,UntypedAtomicValue,151,0,12,0,30,0,11,0,5,0
BRMO TopNL loader,net.sf.saxon.value,DateValue,836,0,66,0,167,0,58,0,25,0
BRMO TopNL loader,net.sf.saxon.value,DateTimeValue.DateTimeComparable,164,0,22,0,32,0,16,0,5,0
BRMO TopNL loader,net.sf.saxon.value,Base64BinaryValue.Base64Decoder,1419,0,56,0,84,0,35,0,7,0
BRMO TopNL loader,net.sf.saxon.value,HexBinaryValue.HexBinaryComparable,37,0,6,0,7,0,8,0,5,0
BRMO TopNL loader,net.sf.saxon.trace,TraceCodeInjector,33,0,2,0,9,0,4,0,3,0
BRMO TopNL loader,net.sf.saxon.trace,ContextStackFrame.VariableEvaluation,28,0,0,0,6,0,4,0,4,0
BRMO TopNL loader,net.sf.saxon.trace,ContextStackFrame.BuiltInTemplateRule,7,0,0,0,3,0,2,0,2,0
BRMO TopNL loader,net.sf.saxon.trace,ContextStackIterator,229,0,24,0,66,0,17,0,5,0
BRMO TopNL loader,net.sf.saxon.trace,XSLTTraceCodeInjector,15,0,2,0,4,0,3,0,2,0
BRMO TopNL loader,net.sf.saxon.trace,ContextStackFrame,185,0,24,0,40,0,23,0,11,0
BRMO TopNL loader,net.sf.saxon.trace,XQueryTraceListener,85,0,39,0,42,0,41,0,3,0
BRMO TopNL loader,net.sf.saxon.trace,TimingCodeInjector,20,0,4,0,5,0,5,0,3,0
BRMO TopNL loader,net.sf.saxon.trace,ContextStackFrame.CallTemplate,35,0,2,0,7,0,5,0,4,0
BRMO TopNL loader,net.sf.saxon.trace,ExpressionPresenter,257,0,4,0,76,0,16,0,14,0
BRMO TopNL loader,net.sf.saxon.trace,ContextStackFrame.ApplyTemplates,33,0,2,0,6,0,3,0,2,0
BRMO TopNL loader,net.sf.saxon.trace,ContextStackFrame.CallingApplication,4,0,0,0,2,0,2,0,2,0
BRMO TopNL loader,net.sf.saxon.trace,TimingTraceListener,454,0,26,0,96,0,22,0,9,0
BRMO TopNL loader,net.sf.saxon.trace,XSLTTraceListener,32,0,8,0,13,0,11,0,5,0
BRMO TopNL loader,net.sf.saxon.trace,TraceEventMulticaster,165,0,18,0,46,0,22,0,13,0
BRMO TopNL loader,net.sf.saxon.trace,ContextStackFrame.FunctionCall,33,0,2,0,6,0,5,0,4,0
BRMO TopNL loader,net.sf.saxon.trace,AbstractTraceListener,456,0,46,0,87,0,36,0,13,0
BRMO TopNL loader,net.sf.saxon.xqj,SaxonXQSequenceType,80,0,10,0,20,0,13,0,5,0
BRMO TopNL loader,net.sf.saxon.xqj,SaxonXQConnection,296,0,4,0,84,0,21,0,19,0
BRMO TopNL loader,net.sf.saxon.xqj,SaxonDuration,279,0,20,0,57,0,24,0,14,0
BRMO TopNL loader,net.sf.saxon.xqj,SaxonXQExpression,228,0,0,0,63,0,12,0,12,0
BRMO TopNL loader,net.sf.saxon.xqj,SaxonXQDataSource,702,0,105,0,167,0,90,0,37,0
BRMO TopNL loader,net.sf.saxon.xqj,SaxonXQDynamicContext,541,0,20,0,156,0,36,0,26,0
BRMO TopNL loader,net.sf.saxon.xqj,Closable,38,0,6,0,13,0,8,0,5,0
BRMO TopNL loader,net.sf.saxon.xqj,SaxonXQDataFactory,2490,0,231,0,548,0,168,0,50,0
BRMO TopNL loader,net.sf.saxon.xqj,SaxonXQStaticContext,639,0,54,0,164,0,69,0,39,0
BRMO TopNL loader,net.sf.saxon.xqj,SaxonXMLGregorianCalendar,854,0,70,0,175,0,72,0,37,0
BRMO TopNL loader,net.sf.saxon.xqj,SaxonXQSequence,759,0,68,0,223,0,87,0,53,0
BRMO TopNL loader,net.sf.saxon.xqj,SaxonXQMetaData,132,0,0,0,56,0,27,0,27,0
BRMO TopNL loader,net.sf.saxon.xqj,SaxonXQItem,619,0,56,0,161,0,55,0,27,0
BRMO TopNL loader,net.sf.saxon.xqj,SaxonXQPreparedExpression,376,0,34,0,86,0,33,0,16,0
BRMO TopNL loader,net.sf.saxon.xqj,StandardObjectConverter,554,0,84,0,115,0,56,0,4,0
BRMO TopNL loader,net.sf.saxon.xqj,SaxonXQForwardSequence,518,0,26,0,143,0,64,0,51,0
BRMO TopNL loader,net.sf.saxon.xqj,SaxonXQItemType,485,0,96,0,128,0,68,0,17,0
BRMO TopNL loader,net.sf.saxon,PreparedStylesheet,921,0,78,0,234,0,68,0,29,0
BRMO TopNL loader,net.sf.saxon,Filter,213,0,34,0,67,0,35,0,18,0
BRMO TopNL loader,net.sf.saxon,IdentityTransformer,72,0,8,0,23,0,6,0,2,0
BRMO TopNL loader,net.sf.saxon,IdentityTransformerHandler,90,0,6,0,29,0,10,0,7,0
BRMO TopNL loader,net.sf.saxon,TransformerFactoryImpl,326,0,38,0,76,0,42,0,23,0
BRMO TopNL loader,net.sf.saxon,TemplatesHandlerImpl,146,0,8,0,41,0,9,0,5,0
BRMO TopNL loader,net.sf.saxon,Transform.TransformThread,46,0,0,0,14,0,3,0,3,0
BRMO TopNL loader,net.sf.saxon,TemplatesHandlerImpl.new Locator() {...},16,0,0,0,5,0,5,0,5,0
BRMO TopNL loader,net.sf.saxon,Query.new UpdateAgent() {...},55,0,6,0,12,0,5,0,2,0
BRMO TopNL loader,net.sf.saxon,Version,99,0,6,0,17,0,15,0,12,0
BRMO TopNL loader,net.sf.saxon,Configuration,4740,0,689,0,1174,0,556,0,209,0
BRMO TopNL loader,net.sf.saxon,Configuration.LicenseFeature,3,0,0,0,1,0,1,0,1,0
BRMO TopNL loader,net.sf.saxon,Controller,2508,0,330,0,653,0,278,0,113,0
BRMO TopNL loader,net.sf.saxon,Transform,2178,0,230,0,469,0,134,0,19,0
BRMO TopNL loader,net.sf.saxon,Controller.new ProxyReceiver() {...},37,0,2,0,6,0,3,0,2,0
BRMO TopNL loader,net.sf.saxon,Query,2020,0,210,0,436,0,119,0,14,0
BRMO TopNL loader,net.sf.saxon,TransformerHandlerImpl,150,0,12,0,44,0,14,0,8,0
