GROUP,PACKAGE,CLASS,INSTRUCTION_MISSED,INSTRUCTION_COVERED,BRANCH_MISSED,BRANCH_COVERED,LINE_MISSED,LINE_COVERED,COMPLEXITY_MISSED,COMPLEXITY_COVERED,METHOD_MISSED,METHOD_COVERED
BRMO STUF BG 204/brmo-soap-util,nl.b3p.brmo.soap.util,LogMessageHandler,79,0,6,0,24,0,9,0,6,0
BRMO STUF BG 204/brmo-loader,nl.b3p.brmo.loader.util,BrmoLeegBestandException,16,0,0,0,8,0,4,0,4,0
BRMO STUF BG 204/brmo-loader,nl.b3p.brmo.loader.util,BrmoException,16,0,0,0,8,0,4,0,4,0
BRMO STUF BG 204/brmo-loader,nl.b3p.brmo.loader.util,StagingRowHandler,382,0,76,0,83,0,41,0,3,0
BRMO STUF BG 204/brmo-loader,nl.b3p.brmo.loader.util,TableRow,148,60,9,1,38,19,14,9,9,9
BRMO STUF BG 204/brmo-loader,nl.b3p.brmo.loader.util,StagingBeanProcessor,61,0,6,0,13,0,5,0,2,0
BRMO STUF BG 204/brmo-loader,nl.b3p.brmo.loader.util,RsgbBRPTransformer,238,0,16,0,65,0,16,0,8,0
BRMO STUF BG 204/brmo-loader,nl.b3p.brmo.loader.util,DataComfortXMLReader,101,283,17,29,22,79,14,14,0,3
BRMO STUF BG 204/brmo-loader,nl.b3p.brmo.loader.util,TopNLRsgbTransformer,181,0,14,0,47,0,12,0,5,0
BRMO STUF BG 204/brmo-loader,nl.b3p.brmo.loader.util,TableData,79,69,0,0,24,20,14,5,14,5
BRMO STUF BG 204/brmo-loader,nl.b3p.brmo.loader.util,BrmoDuplicaatLaadprocesException,16,0,0,0,8,0,4,0,4,0
BRMO STUF BG 204/brmo-loader,nl.b3p.brmo.loader.util,StagingRowHandler.IgnoreCaseStringList,28,0,4,0,7,0,4,0,2,0
BRMO STUF BG 204/brmo-loader,nl.b3p.brmo.loader.util,RsgbTransformer.new URIResolver() {...},14,0,0,0,2,0,2,0,2,0
BRMO STUF BG 204/brmo-loader,nl.b3p.brmo.loader.util,RsgbTransformer,134,4,8,0,22,1,7,1,3,1
BRMO STUF BG 204/brmo-loader,nl.b3p.brmo.loader.util,RsgbWOZTransformer,81,225,6,16,25,56,6,12,2,5
BRMO STUF BG 204/brmo-loader,nl.b3p.brmo.loader,RsgbProxy.STATEMENT_TYPE,44,0,0,0,2,0,1,0,1,0
BRMO STUF BG 204/brmo-loader,nl.b3p.brmo.loader,BrmoFramework,960,0,54,0,254,0,74,0,47,0
BRMO STUF BG 204/brmo-loader,nl.b3p.brmo.loader,StagingProxy.new ResultSetHandler() {...},148,0,10,0,29,0,7,0,2,0
BRMO STUF BG 204/brmo-loader,nl.b3p.brmo.loader,RsgbProxy.BerichtSelectMode,54,0,0,0,2,0,1,0,1,0
BRMO STUF BG 204/brmo-loader,nl.b3p.brmo.loader,StagingProxy,2796,0,248,0,537,0,172,0,48,0
BRMO STUF BG 204/brmo-loader,nl.b3p.brmo.loader,RsgbProxy,4329,0,418,0,930,0,259,0,48,0
BRMO STUF BG 204/brmo-loader,nl.b3p.brmo.loader,BrmoFramework.new CountingInputStream() {...},22,0,2,0,5,0,3,0,2,0
BRMO STUF BG 204/brmo-loader,nl.b3p.brmo.loader.xml,BrkSnapshotXMLReader.MutatieGegevens,0,15,0,0,0,5,0,1,0,1
BRMO STUF BG 204/brmo-loader,nl.b3p.brmo.loader.xml,BRPXMLReader,301,0,16,0,73,0,15,0,7,0
BRMO STUF BG 204/brmo-loader,nl.b3p.brmo.loader.xml,BrkSnapshotXMLReader,89,336,30,54,18,68,25,23,0,6
BRMO STUF BG 204/brmo-loader,nl.b3p.brmo.loader.xml,NhrXMLReader,434,0,28,0,87,0,22,0,8,0
BRMO STUF BG 204/brmo-loader,nl.b3p.brmo.loader.xml,WozXMLReader,633,0,60,0,133,0,39,0,9,0
BRMO STUF BG 204/brmo-loader,nl.b3p.brmo.loader.xml,GbavXMLReader,10,207,3,15,4,51,3,12,0,6
BRMO STUF BG 204/brmo-loader,nl.b3p.brmo.loader.xml,BrmoXMLReader,56,36,0,0,23,13,14,7,14,7
BRMO STUF BG 204/brmo-loader,nl.b3p.brmo.loader.xml,BRPXMLReader.new URIResolver() {...},14,0,0,0,2,0,2,0,2,0
BRMO STUF BG 204/brmo-loader,nl.b3p.brmo.loader.xml,NhrXMLReader.new URIResolver() {...},14,0,0,0,2,0,2,0,2,0
BRMO STUF BG 204/brmo-loader,nl.b3p.brmo.loader.xml,TopNLFileReader,77,0,6,0,21,0,9,0,6,0
BRMO STUF BG 204/brmo-loader,nl.b3p.brmo.loader.xml,BagXMLReader,75,523,16,68,24,120,14,37,0,9
BRMO STUF BG 204/brmo-loader,nl.b3p.brmo.loader.advancedfunctions,AdvancedFunctionProcess,33,0,0,0,14,0,7,0,7,0
BRMO STUF BG 204/brmo-loader,nl.b3p.brmo.loader.entity,NhrBerichten,3,0,0,0,1,0,1,0,1,0
BRMO STUF BG 204/brmo-loader,nl.b3p.brmo.loader.entity,BagBericht,50,168,7,11,14,48,8,9,1,7
BRMO STUF BG 204/brmo-loader,nl.b3p.brmo.loader.entity,Bericht.STATUS,104,0,0,0,2,0,1,0,1,0
BRMO STUF BG 204/brmo-loader,nl.b3p.brmo.loader.entity,GbavBericht,32,291,16,24,8,72,14,14,0,8
BRMO STUF BG 204/brmo-loader,nl.b3p.brmo.loader.entity,Bericht,77,85,4,4,27,23,22,12,18,12
BRMO STUF BG 204/brmo-loader,nl.b3p.brmo.loader.entity,WozBericht,7,0,0,0,3,0,1,0,1,0
BRMO STUF BG 204/brmo-loader,nl.b3p.brmo.loader.entity,NhrPeildatumAdapter,33,0,0,0,6,0,3,0,3,0
BRMO STUF BG 204/brmo-loader,nl.b3p.brmo.loader.entity,LaadProces,185,0,0,0,64,0,41,0,41,0
BRMO STUF BG 204/brmo-loader,nl.b3p.brmo.loader.entity,NhrBericht,24,0,0,0,9,0,4,0,4,0
BRMO STUF BG 204/brmo-loader,nl.b3p.brmo.loader.entity,BerichtenSorter,26,0,0,0,7,0,3,0,3,0
BRMO STUF BG 204/brmo-loader,nl.b3p.brmo.loader.entity,BrkBericht,120,140,11,7,33,39,10,7,2,6
BRMO STUF BG 204/brmo-loader,nl.b3p.brmo.loader.entity,LaadProces.STATUS,84,0,0,0,2,0,1,0,1,0
BRMO STUF BG 204/brmo-loader,nl.b3p.brmo.loader.pipeline,BerichtWorkUnit,30,0,0,0,13,0,7,0,7,0
BRMO STUF BG 204/brmo-loader,nl.b3p.brmo.loader.pipeline,BerichtPipelineThread,161,0,12,0,47,0,11,0,5,0
BRMO STUF BG 204/brmo-loader,nl.b3p.brmo.loader.pipeline,UpdateResultPipeline,13,0,0,0,4,0,2,0,2,0
BRMO STUF BG 204/brmo-loader,nl.b3p.brmo.loader.pipeline,BerichtTypeOfWork,34,0,0,0,2,0,1,0,1,0
BRMO STUF BG 204/brmo-loader,nl.b3p.brmo.loader.pipeline,ProcessDbXmlPipeline,16,0,0,0,4,0,2,0,2,0
BRMO STUF BG 204/brmo-loader,nl.b3p.brmo.loader.checks,AfgiftelijstReport,440,0,14,0,75,0,15,0,8,0
BRMO STUF BG 204/brmo-loader,nl.b3p.brmo.loader.checks,AfgiftelijstReport.Footer,139,0,0,0,25,0,3,0,3,0
BRMO STUF BG 204/brmo-loader,nl.b3p.brmo.loader.checks,AfgifteChecker,133,0,4,0,35,0,14,0,12,0
BRMO STUF BG 204/brmo-loader,nl.b3p.brmo.loader.checks,AfgiftelijstParser,2,116,2,7,1,27,2,7,0,4
BRMO STUF BG 204/brmo-loader,nl.b3p.brmo.loader.checks,Afgifte,57,44,4,0,14,18,9,11,7,11
BRMO STUF BG 204/brmo-loader,nl.b3p.brmo.loader.updates,UpdateProcess,55,0,0,0,22,0,10,0,10,0
BRMO STUF BG 204/brmo-init-util,nl.b3p.brmo.service.util,DiagnosticsServlet,115,0,6,0,29,0,10,0,7,0
BRMO STUF BG 204/brmo-init-util,nl.b3p.brmo.service.util,ConfigUtil,182,0,16,0,55,0,19,0,11,0
BRMO STUF BG 204/brmo-init-util,nl.b3p.brmo.service.util,VersieInfo,102,0,4,0,27,0,9,0,7,0
BRMO STUF BG 204/brmo-taglib,nl.b3p.web.jsp,CronFormatterTag,20,51,3,3,7,17,4,4,1,4
BRMO STUF BG 204/brmo-taglib,nl.b3p.web.jsp,StringVariable,24,0,2,0,5,0,3,0,2,0
BRMO STUF BG 204/brmo-taglib,nl.b3p.web.jsp,LogfileUtil,5,94,3,7,2,21,3,6,0,4
BRMO STUF BG 204/brmo-taglib,nl.b3p.web.jsp,TailTag,220,36,18,0,51,13,17,5,8,5
BRMO STUF BG 204/brmo-taglib,nl.b3p.web.jsp,DownloadTag,171,0,12,0,48,0,13,0,7,0
