GROUP,PACKAGE,CLASS,INSTRUCTION_MISSED,INSTRUCTION_COVERED,BRANCH_MISSED,BRANCH_COVERED,LINE_MISSED,LINE_COVERED,COMPLEXITY_MISSED,COMPLEXITY_COVERED,METHOD_MISSED,METHOD_COVERED
BRMO distributie/brmo-proxyservice,nl.b3p.brmo.service.proxy,BerichtEndpointProxyServlet,126,0,4,0,29,0,6,0,4,0
BRMO distributie/brmo-proxyservice,nl.b3p.brmo.service.proxy,BerichtEndpointFileServlet,54,120,5,5,8,26,5,5,0,5
BRMO distributie/brmo-service,nl.b3p.brmo.service.stripes,AdvancedFunctionsActionBean.new ResultSetHandler() {...},97,0,2,0,17,0,3,0,2,0
BRMO distributie/brmo-service,nl.b3p.brmo.service.stripes,AdvancedFunctionsActionBean.new ResultSetHandler() {...},142,0,2,0,24,0,3,0,2,0
BRMO distributie/brmo-service,nl.b3p.brmo.service.stripes,AdvancedFunctionsActionBean.new ResultSetHandler() {...},112,0,2,0,17,0,3,0,2,0
BRMO distributie/brmo-service,nl.b3p.brmo.service.stripes,AdvancedFunctionsActionBean.new ResultSetHandler() {...},84,0,2,0,10,0,3,0,2,0
BRMO distributie/brmo-service,nl.b3p.brmo.service.stripes,AdvancedFunctionsActionBean.new HashMap() {...},26,0,0,0,6,0,1,0,1,0
BRMO distributie/brmo-service,nl.b3p.brmo.service.stripes,BerichtenActionBean,406,0,28,0,103,0,41,0,27,0
BRMO distributie/brmo-service,nl.b3p.brmo.service.stripes,LaadProcesActionBean.new StreamingResolution() {...},17,0,0,0,3,0,2,0,2,0
BRMO distributie/brmo-service,nl.b3p.brmo.service.stripes,LaadProcesActionBean.new StreamingResolution() {...},16,0,0,0,3,0,2,0,2,0
BRMO distributie/brmo-service,nl.b3p.brmo.service.stripes,LaadProcesActionBean.new StreamingResolution() {...},17,0,0,0,3,0,2,0,2,0
BRMO distributie/brmo-service,nl.b3p.brmo.service.stripes,LaadProcesActionBean.new StreamingResolution() {...},17,0,0,0,3,0,2,0,2,0
BRMO distributie/brmo-service,nl.b3p.brmo.service.stripes,BerichtDoorsturenUitvoerActionBean,222,0,6,0,70,0,36,0,33,0
BRMO distributie/brmo-service,nl.b3p.brmo.service.stripes,AdvancedFunctionsActionBean.new ResultSetHandler() {...},241,0,28,0,34,0,16,0,2,0
BRMO distributie/brmo-service,nl.b3p.brmo.service.stripes,BasisregistratieFileUploadActionBean,458,0,30,0,72,0,25,0,10,0
BRMO distributie/brmo-service,nl.b3p.brmo.service.stripes,AdvancedFunctionsActionBean.new ResultSetHandler() {...},186,0,18,0,43,0,11,0,2,0
BRMO distributie/brmo-service,nl.b3p.brmo.service.stripes,AdvancedFunctionsActionBean.new ResultSetHandler() {...},216,0,28,0,30,0,16,0,2,0
BRMO distributie/brmo-service,nl.b3p.brmo.service.stripes,BGTOphalenUitvoerActionBean,247,0,6,0,78,0,38,0,35,0
BRMO distributie/brmo-service,nl.b3p.brmo.service.stripes,LaadprocesTransformatieUitvoerActionBean,281,0,10,0,82,0,39,0,34,0
BRMO distributie/brmo-service,nl.b3p.brmo.service.stripes,OphaalConfigActionBean,472,0,31,0,103,0,45,0,23,0
BRMO distributie/brmo-service,nl.b3p.brmo.service.stripes,BerichtstatusRapportActionBean,116,0,2,0,35,0,18,0,17,0
BRMO distributie/brmo-service,nl.b3p.brmo.service.stripes,BerichtenActionBean.new StreamingResolution() {...},17,0,0,0,3,0,2,0,2,0
BRMO distributie/brmo-service,nl.b3p.brmo.service.stripes,BerichtenActionBean.new StreamingResolution() {...},17,0,0,0,3,0,2,0,2,0
BRMO distributie/brmo-service,nl.b3p.brmo.service.stripes,BerichtenActionBean.new StreamingResolution() {...},16,0,0,0,3,0,2,0,2,0
BRMO distributie/brmo-service,nl.b3p.brmo.service.stripes,BasisregistratieFileUploadActionBean.new ProgressUpdateListener() {...},21,0,0,0,5,0,4,0,4,0
BRMO distributie/brmo-service,nl.b3p.brmo.service.stripes,SamenvattingActionBean,90,0,4,0,22,0,12,0,10,0
BRMO distributie/brmo-service,nl.b3p.brmo.service.stripes,AfgifteNummerScanUitvoerenActionBean,184,0,4,0,43,0,19,0,17,0
BRMO distributie/brmo-service,nl.b3p.brmo.service.stripes,TransformActionBean,384,0,25,0,102,0,50,0,36,0
BRMO distributie/brmo-service,nl.b3p.brmo.service.stripes,BasisregistratieBigFileLoadActionBean,230,0,8,0,59,0,31,0,27,0
BRMO distributie/brmo-service,nl.b3p.brmo.service.stripes,LaadProcesActionBean,491,0,30,0,118,0,43,0,28,0
BRMO distributie/brmo-service,nl.b3p.brmo.service.stripes,BasisregistratieServiceActionBean,264,0,20,0,49,0,18,0,8,0
BRMO distributie/brmo-service,nl.b3p.brmo.service.stripes,AdvancedFunctionsActionBean,1882,0,100,0,337,0,86,0,36,0
BRMO distributie/brmo-service,nl.b3p.brmo.service.stripes,GDS2OphalenUitvoerActionBean,262,0,10,0,77,0,39,0,34,0
BRMO distributie/brmo-service,nl.b3p.brmo.service.stripes,UpdatesActionBean,401,0,24,0,87,0,40,0,28,0
BRMO distributie/brmo-service,nl.b3p.brmo.service.stripes,DirectoryScannerUitvoerActionBean,264,0,8,0,81,0,37,0,33,0
BRMO distributie/brmo-service,nl.b3p.brmo.service.stripes,ControleActionBean,169,0,2,0,33,0,9,0,8,0
BRMO distributie/brmo-service,nl.b3p.brmo.service.stripes,MailProcesUitvoerActionBean,88,0,2,0,20,0,7,0,6,0
BRMO distributie/brmo-service,nl.b3p.brmo.service.stripes,ControleActionBean.new StreamingResolution() {...},22,0,0,0,5,0,2,0,2,0
BRMO distributie/brmo-service,nl.b3p.brmo.service.stripes,MViewRefreshActionBean,116,0,2,0,35,0,18,0,17,0
BRMO distributie/brmo-service,nl.b3p.brmo.web.geotools,GeotoolsContextListener,13,0,0,0,8,0,3,0,3,0
BRMO distributie/brmo-service,nl.b3p.brmo.service.stripersist,DynamicStripersistInitializer,115,0,6,0,29,0,7,0,4,0
BRMO distributie/brmo-service,nl.b3p.brmo.service.scanner,BAGDirectoryScanner.new ProgressUpdateListener() {...},14,0,0,0,7,0,6,0,6,0
BRMO distributie/brmo-service,nl.b3p.brmo.service.scanner,MaterializedViewRefreshUitvoeren.new ProgressUpdateListener() {...},14,0,0,0,7,0,6,0,6,0
BRMO distributie/brmo-service,nl.b3p.brmo.service.scanner,BRKDirectoryScanner.new ProgressUpdateListener() {...},14,0,0,0,7,0,6,0,6,0
BRMO distributie/brmo-service,nl.b3p.brmo.service.scanner,BGTLightOphalenProces,704,0,26,0,156,0,19,0,6,0
BRMO distributie/brmo-service,nl.b3p.brmo.service.scanner,BerichtTransformatieUitvoeren,278,0,10,0,60,0,9,0,4,0
BRMO distributie/brmo-service,nl.b3p.brmo.service.scanner,AfgifteNummerScanner.new ProgressUpdateListener() {...},14,0,0,0,7,0,6,0,6,0
BRMO distributie/brmo-service,nl.b3p.brmo.service.scanner,WebMirrorBAGDirectoryScanner,793,0,26,0,171,0,19,0,6,0
BRMO distributie/brmo-service,nl.b3p.brmo.service.scanner,BerichtstatusRapport,259,0,8,0,55,0,8,0,4,0
BRMO distributie/brmo-service,nl.b3p.brmo.service.scanner,BerichtDoorsturenProces.new ProgressUpdateListener() {...},44,0,0,0,10,0,6,0,6,0
BRMO distributie/brmo-service,nl.b3p.brmo.service.scanner,WebMirrorBAGDirectoryScanner.new ProgressUpdateListener() {...},45,0,0,0,7,0,4,0,4,0
BRMO distributie/brmo-service,nl.b3p.brmo.service.scanner,WebMirrorBAGDirectoryScanner.new ProgressUpdateListener() {...},14,0,0,0,7,0,6,0,6,0
BRMO distributie/brmo-service,nl.b3p.brmo.service.scanner,GDS2OphalenProces,2624,0,162,0,507,0,96,0,13,0
BRMO distributie/brmo-service,nl.b3p.brmo.service.scanner,ProcesExecutable.ProcessingImple,144,0,0,0,4,0,1,0,1,0
BRMO distributie/brmo-service,nl.b3p.brmo.service.scanner,BGTLightOphalenProces.new ProgressUpdateListener() {...},14,0,0,0,7,0,6,0,6,0
BRMO distributie/brmo-service,nl.b3p.brmo.service.scanner,BRKDirectoryScanner,850,0,34,0,171,0,23,0,6,0
BRMO distributie/brmo-service,nl.b3p.brmo.service.scanner,TopNLDirectoryScanner,686,0,28,0,123,0,21,0,7,0
BRMO distributie/brmo-service,nl.b3p.brmo.service.scanner,BerichtTransformatieUitvoeren.new ProgressUpdateListener() {...},46,0,0,0,11,0,4,0,4,0
BRMO distributie/brmo-service,nl.b3p.brmo.service.scanner,LaadprocesTransformatieUitvoeren.new ProgressUpdateListener() {...},19,0,0,0,8,0,6,0,6,0
BRMO distributie/brmo-service,nl.b3p.brmo.service.scanner,LaadprocesTransformatieUitvoeren.new ProgressUpdateListener() {...},46,0,0,0,11,0,4,0,4,0
BRMO distributie/brmo-service,nl.b3p.brmo.service.scanner,BGTLightDirectoryScanner.new ProgressUpdateListener() {...},14,0,0,0,7,0,6,0,6,0
BRMO distributie/brmo-service,nl.b3p.brmo.service.scanner,BGTLightDirectoryScanner.new FilenameFilter() {...},11,0,0,0,2,0,2,0,2,0
BRMO distributie/brmo-service,nl.b3p.brmo.service.scanner,BerichtDoorsturenProces,273,0,16,0,63,0,13,0,5,0
BRMO distributie/brmo-service,nl.b3p.brmo.service.scanner,LaadprocesTransformatieUitvoeren,403,0,24,0,82,0,16,0,4,0
BRMO distributie/brmo-service,nl.b3p.brmo.service.scanner,BAGDirectoryScanner,655,0,32,0,143,0,20,0,4,0
BRMO distributie/brmo-service,nl.b3p.brmo.service.scanner,GDS2OphalenProces.new ProgressUpdateListener() {...},17,0,0,0,8,0,6,0,6,0
BRMO distributie/brmo-service,nl.b3p.brmo.service.scanner,BerichtTransformatieUitvoeren.new ProgressUpdateListener() {...},19,0,0,0,8,0,6,0,6,0
BRMO distributie/brmo-service,nl.b3p.brmo.service.scanner,MaterializedViewRefreshUitvoeren,226,0,6,0,50,0,8,0,5,0
BRMO distributie/brmo-service,nl.b3p.brmo.service.scanner,TopNLDirectoryScanner.new FilenameFilter() {...},11,0,0,0,2,0,2,0,2,0
BRMO distributie/brmo-service,nl.b3p.brmo.service.scanner,TopNLDirectoryScanner.new ProgressUpdateListener() {...},14,0,0,0,7,0,6,0,6,0
BRMO distributie/brmo-service,nl.b3p.brmo.service.scanner,MailRapportage,505,0,18,0,89,0,14,0,5,0
BRMO distributie/brmo-service,nl.b3p.brmo.service.scanner,BGTLightDirectoryScanner,492,0,20,0,98,0,16,0,6,0
BRMO distributie/brmo-service,nl.b3p.brmo.service.scanner,AbstractExecutableProces,218,0,19,0,44,0,25,0,9,0
BRMO distributie/brmo-service,nl.b3p.brmo.service.scanner,AfgifteNummerScanner,416,0,18,0,79,0,16,0,7,0
BRMO distributie/brmo-service,nl.b3p.brmo.service.scanner,BerichtstatusRapport.new ProgressUpdateListener() {...},14,0,0,0,7,0,6,0,6,0
BRMO distributie/brmo-service,nl.b3p.web.stripes,DirectResponseResolution,45,0,0,0,16,0,5,0,5,0
BRMO distributie/brmo-service,nl.b3p.brmo.service.jobs,GeplandeTakenInit,261,0,8,0,64,0,14,0,10,0
BRMO distributie/brmo-service,nl.b3p.brmo.service.jobs,AutomatischProcesJob,161,0,6,0,30,0,6,0,3,0
BRMO distributie/brmo-service,nl.b3p.brmo.service.jobs,GeplandeTakenContextListener,23,0,2,0,10,0,4,0,3,0
BRMO distributie/brmo-service,nl.b3p.brmo.service.util,TrustManagerDelegate,39,0,0,0,15,0,4,0,4,0
BRMO distributie/brmo-soap,nl.b3p.brmo.soap.eigendom,GetMutatieListResponse,10,0,0,0,4,0,3,0,3,0
BRMO distributie/brmo-soap,nl.b3p.brmo.soap.eigendom,Brondocumenten,14,0,2,0,4,0,3,0,2,0
BRMO distributie/brmo-soap,nl.b3p.brmo.soap.eigendom,AddreseerbaarObjectAanduiding,52,0,0,0,22,0,15,0,15,0
BRMO distributie/brmo-soap,nl.b3p.brmo.soap.eigendom,ZakelijkRecht,38,0,0,0,16,0,11,0,11,0
BRMO distributie/brmo-soap,nl.b3p.brmo.soap.eigendom,EigendomMutatieRequest,17,0,0,0,7,0,5,0,5,0
BRMO distributie/brmo-soap,nl.b3p.brmo.soap.eigendom,EigendomMutatieResponse,21,0,2,0,7,0,5,0,4,0
BRMO distributie/brmo-soap,nl.b3p.brmo.soap.eigendom,MutatieListResponse,21,0,2,0,7,0,5,0,4,0
BRMO distributie/brmo-soap,nl.b3p.brmo.soap.eigendom,HistorischeRelaties,14,0,2,0,4,0,3,0,2,0
BRMO distributie/brmo-soap,nl.b3p.brmo.soap.eigendom,EigendomMutatieService,15,0,0,0,5,0,3,0,3,0
BRMO distributie/brmo-soap,nl.b3p.brmo.soap.eigendom,EigendomMutatie,441,0,0,0,136,0,20,0,20,0
BRMO distributie/brmo-soap,nl.b3p.brmo.soap.eigendom,GetEigendomMutatiesResponse,10,0,0,0,4,0,3,0,3,0
BRMO distributie/brmo-soap,nl.b3p.brmo.soap.eigendom,BenoemdObjecten,14,0,2,0,4,0,3,0,2,0
BRMO distributie/brmo-soap,nl.b3p.brmo.soap.eigendom,MutatieEntry,31,0,0,0,13,0,9,0,9,0
BRMO distributie/brmo-soap,nl.b3p.brmo.soap.eigendom,EigendomMutatieException,10,0,0,0,4,0,2,0,2,0
BRMO distributie/brmo-soap,nl.b3p.brmo.soap.eigendom,GetMutatieList,10,0,0,0,4,0,3,0,3,0
BRMO distributie/brmo-soap,nl.b3p.brmo.soap.eigendom,ZakelijkeRechten,14,0,2,0,4,0,3,0,2,0
BRMO distributie/brmo-soap,nl.b3p.brmo.soap.eigendom,Document,17,0,0,0,7,0,5,0,5,0
BRMO distributie/brmo-soap,nl.b3p.brmo.soap.eigendom,BenoemdObject,42,0,2,0,16,0,11,0,10,0
BRMO distributie/brmo-soap,nl.b3p.brmo.soap.eigendom,MutatieListRequest,24,0,0,0,10,0,7,0,7,0
BRMO distributie/brmo-soap,nl.b3p.brmo.soap.eigendom,HistorischeRelatie,17,0,0,0,7,0,5,0,5,0
BRMO distributie/brmo-soap,nl.b3p.brmo.soap.eigendom,GetEigendomMutaties,10,0,0,0,4,0,3,0,3,0
BRMO distributie/brmo-soap,nl.b3p.brmo.soap.db,EigendomInfo,1922,0,152,0,485,0,99,0,22,0
BRMO distributie/brmo-soap,nl.b3p.brmo.soap.db,BrkInfo,1317,0,102,0,309,0,68,0,15,0
BRMO distributie/brmo-soap,nl.b3p.brmo.soap.brk,AdresResponse,45,0,0,0,19,0,13,0,13,0
BRMO distributie/brmo-soap,nl.b3p.brmo.soap.brk,AdressenResponse,302,0,10,0,85,0,13,0,8,0
BRMO distributie/brmo-soap,nl.b3p.brmo.soap.brk,RechtenResponse,253,0,18,0,77,0,17,0,8,0
BRMO distributie/brmo-soap,nl.b3p.brmo.soap.brk,BrkInfoException,10,0,0,0,4,0,2,0,2,0
BRMO distributie/brmo-soap,nl.b3p.brmo.soap.brk,ZakelijkRechtResponse,47,0,0,0,19,0,13,0,13,0
BRMO distributie/brmo-soap,nl.b3p.brmo.soap.brk,PerceelAdresInfoRequest,31,0,0,0,14,0,9,0,9,0
BRMO distributie/brmo-soap,nl.b3p.brmo.soap.brk,GetBrkInfoImpl,93,0,8,0,23,0,7,0,3,0
BRMO distributie/brmo-soap,nl.b3p.brmo.soap.brk,NatuurlijkPersoonResponse,332,0,12,0,102,0,34,0,28,0
BRMO distributie/brmo-soap,nl.b3p.brmo.soap.brk,RelatiesResponse,20,0,0,0,8,0,5,0,5,0
BRMO distributie/brmo-soap,nl.b3p.brmo.soap.brk,BrkInfoResponse,43,0,2,0,16,0,9,0,8,0
BRMO distributie/brmo-soap,nl.b3p.brmo.soap.brk,KadOnrndZkInfoRequest,38,0,0,0,17,0,11,0,11,0
BRMO distributie/brmo-soap,nl.b3p.brmo.soap.brk,BrkInfoRequest,78,0,0,0,32,0,19,0,19,0
BRMO distributie/brmo-soap,nl.b3p.brmo.soap.brk,NietNatuurlijkPersoonResponse,193,0,8,0,60,0,18,0,14,0
BRMO distributie/brmo-soap,nl.b3p.brmo.soap.brk,KadOnrndZkInfoResponse,495,0,16,0,151,0,52,0,44,0
BRMO distributie/brmo-soap,nl.b3p.brmo.soap.brk,HistorischeRelatieResponse,24,0,0,0,10,0,7,0,7,0
BRMO distributie/brmo-stufbg204,nl.b3p.brmo.stufbg204.util,StUFbg204Util,86,0,4,0,26,0,7,0,5,0
BRMO distributie/brmo-stufbg204,nl.egem.stuf.sector.bg._0204,VBOVraag.VBOSUBGBR,17,0,0,0,7,0,5,0,5,0
BRMO distributie/brmo-stufbg204,nl.egem.stuf.sector.bg._0204,KDOVraag,53,0,4,0,19,0,13,0,11,0
BRMO distributie/brmo-stufbg204,nl.egem.stuf.sector.bg._0204,ADRFund.AdresBuitenland3,55,0,6,0,22,0,14,0,11,0
BRMO distributie/brmo-stufbg204,nl.egem.stuf.sector.bg._0204,ADRFund.AdresBuitenland2,55,0,6,0,22,0,14,0,11,0
BRMO distributie/brmo-stufbg204,nl.egem.stuf.sector.bg._0204,ADRFund.AdresBuitenland1,55,0,6,0,22,0,14,0,11,0
BRMO distributie/brmo-stufbg204,nl.egem.stuf.sector.bg._0204,BHVTabel,64,0,2,0,27,0,18,0,17,0
BRMO distributie/brmo-stufbg204,nl.egem.stuf.sector.bg._0204,KDOKerngegevens,85,0,2,0,36,0,24,0,23,0
BRMO distributie/brmo-stufbg204,nl.egem.stuf.sector.bg._0204,ADRKerngegevens.Gemeentecode,43,0,4,0,17,0,11,0,9,0
BRMO distributie/brmo-stufbg204,nl.egem.stuf.sector.bg._0204,VBOFund.BrutoInhoud,30,0,2,0,12,0,8,0,7,0
BRMO distributie/brmo-stufbg204,nl.egem.stuf.sector.bg._0204,KDOFund.CentroidYCoordinaat,42,0,4,0,17,0,11,0,9,0
BRMO distributie/brmo-stufbg204,nl.egem.stuf.sector.bg._0204,WOZAntwoord.WOZOBW,10,0,0,0,4,0,3,0,3,0
BRMO distributie/brmo-stufbg204,nl.egem.stuf.sector.bg._0204,ADRKerngegevens.Postcode,55,0,6,0,22,0,14,0,11,0
BRMO distributie/brmo-stufbg204,nl.egem.stuf.sector.bg._0204,VBOFund.VerblijfsObjectType,43,0,4,0,17,0,11,0,9,0
BRMO distributie/brmo-stufbg204,nl.egem.stuf.sector.bg._0204,VBOFund.Bouwjaar,43,0,4,0,17,0,11,0,9,0
BRMO distributie/brmo-stufbg204,nl.egem.stuf.sector.bg._0204,ADRFund.CentroidYCoordinaat,42,0,4,0,17,0,11,0,9,0
BRMO distributie/brmo-stufbg204,nl.egem.stuf.sector.bg._0204,SZRTabel.Code,43,0,4,0,17,0,11,0,9,0
BRMO distributie/brmo-stufbg204,nl.egem.stuf.sector.bg._0204,ADRKerngegevens.Antwoordnummer,43,0,4,0,17,0,11,0,9,0
BRMO distributie/brmo-stufbg204,nl.egem.stuf.sector.bg._0204,KDOFund,197,0,2,0,84,0,56,0,55,0
BRMO distributie/brmo-stufbg204,nl.egem.stuf.sector.bg._0204,NNPAntwoord,58,0,10,0,16,0,11,0,6,0
BRMO distributie/brmo-stufbg204,nl.egem.stuf.sector.bg._0204,VraagBericht,17,0,0,0,7,0,5,0,5,0
BRMO distributie/brmo-stufbg204,nl.egem.stuf.sector.bg._0204,BTKTabel,64,0,2,0,27,0,18,0,17,0
BRMO distributie/brmo-stufbg204,nl.egem.stuf.sector.bg._0204,VBOFund,335,0,8,0,138,0,92,0,88,0
BRMO distributie/brmo-stufbg204,nl.egem.stuf.sector.bg._0204,NNPFund.Handelsnaam,55,0,6,0,22,0,14,0,11,0
BRMO distributie/brmo-stufbg204,nl.egem.stuf.sector.bg._0204,WOZAntwoord.WOZSUBGBR,17,0,0,0,7,0,5,0,5,0
BRMO distributie/brmo-stufbg204,nl.egem.stuf.sector.bg._0204,R04Tabel,78,0,2,0,33,0,22,0,21,0
BRMO distributie/brmo-stufbg204,nl.egem.stuf.sector.bg._0204,PRSFund.CodeGemeenteVanInschrijving,30,0,2,0,12,0,8,0,7,0
BRMO distributie/brmo-stufbg204,nl.egem.stuf.sector.bg._0204,AanduidingIndicatieMogelijk,30,0,0,0,5,0,3,0,3,0
BRMO distributie/brmo-stufbg204,nl.egem.stuf.sector.bg._0204,VBOFund.AantalWoonvertrekken,30,0,2,0,12,0,8,0,7,0
BRMO distributie/brmo-stufbg204,nl.egem.stuf.sector.bg._0204,R02Tabel.Straatcode,43,0,4,0,17,0,11,0,9,0
BRMO distributie/brmo-stufbg204,nl.egem.stuf.sector.bg._0204,KDOFund.OmschrijvingDeelPerceel,30,0,2,0,12,0,8,0,7,0
BRMO distributie/brmo-stufbg204,nl.egem.stuf.sector.bg._0204,PRSFund.PlaatsOverlijden,42,0,4,0,17,0,11,0,9,0
BRMO distributie/brmo-stufbg204,nl.egem.stuf.sector.bg._0204,PRSPRSHUWRel,134,0,2,0,57,0,38,0,37,0
BRMO distributie/brmo-stufbg204,nl.egem.stuf.sector.bg._0204,HHDPRSRel,78,0,2,0,33,0,22,0,21,0
BRMO distributie/brmo-stufbg204,nl.egem.stuf.sector.bg._0204,CodeGeboortelandE,42,0,4,0,17,0,11,0,9,0
BRMO distributie/brmo-stufbg204,nl.egem.stuf.sector.bg._0204,LFTTabel.Omschrijving,43,0,4,0,17,0,11,0,9,0
BRMO distributie/brmo-stufbg204,nl.egem.stuf.sector.bg._0204,WOZVraag.WOZSUBGBR,17,0,0,0,7,0,5,0,5,0
BRMO distributie/brmo-stufbg204,nl.egem.stuf.sector.bg._0204,PRSFund.Telefoonnummer,30,0,2,0,12,0,8,0,7,0
BRMO distributie/brmo-stufbg204,nl.egem.stuf.sector.bg._0204,HHDFund.Huishoudennummer,43,0,4,0,17,0,11,0,9,0
BRMO distributie/brmo-stufbg204,nl.egem.stuf.sector.bg._0204,ADRRelFund,10,0,0,0,4,0,3,0,3,0
BRMO distributie/brmo-stufbg204,nl.egem.stuf.sector.bg._0204,ACDTabel.Code,43,0,4,0,17,0,11,0,9,0
BRMO distributie/brmo-stufbg204,nl.egem.stuf.sector.bg._0204,ADLTabel.Code,43,0,4,0,17,0,11,0,9,0
BRMO distributie/brmo-stufbg204,nl.egem.stuf.sector.bg._0204,KGMTabel.KadastraleGemeenteNaam,43,0,4,0,17,0,11,0,9,0
BRMO distributie/brmo-stufbg204,nl.egem.stuf.sector.bg._0204,PRSKennisgeving.PRSPRSHUW,10,0,0,0,4,0,3,0,3,0
BRMO distributie/brmo-stufbg204,nl.egem.stuf.sector.bg._0204,PRSFund.EMailAdres,30,0,2,0,12,0,8,0,7,0
BRMO distributie/brmo-stufbg204,nl.egem.stuf.sector.bg._0204,BRTTabel.Buurtcode,43,0,4,0,17,0,11,0,9,0
BRMO distributie/brmo-stufbg204,nl.egem.stuf.sector.bg._0204,NNPFund.SofiNummer,55,0,6,0,22,0,14,0,11,0
BRMO distributie/brmo-stufbg204,nl.egem.stuf.sector.bg._0204,WOZFund.PeildatumWaarde,15,0,2,0,6,0,4,0,3,0
BRMO distributie/brmo-stufbg204,nl.egem.stuf.sector.bg._0204,NATTabel.Omschrijving,43,0,4,0,17,0,11,0,9,0
BRMO distributie/brmo-stufbg204,nl.egem.stuf.sector.bg._0204,ADRFund.AanduidingBijHuisnummer,55,0,6,0,22,0,14,0,11,0
BRMO distributie/brmo-stufbg204,nl.egem.stuf.sector.bg._0204,RTBTabel.Code,43,0,4,0,17,0,11,0,9,0
BRMO distributie/brmo-stufbg204,nl.egem.stuf.sector.bg._0204,KDOAntwoord,80,0,14,0,22,0,15,0,8,0
BRMO distributie/brmo-stufbg204,nl.egem.stuf.sector.bg._0204,VBOFund.AantalRuimten,30,0,2,0,12,0,8,0,7,0
BRMO distributie/brmo-stufbg204,nl.egem.stuf.sector.bg._0204,KDOAntwoord.KDOPRB,10,0,0,0,4,0,3,0,3,0
BRMO distributie/brmo-stufbg204,nl.egem.stuf.sector.bg._0204,PRSKerngegevens.ANummer,43,0,4,0,17,0,11,0,9,0
BRMO distributie/brmo-stufbg204,nl.egem.stuf.sector.bg._0204,BestemmingsplanHerziening,30,0,0,0,5,0,3,0,3,0
BRMO distributie/brmo-stufbg204,nl.egem.stuf.sector.bg._0204,SPBTabel.Omschrijving,43,0,4,0,17,0,11,0,9,0
BRMO distributie/brmo-stufbg204,nl.egem.stuf.sector.bg._0204,KennisgevingsBericht,17,0,0,0,7,0,5,0,5,0
BRMO distributie/brmo-stufbg204,nl.egem.stuf.sector.bg._0204,GEMTabel.Gemeentenaam,43,0,4,0,17,0,11,0,9,0
BRMO distributie/brmo-stufbg204,nl.egem.stuf.sector.bg._0204,OHTTabel.Omschrijving,43,0,4,0,17,0,11,0,9,0
BRMO distributie/brmo-stufbg204,nl.egem.stuf.sector.bg._0204,PRBFund.VindplaatsDocument,30,0,2,0,12,0,8,0,7,0
BRMO distributie/brmo-stufbg204,nl.egem.stuf.sector.bg._0204,LNDTabel,64,0,2,0,27,0,18,0,17,0
BRMO distributie/brmo-stufbg204,nl.egem.stuf.sector.bg._0204,VBOFund.WoonOppervlakte,30,0,2,0,12,0,8,0,7,0
BRMO distributie/brmo-stufbg204,nl.egem.stuf.sector.bg._0204,NNPFund.AantalWerkzameVrouwenPartTime,42,0,4,0,17,0,11,0,9,0
BRMO distributie/brmo-stufbg204,nl.egem.stuf.sector.bg._0204,WOZKennisgeving,68,0,8,0,22,0,15,0,11,0
BRMO distributie/brmo-stufbg204,nl.egem.stuf.sector.bg._0204,KDOFund.KadastraleSectie,55,0,6,0,22,0,14,0,11,0
BRMO distributie/brmo-stufbg204,nl.egem.stuf.sector.bg._0204,MNATabel.Code,43,0,4,0,17,0,11,0,9,0
BRMO distributie/brmo-stufbg204,nl.egem.stuf.sector.bg._0204,SoortVerbintenis,30,0,0,0,5,0,3,0,3,0
BRMO distributie/brmo-stufbg204,nl.egem.stuf.sector.bg._0204,WOZKennisgeving.WOZSUBEIG,17,0,0,0,7,0,5,0,5,0
BRMO distributie/brmo-stufbg204,nl.egem.stuf.sector.bg._0204,VraagBericht.Body,399,0,72,0,109,0,73,0,37,0
BRMO distributie/brmo-stufbg204,nl.egem.stuf.sector.bg._0204,NNPKennisgeving.NNPNNPNVN,10,0,0,0,4,0,3,0,3,0
BRMO distributie/brmo-stufbg204,nl.egem.stuf.sector.bg._0204,FiliatiecodeAdres,65,0,4,0,11,0,6,0,4,0
BRMO distributie/brmo-stufbg204,nl.egem.stuf.sector.bg._0204,VBOFund.LaagsteBouwlaag,42,0,4,0,17,0,11,0,9,0
BRMO distributie/brmo-stufbg204,nl.egem.stuf.sector.bg._0204,BSGKerngegevens.NaamBestemmingsplan,43,0,4,0,17,0,11,0,9,0
BRMO distributie/brmo-stufbg204,nl.egem.stuf.sector.bg._0204,SRVTabel,50,0,2,0,21,0,14,0,13,0
BRMO distributie/brmo-stufbg204,nl.egem.stuf.sector.bg._0204,R04Tabel.Deelgemeentecode,43,0,4,0,17,0,11,0,9,0
BRMO distributie/brmo-stufbg204,nl.egem.stuf.sector.bg._0204,KDOKerngegevens.KadastraleSectie,55,0,6,0,22,0,14,0,11,0
BRMO distributie/brmo-stufbg204,nl.egem.stuf.sector.bg._0204,KGMTabel.KadastraleGemeenteCode,43,0,4,0,17,0,11,0,9,0
BRMO distributie/brmo-stufbg204,nl.egem.stuf.sector.bg._0204,SIBTabel.Soort,43,0,4,0,17,0,11,0,9,0
BRMO distributie/brmo-stufbg204,nl.egem.stuf.sector.bg._0204,BRTTabel.Buurtnaam,43,0,4,0,17,0,11,0,9,0
BRMO distributie/brmo-stufbg204,nl.egem.stuf.sector.bg._0204,AdellijkeTitelSoort,30,0,0,0,5,0,3,0,3,0
BRMO distributie/brmo-stufbg204,nl.egem.stuf.sector.bg._0204,GEMTabel.GemeenteWaarinIsOvergegaan,43,0,4,0,17,0,11,0,9,0
BRMO distributie/brmo-stufbg204,nl.egem.stuf.sector.bg._0204,WOZFund.VastgesteldeWaarde,42,0,4,0,17,0,11,0,9,0
BRMO distributie/brmo-stufbg204,nl.egem.stuf.sector.bg._0204,PRBKerngegevens.CodePubliekRechtlijkeBeperking,43,0,4,0,17,0,11,0,9,0
BRMO distributie/brmo-stufbg204,nl.egem.stuf.sector.bg._0204,SZRTabel,50,0,2,0,21,0,14,0,13,0
BRMO distributie/brmo-stufbg204,nl.egem.stuf.sector.bg._0204,VBOFund.HoogsteBouwlaag,42,0,4,0,17,0,11,0,9,0
BRMO distributie/brmo-stufbg204,nl.egem.stuf.sector.bg._0204,PRSPRSHUWRel.SoortVerbintenis,30,0,2,0,12,0,8,0,7,0
BRMO distributie/brmo-stufbg204,nl.egem.stuf.sector.bg._0204,HHDFund.GrootteHuishouden,43,0,4,0,17,0,11,0,9,0
BRMO distributie/brmo-stufbg204,nl.egem.stuf.sector.bg._0204,AsynchroonAntwoordBericht.Body,255,0,0,0,109,0,73,0,73,0
BRMO distributie/brmo-stufbg204,nl.egem.stuf.sector.bg._0204,VBOAntwoord.VBOSUBGBR,17,0,0,0,7,0,5,0,5,0
BRMO distributie/brmo-stufbg204,nl.egem.stuf.sector.bg._0204,VBOFund.AantalWoonlagen,30,0,2,0,12,0,8,0,7,0
BRMO distributie/brmo-stufbg204,nl.egem.stuf.sector.bg._0204,BsnNummerE,43,0,4,0,17,0,11,0,9,0
BRMO distributie/brmo-stufbg204,nl.egem.stuf.sector.bg._0204,VBOFund.AanUitBouw,30,0,2,0,12,0,8,0,7,0
BRMO distributie/brmo-stufbg204,nl.egem.stuf.sector.bg._0204,BRTTabel.Wijkcode,43,0,4,0,17,0,11,0,9,0
BRMO distributie/brmo-stufbg204,nl.egem.stuf.sector.bg._0204,PRSKerngegevens.BsnNummer,43,0,4,0,17,0,11,0,9,0
BRMO distributie/brmo-stufbg204,nl.egem.stuf.sector.bg._0204,HHDAntwoord,36,0,6,0,10,0,7,0,4,0
BRMO distributie/brmo-stufbg204,nl.egem.stuf.sector.bg._0204,NNPKerngegevens.Zaaknaam,55,0,6,0,22,0,14,0,11,0
BRMO distributie/brmo-stufbg204,nl.egem.stuf.sector.bg._0204,WOZVraag.WOZVBO,10,0,0,0,4,0,3,0,3,0
BRMO distributie/brmo-stufbg204,nl.egem.stuf.sector.bg._0204,PRSFund.IndicatieGezagMinderjarige,30,0,2,0,12,0,8,0,7,0
BRMO distributie/brmo-stufbg204,nl.egem.stuf.sector.bg._0204,MNATabel,64,0,2,0,27,0,18,0,17,0
BRMO distributie/brmo-stufbg204,nl.egem.stuf.sector.bg._0204,VBOAntwoord.VBOBSG,10,0,0,0,4,0,3,0,3,0
BRMO distributie/brmo-stufbg204,nl.egem.stuf.sector.bg._0204,VBOAntwoord.VBOKDO,10,0,0,0,4,0,3,0,3,0
BRMO distributie/brmo-stufbg204,nl.egem.stuf.sector.bg._0204,KDOFund.KadastraalObjectIndexLetter,55,0,6,0,22,0,14,0,11,0
BRMO distributie/brmo-stufbg204,nl.egem.stuf.sector.bg._0204,PRSFund.BankgiroRekeningnummer,30,0,2,0,12,0,8,0,7,0
BRMO distributie/brmo-stufbg204,nl.egem.stuf.sector.bg._0204,NNPFund.Telefoonnummer,30,0,2,0,12,0,8,0,7,0
BRMO distributie/brmo-stufbg204,nl.egem.stuf.sector.bg._0204,WOZKennisgeving.WOZOBW,10,0,0,0,4,0,3,0,3,0
BRMO distributie/brmo-stufbg204,nl.egem.stuf.sector.bg._0204,GEMTabel,71,0,2,0,30,0,20,0,19,0
BRMO distributie/brmo-stufbg204,nl.egem.stuf.sector.bg._0204,VBOAntwoord.VBOVBOOSU,10,0,0,0,4,0,3,0,3,0
BRMO distributie/brmo-stufbg204,nl.egem.stuf.sector.bg._0204,SIBTabel,50,0,2,0,21,0,14,0,13,0
BRMO distributie/brmo-stufbg204,nl.egem.stuf.sector.bg._0204,LFTTabel,64,0,2,0,27,0,18,0,17,0
BRMO distributie/brmo-stufbg204,nl.egem.stuf.sector.bg._0204,R02Tabel.Straatnaam,43,0,4,0,17,0,11,0,9,0
BRMO distributie/brmo-stufbg204,nl.egem.stuf.sector.bg._0204,VBOFund.BouwkundigeBestemmingActueel,30,0,2,0,12,0,8,0,7,0
BRMO distributie/brmo-stufbg204,nl.egem.stuf.sector.bg._0204,PRSIDBRel,78,0,2,0,33,0,22,0,21,0
BRMO distributie/brmo-stufbg204,nl.egem.stuf.sector.bg._0204,PRSFund.CodeLandEmigratie,30,0,2,0,12,0,8,0,7,0
BRMO distributie/brmo-stufbg204,nl.egem.stuf.sector.bg._0204,PRSFund.DatumVerliesVerblijfstitel,15,0,2,0,6,0,4,0,3,0
BRMO distributie/brmo-stufbg204,nl.egem.stuf.sector.bg._0204,NNPFund.AantalWerkzameMannenPartTime,42,0,4,0,17,0,11,0,9,0
BRMO distributie/brmo-stufbg204,nl.egem.stuf.sector.bg._0204,R04Tabel.Gemeentecode,43,0,4,0,17,0,11,0,9,0
BRMO distributie/brmo-stufbg204,nl.egem.stuf.sector.bg._0204,ADRKerngegevens,162,0,2,0,69,0,46,0,45,0
BRMO distributie/brmo-stufbg204,nl.egem.stuf.sector.bg._0204,VBTTabel.Code,43,0,4,0,17,0,11,0,9,0
BRMO distributie/brmo-stufbg204,nl.egem.stuf.sector.bg._0204,BRTTabel.Gemeentecode,43,0,4,0,17,0,11,0,9,0
BRMO distributie/brmo-stufbg204,nl.egem.stuf.sector.bg._0204,AanduidingBijzonderNederlanderschap,30,0,0,0,5,0,3,0,3,0
BRMO distributie/brmo-stufbg204,nl.egem.stuf.sector.bg._0204,VBOFund.SoortWoonObject,30,0,2,0,12,0,8,0,7,0
BRMO distributie/brmo-stufbg204,nl.egem.stuf.sector.bg._0204,OBWFund,85,0,2,0,36,0,24,0,23,0
BRMO distributie/brmo-stufbg204,nl.egem.stuf.sector.bg._0204,NNPFund.IndicatieHoofdVestiging,30,0,2,0,12,0,8,0,7,0
BRMO distributie/brmo-stufbg204,nl.egem.stuf.sector.bg._0204,NNPFund.IndicatieFaillisement,30,0,2,0,12,0,8,0,7,0
BRMO distributie/brmo-stufbg204,nl.egem.stuf.sector.bg._0204,KDOZKRRel,134,0,2,0,57,0,38,0,37,0
BRMO distributie/brmo-stufbg204,nl.egem.stuf.sector.bg._0204,KDOFund.AanduidingErfdienstbaarheid,30,0,2,0,12,0,8,0,7,0
BRMO distributie/brmo-stufbg204,nl.egem.stuf.sector.bg._0204,WOZVraag.WOZOBW,10,0,0,0,4,0,3,0,3,0
BRMO distributie/brmo-stufbg204,nl.egem.stuf.sector.bg._0204,AanduidingNaamgebruik,50,0,0,0,7,0,3,0,3,0
BRMO distributie/brmo-stufbg204,nl.egem.stuf.sector.bg._0204,NNPFund.SubjectnrAKR,30,0,2,0,12,0,8,0,7,0
BRMO distributie/brmo-stufbg204,nl.egem.stuf.sector.bg._0204,PRSKerngegevens.Geslachtsaanduiding,43,0,4,0,17,0,11,0,9,0
BRMO distributie/brmo-stufbg204,nl.egem.stuf.sector.bg._0204,PRSVraag.PRSNAT,10,0,0,0,4,0,3,0,3,0
BRMO distributie/brmo-stufbg204,nl.egem.stuf.sector.bg._0204,SBITabel.SbiOmschrijving,43,0,4,0,17,0,11,0,9,0
BRMO distributie/brmo-stufbg204,nl.egem.stuf.sector.bg._0204,WOZFund.ActiviteitFeitelijk,30,0,2,0,12,0,8,0,7,0
BRMO distributie/brmo-stufbg204,nl.egem.stuf.sector.bg._0204,VBOFund.BinnenwerkseKernOppervlakte,30,0,2,0,12,0,8,0,7,0
BRMO distributie/brmo-stufbg204,nl.egem.stuf.sector.bg._0204,PRBFund.CodePubliekRechtlijkeBeperking,43,0,4,0,17,0,11,0,9,0
BRMO distributie/brmo-stufbg204,nl.egem.stuf.sector.bg._0204,HHDPRSRel.HuishoudenRelatieCode,43,0,4,0,17,0,11,0,9,0
BRMO distributie/brmo-stufbg204,nl.egem.stuf.sector.bg._0204,KDOFund.KadastraalObjectIndexNummer,55,0,6,0,22,0,14,0,11,0
BRMO distributie/brmo-stufbg204,nl.egem.stuf.sector.bg._0204,BHVTabel.Omschrijving,43,0,4,0,17,0,11,0,9,0
BRMO distributie/brmo-stufbg204,nl.egem.stuf.sector.bg._0204,KDOZKRRel.TellerAandeelZakelijkRecht,30,0,2,0,12,0,8,0,7,0
BRMO distributie/brmo-stufbg204,nl.egem.stuf.sector.bg._0204,ADRAntwoord,25,0,4,0,7,0,5,0,3,0
BRMO distributie/brmo-stufbg204,nl.egem.stuf.sector.bg._0204,PRSFund.BurgerlijkeStaat,30,0,2,0,12,0,8,0,7,0
BRMO distributie/brmo-stufbg204,nl.egem.stuf.sector.bg._0204,VBOKerngegevens,78,0,2,0,33,0,22,0,21,0
BRMO distributie/brmo-stufbg204,nl.egem.stuf.sector.bg._0204,KDOVraag.KDOBSG,10,0,0,0,4,0,3,0,3,0
BRMO distributie/brmo-stufbg204,nl.egem.stuf.sector.bg._0204,NNPFund.Rechtsvorm,30,0,2,0,12,0,8,0,7,0
BRMO distributie/brmo-stufbg204,nl.egem.stuf.sector.bg._0204,VoorlettersE,55,0,6,0,22,0,14,0,11,0
BRMO distributie/brmo-stufbg204,nl.egem.stuf.sector.bg._0204,ADRFund.Landcode,55,0,6,0,22,0,14,0,11,0
BRMO distributie/brmo-stufbg204,nl.egem.stuf.sector.bg._0204,PRSFund.Verblijfstitel,42,0,4,0,17,0,11,0,9,0
BRMO distributie/brmo-stufbg204,nl.egem.stuf.sector.bg._0204,PRSKerngegevens.VoorvoegselGeslachtsnaam,55,0,6,0,22,0,14,0,11,0
BRMO distributie/brmo-stufbg204,nl.egem.stuf.sector.bg._0204,LNDTabel.Landcode,43,0,4,0,17,0,11,0,9,0
BRMO distributie/brmo-stufbg204,nl.egem.stuf.sector.bg._0204,BSGKerngegevens,64,0,2,0,27,0,18,0,17,0
BRMO distributie/brmo-stufbg204,nl.egem.stuf.sector.bg._0204,BSGFund.OmschrijvingPlanologischeBestemming,30,0,2,0,12,0,8,0,7,0
BRMO distributie/brmo-stufbg204,nl.egem.stuf.sector.bg._0204,PRSIDBRel.NummerIdentiteitsbewijs,43,0,4,0,17,0,11,0,9,0
BRMO distributie/brmo-stufbg204,nl.egem.stuf.sector.bg._0204,PRSKerngegevens.Geslachtsnaam,55,0,6,0,22,0,14,0,11,0
BRMO distributie/brmo-stufbg204,nl.egem.stuf.sector.bg._0204,VBOFund.OnderhoudsToestand,30,0,2,0,12,0,8,0,7,0
BRMO distributie/brmo-stufbg204,nl.egem.stuf.sector.bg._0204,NNPFund.Faxnummer,30,0,2,0,12,0,8,0,7,0
BRMO distributie/brmo-stufbg204,nl.egem.stuf.sector.bg._0204,OBWAntwoord,47,0,8,0,13,0,9,0,5,0
BRMO distributie/brmo-stufbg204,nl.egem.stuf.sector.bg._0204,R03Tabel,78,0,2,0,33,0,22,0,21,0
BRMO distributie/brmo-stufbg204,nl.egem.stuf.sector.bg._0204,BSGFund.NaamBestemmingsplan,43,0,4,0,17,0,11,0,9,0
BRMO distributie/brmo-stufbg204,nl.egem.stuf.sector.bg._0204,PRSNATRel,85,0,2,0,36,0,24,0,23,0
BRMO distributie/brmo-stufbg204,nl.egem.stuf.sector.bg._0204,KDOAntwoord.KDOSUBVZG,17,0,0,0,7,0,5,0,5,0
BRMO distributie/brmo-stufbg204,nl.egem.stuf.sector.bg._0204,ADRKerngegevens.AanduidingBijHuisnummer,55,0,6,0,22,0,14,0,11,0
BRMO distributie/brmo-stufbg204,nl.egem.stuf.sector.bg._0204,KDOZKRRel.KoopsomZakelijkRechtEuro,30,0,2,0,12,0,8,0,7,0
BRMO distributie/brmo-stufbg204,nl.egem.stuf.sector.bg._0204,AcademischeTitelPositieTovNaam,30,0,0,0,5,0,3,0,3,0
BRMO distributie/brmo-stufbg204,nl.egem.stuf.sector.bg._0204,ADRFund.Straatnaam,55,0,6,0,22,0,14,0,11,0
BRMO distributie/brmo-stufbg204,nl.egem.stuf.sector.bg._0204,ADRKerngegevens.Huisletter,55,0,6,0,22,0,14,0,11,0
BRMO distributie/brmo-stufbg204,nl.egem.stuf.sector.bg._0204,KDOKennisgeving.KDOSUBVZG,17,0,0,0,7,0,5,0,5,0
BRMO distributie/brmo-stufbg204,nl.egem.stuf.sector.bg._0204,WOZAntwoord.WOZSUBEIG,17,0,0,0,7,0,5,0,5,0
BRMO distributie/brmo-stufbg204,nl.egem.stuf.sector.bg._0204,VBOFund.VerblijfsObjectNummer,43,0,4,0,17,0,11,0,9,0
BRMO distributie/brmo-stufbg204,nl.egem.stuf.sector.bg._0204,WYKTabel.Wijknaam,43,0,4,0,17,0,11,0,9,0
BRMO distributie/brmo-stufbg204,nl.egem.stuf.sector.bg._0204,ADLTabel.Soort,43,0,4,0,17,0,11,0,9,0
BRMO distributie/brmo-stufbg204,nl.egem.stuf.sector.bg._0204,NNPKerngegevens.DatumOprichtingNietNatuurlijkPersoon,16,0,2,0,6,0,4,0,3,0
BRMO distributie/brmo-stufbg204,nl.egem.stuf.sector.bg._0204,NNPKerngegevens.SofiNummer,55,0,6,0,22,0,14,0,11,0
BRMO distributie/brmo-stufbg204,nl.egem.stuf.sector.bg._0204,PRSKennisgeving,79,0,10,0,25,0,17,0,12,0
BRMO distributie/brmo-stufbg204,nl.egem.stuf.sector.bg._0204,VBOVraag.VBOBSG,10,0,0,0,4,0,3,0,3,0
BRMO distributie/brmo-stufbg204,nl.egem.stuf.sector.bg._0204,MNATabel.Omschrijving,43,0,4,0,17,0,11,0,9,0
BRMO distributie/brmo-stufbg204,nl.egem.stuf.sector.bg._0204,VBOVraag.VBOKDO,10,0,0,0,4,0,3,0,3,0
BRMO distributie/brmo-stufbg204,nl.egem.stuf.sector.bg._0204,GeboortedatumE,16,0,2,0,6,0,4,0,3,0
BRMO distributie/brmo-stufbg204,nl.egem.stuf.sector.bg._0204,HHDKennisgeving,21,0,2,0,7,0,5,0,4,0
BRMO distributie/brmo-stufbg204,nl.egem.stuf.sector.bg._0204,WOSTabel.Code,43,0,4,0,17,0,11,0,9,0
BRMO distributie/brmo-stufbg204,nl.egem.stuf.sector.bg._0204,VBOFund.Renovatiejaar,30,0,2,0,12,0,8,0,7,0
BRMO distributie/brmo-stufbg204,nl.egem.stuf.sector.bg._0204,GeslachtsaanduidingE,43,0,4,0,17,0,11,0,9,0
BRMO distributie/brmo-stufbg204,nl.egem.stuf.sector.bg._0204,HHDFund,85,0,2,0,36,0,24,0,23,0
BRMO distributie/brmo-stufbg204,nl.egem.stuf.sector.bg._0204,NATTabel,64,0,2,0,27,0,18,0,17,0
BRMO distributie/brmo-stufbg204,nl.egem.stuf.sector.bg._0204,VBOFund.BereikbaarheidHoofdWoonvertrek,30,0,2,0,12,0,8,0,7,0
BRMO distributie/brmo-stufbg204,nl.egem.stuf.sector.bg._0204,PRSFund.AcademischeTitel,30,0,2,0,12,0,8,0,7,0
BRMO distributie/brmo-stufbg204,nl.egem.stuf.sector.bg._0204,ADLTabel,57,0,2,0,24,0,16,0,15,0
BRMO distributie/brmo-stufbg204,nl.egem.stuf.sector.bg._0204,KDOZKRRel.CodeZakelijkRecht,43,0,4,0,17,0,11,0,9,0
BRMO distributie/brmo-stufbg204,nl.egem.stuf.sector.bg._0204,OBWKennisgeving,36,0,6,0,10,0,7,0,4,0
BRMO distributie/brmo-stufbg204,nl.egem.stuf.sector.bg._0204,BGBTabel.Code,43,0,4,0,17,0,11,0,9,0
BRMO distributie/brmo-stufbg204,nl.egem.stuf.sector.bg._0204,PRSAntwoord.PRSPRSHUW,10,0,0,0,4,0,3,0,3,0
BRMO distributie/brmo-stufbg204,nl.egem.stuf.sector.bg._0204,ADRKerngegevens.Postbusnummer,43,0,4,0,17,0,11,0,9,0
BRMO distributie/brmo-stufbg204,nl.egem.stuf.sector.bg._0204,KDOFund.KadastraleGemeentecode,55,0,6,0,22,0,14,0,11,0
BRMO distributie/brmo-stufbg204,nl.egem.stuf.sector.bg._0204,IndicatieZakelijkRechtMetMeerZknVerkr,30,0,0,0,5,0,3,0,3,0
BRMO distributie/brmo-stufbg204,nl.egem.stuf.sector.bg._0204,HHDAntwoord.HDDWOZ,10,0,0,0,4,0,3,0,3,0
BRMO distributie/brmo-stufbg204,nl.egem.stuf.sector.bg._0204,HHDVraag,17,0,0,0,7,0,5,0,5,0
BRMO distributie/brmo-stufbg204,nl.egem.stuf.sector.bg._0204,WYKTabel.Gemeentecode,43,0,4,0,17,0,11,0,9,0
BRMO distributie/brmo-stufbg204,nl.egem.stuf.sector.bg._0204,KDOVraag.KDOPRB,10,0,0,0,4,0,3,0,3,0
BRMO distributie/brmo-stufbg204,nl.egem.stuf.sector.bg._0204,KDOVraag.KDOKDOFIL,10,0,0,0,4,0,3,0,3,0
BRMO distributie/brmo-stufbg204,nl.egem.stuf.sector.bg._0204,VBOAntwoord,69,0,12,0,19,0,13,0,7,0
BRMO distributie/brmo-stufbg204,nl.egem.stuf.sector.bg._0204,ADRADROSURel,78,0,2,0,33,0,22,0,21,0
BRMO distributie/brmo-stufbg204,nl.egem.stuf.sector.bg._0204,R02Tabel.Woonplaatscode,43,0,4,0,17,0,11,0,9,0
BRMO distributie/brmo-stufbg204,nl.egem.stuf.sector.bg._0204,VBOFund.CentroidYCoordinaat,42,0,4,0,17,0,11,0,9,0
BRMO distributie/brmo-stufbg204,nl.egem.stuf.sector.bg._0204,VBOKennisgeving,50,0,6,0,16,0,11,0,8,0
BRMO distributie/brmo-stufbg204,nl.egem.stuf.sector.bg._0204,PRSVraag.PRSPRSHUW,10,0,0,0,4,0,3,0,3,0
BRMO distributie/brmo-stufbg204,nl.egem.stuf.sector.bg._0204,NNPFund.AantalWerkzameVrouwenFullTime,42,0,4,0,17,0,11,0,9,0
BRMO distributie/brmo-stufbg204,nl.egem.stuf.sector.bg._0204,OHTTabel.Code,43,0,4,0,17,0,11,0,9,0
BRMO distributie/brmo-stufbg204,nl.egem.stuf.sector.bg._0204,WOZKerngegevens.WozObjectNummer,43,0,4,0,17,0,11,0,9,0
BRMO distributie/brmo-stufbg204,nl.egem.stuf.sector.bg._0204,PRSFund.IndicatieCuratelestelling,30,0,2,0,12,0,8,0,7,0
BRMO distributie/brmo-stufbg204,nl.egem.stuf.sector.bg._0204,R04Tabel.Gemeentenaam,30,0,2,0,12,0,8,0,7,0
BRMO distributie/brmo-stufbg204,nl.egem.stuf.sector.bg._0204,ADRVraag.ADRADROSU,10,0,0,0,4,0,3,0,3,0
BRMO distributie/brmo-stufbg204,nl.egem.stuf.sector.bg._0204,VBOFund.MonumentAanduiding,30,0,2,0,12,0,8,0,7,0
BRMO distributie/brmo-stufbg204,nl.egem.stuf.sector.bg._0204,ADRFund.Postbusnummer,43,0,4,0,17,0,11,0,9,0
BRMO distributie/brmo-stufbg204,nl.egem.stuf.sector.bg._0204,GeboorteplaatsE,42,0,4,0,17,0,11,0,9,0
BRMO distributie/brmo-stufbg204,nl.egem.stuf.sector.bg._0204,BSGFund,92,0,2,0,39,0,26,0,25,0
BRMO distributie/brmo-stufbg204,nl.egem.stuf.sector.bg._0204,NNPFund.DatumOprichtingNietNatuurlijkPersoon,16,0,2,0,6,0,4,0,3,0
BRMO distributie/brmo-stufbg204,nl.egem.stuf.sector.bg._0204,ADRFund.Straatcode,30,0,2,0,12,0,8,0,7,0
BRMO distributie/brmo-stufbg204,nl.egem.stuf.sector.bg._0204,SRVTabel.Omschrijving,43,0,4,0,17,0,11,0,9,0
BRMO distributie/brmo-stufbg204,nl.egem.stuf.sector.bg._0204,ADRKerngegevens.Woonplaatsnaam,43,0,4,0,17,0,11,0,9,0
BRMO distributie/brmo-stufbg204,nl.egem.stuf.sector.bg._0204,NNPFund.EMailAdres,30,0,2,0,12,0,8,0,7,0
BRMO distributie/brmo-stufbg204,nl.egem.stuf.sector.bg._0204,OBWKerngegevens.OmschrijvingOverigBouwwerk,43,0,4,0,17,0,11,0,9,0
BRMO distributie/brmo-stufbg204,nl.egem.stuf.sector.bg._0204,KDOFund.Koopjaar,30,0,2,0,12,0,8,0,7,0
BRMO distributie/brmo-stufbg204,nl.egem.stuf.sector.bg._0204,IndicatieOppervlakteGeschat,30,0,0,0,5,0,3,0,3,0
BRMO distributie/brmo-stufbg204,nl.egem.stuf.sector.bg._0204,VBOFund.FrontBreedte,30,0,2,0,12,0,8,0,7,0
BRMO distributie/brmo-stufbg204,nl.egem.stuf.sector.bg._0204,RTBTabel,64,0,2,0,27,0,18,0,17,0
BRMO distributie/brmo-stufbg204,nl.egem.stuf.sector.bg._0204,VBOFund.CentroidZCoordinaat,42,0,4,0,17,0,11,0,9,0
BRMO distributie/brmo-stufbg204,nl.egem.stuf.sector.bg._0204,WOZAntwoord.WOZVBO,10,0,0,0,4,0,3,0,3,0
BRMO distributie/brmo-stufbg204,nl.egem.stuf.sector.bg._0204,WOZVraag,52,0,0,0,22,0,15,0,15,0
BRMO distributie/brmo-stufbg204,nl.egem.stuf.sector.bg._0204,ADLTabel.Omschrijving,43,0,4,0,17,0,11,0,9,0
BRMO distributie/brmo-stufbg204,nl.egem.stuf.sector.bg._0204,ADRKerngegevens.Huisnummer,55,0,6,0,22,0,14,0,11,0
BRMO distributie/brmo-stufbg204,nl.egem.stuf.sector.bg._0204,ADRFund,232,0,2,0,99,0,66,0,65,0
BRMO distributie/brmo-stufbg204,nl.egem.stuf.sector.bg._0204,KDOAntwoord.KDOBSG,10,0,0,0,4,0,3,0,3,0
BRMO distributie/brmo-stufbg204,nl.egem.stuf.sector.bg._0204,PRBKerngegevens.Ingangsdatum,16,0,2,0,6,0,4,0,3,0
BRMO distributie/brmo-stufbg204,nl.egem.stuf.sector.bg._0204,PRSAntwoord.PRSIDB,10,0,0,0,4,0,3,0,3,0
BRMO distributie/brmo-stufbg204,nl.egem.stuf.sector.bg._0204,KDOVraag.KDOSUBVZG,17,0,0,0,7,0,5,0,5,0
BRMO distributie/brmo-stufbg204,nl.egem.stuf.sector.bg._0204,SPBTabel,50,0,2,0,21,0,14,0,13,0
BRMO distributie/brmo-stufbg204,nl.egem.stuf.sector.bg._0204,VBOFund.GemiddeldeLengte,42,0,4,0,17,0,11,0,9,0
BRMO distributie/brmo-stufbg204,nl.egem.stuf.sector.bg._0204,PRSPRSHUWRel.PlaatsSluiting,30,0,2,0,12,0,8,0,7,0
BRMO distributie/brmo-stufbg204,nl.egem.stuf.sector.bg._0204,PRSFund.IndicatieGeheim,30,0,2,0,12,0,8,0,7,0
BRMO distributie/brmo-stufbg204,nl.egem.stuf.sector.bg._0204,WOSTabel.Omschrijving,43,0,4,0,17,0,11,0,9,0
BRMO distributie/brmo-stufbg204,nl.egem.stuf.sector.bg._0204,R04Tabel.Deelgemeentenaam,30,0,2,0,12,0,8,0,7,0
BRMO distributie/brmo-stufbg204,nl.egem.stuf.sector.bg._0204,PRSPRSHUWRel.RedenOntbinding,30,0,2,0,12,0,8,0,7,0
BRMO distributie/brmo-stufbg204,nl.egem.stuf.sector.bg._0204,VOTTabel,64,0,2,0,27,0,18,0,17,0
BRMO distributie/brmo-stufbg204,nl.egem.stuf.sector.bg._0204,ADRKennisgeving,14,0,2,0,4,0,3,0,2,0
BRMO distributie/brmo-stufbg204,nl.egem.stuf.sector.bg._0204,VBOVraag.VBOVBOOSU,10,0,0,0,4,0,3,0,3,0
BRMO distributie/brmo-stufbg204,nl.egem.stuf.sector.bg._0204,PRSFund.Faxnummer,30,0,2,0,12,0,8,0,7,0
BRMO distributie/brmo-stufbg204,nl.egem.stuf.sector.bg._0204,KDOAntwoord.KDOKDOFIL,10,0,0,0,4,0,3,0,3,0
BRMO distributie/brmo-stufbg204,nl.egem.stuf.sector.bg._0204,HHDFund.SoortHuishouden,43,0,4,0,17,0,11,0,9,0
BRMO distributie/brmo-stufbg204,nl.egem.stuf.sector.bg._0204,AanUitBouw,30,0,0,0,5,0,3,0,3,0
BRMO distributie/brmo-stufbg204,nl.egem.stuf.sector.bg._0204,OBWKerngegevens,71,0,2,0,30,0,20,0,19,0
BRMO distributie/brmo-stufbg204,nl.egem.stuf.sector.bg._0204,StUFFout,18,0,0,0,7,0,3,0,3,0
BRMO distributie/brmo-stufbg204,nl.egem.stuf.sector.bg._0204,NNPAntwoord.NNPNNPNVN,10,0,0,0,4,0,3,0,3,0
BRMO distributie/brmo-stufbg204,nl.egem.stuf.sector.bg._0204,KDOKerngegevens.KadastraleGemeentecode,55,0,6,0,22,0,14,0,11,0
BRMO distributie/brmo-stufbg204,nl.egem.stuf.sector.bg._0204,KDOFund.KoopsomEuro,30,0,2,0,12,0,8,0,7,0
BRMO distributie/brmo-stufbg204,nl.egem.stuf.sector.bg._0204,WOZKerngegevens,64,0,2,0,27,0,18,0,17,0
BRMO distributie/brmo-stufbg204,nl.egem.stuf.sector.bg._0204,NATTabel.Code,43,0,4,0,17,0,11,0,9,0
BRMO distributie/brmo-stufbg204,nl.egem.stuf.sector.bg._0204,OBWKerngegevens.TypeOverigBouwwerk,43,0,4,0,17,0,11,0,9,0
BRMO distributie/brmo-stufbg204,nl.egem.stuf.sector.bg._0204,KDOKennisgeving.KDOBSG,10,0,0,0,4,0,3,0,3,0
BRMO distributie/brmo-stufbg204,nl.egem.stuf.sector.bg._0204,OBWKerngegevens.OverigBouwwerkNummer,43,0,4,0,17,0,11,0,9,0
BRMO distributie/brmo-stufbg204,nl.egem.stuf.sector.bg._0204,ADRAntwoord.ADRADROSU,10,0,0,0,4,0,3,0,3,0
BRMO distributie/brmo-stufbg204,nl.egem.stuf.sector.bg._0204,VOTTabel.Omschrijving,43,0,4,0,17,0,11,0,9,0
BRMO distributie/brmo-stufbg204,nl.egem.stuf.sector.bg._0204,PRSFund.AanduidingNaamgebruik,30,0,2,0,12,0,8,0,7,0
BRMO distributie/brmo-stufbg204,nl.egem.stuf.sector.bg._0204,ADRFund.CentroidZCoordinaat,42,0,4,0,17,0,11,0,9,0
BRMO distributie/brmo-stufbg204,nl.egem.stuf.sector.bg._0204,WOZVraag.WOZKDO,10,0,0,0,4,0,3,0,3,0
BRMO distributie/brmo-stufbg204,nl.egem.stuf.sector.bg._0204,KDOVraag.KDOSUBZKR,17,0,0,0,7,0,5,0,5,0
BRMO distributie/brmo-stufbg204,nl.egem.stuf.sector.bg._0204,SRVTabel.Code,43,0,4,0,17,0,11,0,9,0
BRMO distributie/brmo-stufbg204,nl.egem.stuf.sector.bg._0204,WYKTabel.Wijkcode,43,0,4,0,17,0,11,0,9,0
BRMO distributie/brmo-stufbg204,nl.egem.stuf.sector.bg._0204,KDOKennisgeving.KDOSUBZKR,17,0,0,0,7,0,5,0,5,0
BRMO distributie/brmo-stufbg204,nl.egem.stuf.sector.bg._0204,WOZFund,124,0,4,0,51,0,34,0,32,0
BRMO distributie/brmo-stufbg204,nl.egem.stuf.sector.bg._0204,WOZFund.VastgesteldeWaardeEuro,42,0,4,0,17,0,11,0,9,0
BRMO distributie/brmo-stufbg204,nl.egem.stuf.sector.bg._0204,IndicatieHoofdVestiging,30,0,0,0,5,0,3,0,3,0
BRMO distributie/brmo-stufbg204,nl.egem.stuf.sector.bg._0204,PRSPRSHUWRel.DatumSluiting,16,0,2,0,6,0,4,0,3,0
BRMO distributie/brmo-stufbg204,nl.egem.stuf.sector.bg._0204,KDOKerngegevens.KadastraalObjectIndexNummer,55,0,6,0,22,0,14,0,11,0
BRMO distributie/brmo-stufbg204,nl.egem.stuf.sector.bg._0204,ADRFund.Huisnummertoevoeging,55,0,6,0,22,0,14,0,11,0
BRMO distributie/brmo-stufbg204,nl.egem.stuf.sector.bg._0204,ADRFund.CentroidXCoordinaat,42,0,4,0,17,0,11,0,9,0
BRMO distributie/brmo-stufbg204,nl.egem.stuf.sector.bg._0204,KDOFund.CentroidXCoordinaat,42,0,4,0,17,0,11,0,9,0
BRMO distributie/brmo-stufbg204,nl.egem.stuf.sector.bg._0204,SynchroonAntwoordBericht,17,0,0,0,7,0,5,0,5,0
BRMO distributie/brmo-stufbg204,nl.egem.stuf.sector.bg._0204,PRSPRSKNDRel,85,0,2,0,36,0,24,0,23,0
BRMO distributie/brmo-stufbg204,nl.egem.stuf.sector.bg._0204,OBWKennisgeving.OBWKDO,10,0,0,0,4,0,3,0,3,0
BRMO distributie/brmo-stufbg204,nl.egem.stuf.sector.bg._0204,PRSFund,347,0,14,0,138,0,92,0,85,0
BRMO distributie/brmo-stufbg204,nl.egem.stuf.sector.bg._0204,OBWKennisgeving.OBWBSG,10,0,0,0,4,0,3,0,3,0
BRMO distributie/brmo-stufbg204,nl.egem.stuf.sector.bg._0204,ADRKerngegevens.Locatieomschrijving,55,0,6,0,22,0,14,0,11,0
BRMO distributie/brmo-stufbg204,nl.egem.stuf.sector.bg._0204,KennisgevingsBericht.Body,399,0,72,0,109,0,73,0,37,0
BRMO distributie/brmo-stufbg204,nl.egem.stuf.sector.bg._0204,BRTTabel,78,0,2,0,33,0,22,0,21,0
BRMO distributie/brmo-stufbg204,nl.egem.stuf.sector.bg._0204,KDOKDOFILRel,78,0,2,0,33,0,22,0,21,0
BRMO distributie/brmo-stufbg204,nl.egem.stuf.sector.bg._0204,Geslachtsaanduiding,40,0,0,0,6,0,3,0,3,0
BRMO distributie/brmo-stufbg204,nl.egem.stuf.sector.bg._0204,WOZKennisgeving.WOZSUBGBR,17,0,0,0,7,0,5,0,5,0
BRMO distributie/brmo-stufbg204,nl.egem.stuf.sector.bg._0204,PRBFund.Ingangsdatum,16,0,2,0,6,0,4,0,3,0
BRMO distributie/brmo-stufbg204,nl.egem.stuf.sector.bg._0204,KDOZKRRel.KoopsomZakelijkRecht,30,0,2,0,12,0,8,0,7,0
BRMO distributie/brmo-stufbg204,nl.egem.stuf.sector.bg._0204,KDOFund.KadastraalPerceelnummer,55,0,6,0,22,0,14,0,11,0
BRMO distributie/brmo-stufbg204,nl.egem.stuf.sector.bg._0204,VBOVBOOSURel.FiliatieCode,30,0,2,0,12,0,8,0,7,0
BRMO distributie/brmo-stufbg204,nl.egem.stuf.sector.bg._0204,PRSGerelateerde,3,0,0,0,1,0,1,0,1,0
BRMO distributie/brmo-stufbg204,nl.egem.stuf.sector.bg._0204,VBOFund.OnbebouwdeTerreinOppervlakte,30,0,2,0,12,0,8,0,7,0
BRMO distributie/brmo-stufbg204,nl.egem.stuf.sector.bg._0204,Relatie,71,0,2,0,30,0,20,0,19,0
BRMO distributie/brmo-stufbg204,nl.egem.stuf.sector.bg._0204,IndicatieSurseanceVanBetaling,30,0,0,0,5,0,3,0,3,0
BRMO distributie/brmo-stufbg204,nl.egem.stuf.sector.bg._0204,NNPKerngegevens.AanvullingSoFiNummer,55,0,6,0,22,0,14,0,11,0
BRMO distributie/brmo-stufbg204,nl.egem.stuf.sector.bg._0204,NNPFund.AanvullingSoFiNummer,55,0,6,0,22,0,14,0,11,0
BRMO distributie/brmo-stufbg204,nl.egem.stuf.sector.bg._0204,OBWFund.OverigBouwwerkNummer,43,0,4,0,17,0,11,0,9,0
BRMO distributie/brmo-stufbg204,nl.egem.stuf.sector.bg._0204,ADRFund.Antwoordnummer,43,0,4,0,17,0,11,0,9,0
BRMO distributie/brmo-stufbg204,nl.egem.stuf.sector.bg._0204,VBOVraag,42,0,2,0,16,0,11,0,10,0
BRMO distributie/brmo-stufbg204,nl.egem.stuf.sector.bg._0204,KDOFund.OppervlakteKadastraalObject,42,0,4,0,17,0,11,0,9,0
BRMO distributie/brmo-stufbg204,nl.egem.stuf.sector.bg._0204,NNPFund.StatutaireNaamVennootschapsnaam,55,0,6,0,22,0,14,0,11,0
BRMO distributie/brmo-stufbg204,nl.egem.stuf.sector.bg._0204,WYKTabel.Gemeentenaam,43,0,4,0,17,0,11,0,9,0
BRMO distributie/brmo-stufbg204,nl.egem.stuf.sector.bg._0204,LNDTabel.Landnaam,43,0,4,0,17,0,11,0,9,0
BRMO distributie/brmo-stufbg204,nl.egem.stuf.sector.bg._0204,KDOKennisgeving.KDOPRB,10,0,0,0,4,0,3,0,3,0
BRMO distributie/brmo-stufbg204,nl.egem.stuf.sector.bg._0204,ADRFund.Huisletter,55,0,6,0,22,0,14,0,11,0
BRMO distributie/brmo-stufbg204,nl.egem.stuf.sector.bg._0204,ADRFund.Postcode,55,0,6,0,22,0,14,0,11,0
BRMO distributie/brmo-stufbg204,nl.egem.stuf.sector.bg._0204,VBOKerngegevens.Bouwjaar,43,0,4,0,17,0,11,0,9,0
BRMO distributie/brmo-stufbg204,nl.egem.stuf.sector.bg._0204,HHDAntwoord.HHDPRS,10,0,0,0,4,0,3,0,3,0
BRMO distributie/brmo-stufbg204,nl.egem.stuf.sector.bg._0204,VBOKennisgeving.VBOBSG,10,0,0,0,4,0,3,0,3,0
BRMO distributie/brmo-stufbg204,nl.egem.stuf.sector.bg._0204,VBOFund.CentroidXCoordinaat,42,0,4,0,17,0,11,0,9,0
BRMO distributie/brmo-stufbg204,nl.egem.stuf.sector.bg._0204,VBOKennisgeving.VBOKDO,10,0,0,0,4,0,3,0,3,0
BRMO distributie/brmo-stufbg204,nl.egem.stuf.sector.bg._0204,NNPAntwoord.NNPNNPHFD,10,0,0,0,4,0,3,0,3,0
BRMO distributie/brmo-stufbg204,nl.egem.stuf.sector.bg._0204,VoornamenE,54,0,6,0,22,0,14,0,11,0
BRMO distributie/brmo-stufbg204,nl.egem.stuf.sector.bg._0204,RTBTabel.Omschrijving,43,0,4,0,17,0,11,0,9,0
BRMO distributie/brmo-stufbg204,nl.egem.stuf.sector.bg._0204,OBWVraag,24,0,0,0,10,0,7,0,7,0
BRMO distributie/brmo-stufbg204,nl.egem.stuf.sector.bg._0204,KDOZKRRel.NoemerAandeelZakelijkRecht,30,0,2,0,12,0,8,0,7,0
BRMO distributie/brmo-stufbg204,nl.egem.stuf.sector.bg._0204,VBTTabel.Omschrijving,43,0,4,0,17,0,11,0,9,0
BRMO distributie/brmo-stufbg204,nl.egem.stuf.sector.bg._0204,PRSVraag.PRSIDB,10,0,0,0,4,0,3,0,3,0
BRMO distributie/brmo-stufbg204,nl.egem.stuf.sector.bg._0204,PRSKennisgeving.PRSNAT,10,0,0,0,4,0,3,0,3,0
BRMO distributie/brmo-stufbg204,nl.egem.stuf.sector.bg._0204,VOTTabel.Code,43,0,4,0,17,0,11,0,9,0
BRMO distributie/brmo-stufbg204,nl.egem.stuf.sector.bg._0204,PRSFund.DatumVerkrijgingVerblijfstitel,15,0,2,0,6,0,4,0,3,0
BRMO distributie/brmo-stufbg204,nl.egem.stuf.sector.bg._0204,WOZKennisgeving.WOZVBO,10,0,0,0,4,0,3,0,3,0
BRMO distributie/brmo-stufbg204,nl.egem.stuf.sector.bg._0204,ADRFund.Gemeentecode,43,0,4,0,17,0,11,0,9,0
BRMO distributie/brmo-stufbg204,nl.egem.stuf.sector.bg._0204,ADRKerngegevens.Locatieadresnummer,43,0,4,0,17,0,11,0,9,0
BRMO distributie/brmo-stufbg204,nl.egem.stuf.sector.bg._0204,GeslachtsnaamE,55,0,6,0,22,0,14,0,11,0
BRMO distributie/brmo-stufbg204,nl.egem.stuf.sector.bg._0204,R03Tabel.Gemeentenaam,30,0,2,0,12,0,8,0,7,0
BRMO distributie/brmo-stufbg204,nl.egem.stuf.sector.bg._0204,PRSKennisgeving.PRSPRSOUD,10,0,0,0,4,0,3,0,3,0
BRMO distributie/brmo-stufbg204,nl.egem.stuf.sector.bg._0204,PRSVraag,59,0,0,0,25,0,17,0,17,0
BRMO distributie/brmo-stufbg204,nl.egem.stuf.sector.bg._0204,KDOFund.IndicatieVervallen,30,0,2,0,12,0,8,0,7,0
BRMO distributie/brmo-stufbg204,nl.egem.stuf.sector.bg._0204,SPBTabel.Code,43,0,4,0,17,0,11,0,9,0
BRMO distributie/brmo-stufbg204,nl.egem.stuf.sector.bg._0204,PRSPRSOUDRel,85,0,2,0,36,0,24,0,23,0
BRMO distributie/brmo-stufbg204,nl.egem.stuf.sector.bg._0204,NNPKerngegevens.StatutaireNaamVennootschapsnaam,55,0,6,0,22,0,14,0,11,0
BRMO distributie/brmo-stufbg204,nl.egem.stuf.sector.bg._0204,PRBKerngegevens,64,0,2,0,27,0,18,0,17,0
BRMO distributie/brmo-stufbg204,nl.egem.stuf.sector.bg._0204,SynchroonAntwoordBericht.Body,399,0,72,0,109,0,73,0,37,0
BRMO distributie/brmo-stufbg204,nl.egem.stuf.sector.bg._0204,ADRFund.Woonplaatsnaam,43,0,4,0,17,0,11,0,9,0
BRMO distributie/brmo-stufbg204,nl.egem.stuf.sector.bg._0204,VBOKerngegevens.VerblijfsObjectType,43,0,4,0,17,0,11,0,9,0
BRMO distributie/brmo-stufbg204,nl.egem.stuf.sector.bg._0204,WOZAntwoord.WOZKDO,10,0,0,0,4,0,3,0,3,0
BRMO distributie/brmo-stufbg204,nl.egem.stuf.sector.bg._0204,PRSPRSHUWRel.PlaatsOntbinding,30,0,2,0,12,0,8,0,7,0
BRMO distributie/brmo-stufbg204,nl.egem.stuf.sector.bg._0204,VBOFund.BouwkundigeBestemmingOorspronkelijk,30,0,2,0,12,0,8,0,7,0
BRMO distributie/brmo-stufbg204,nl.egem.stuf.sector.bg._0204,ADRKerngegevens.Landcode,55,0,6,0,22,0,14,0,11,0
BRMO distributie/brmo-stufbg204,nl.egem.stuf.sector.bg._0204,ADRFund.Wijkcode,42,0,4,0,17,0,11,0,9,0
BRMO distributie/brmo-stufbg204,nl.egem.stuf.sector.bg._0204,PRSKennisgeving.PRSPRSKND,10,0,0,0,4,0,3,0,3,0
BRMO distributie/brmo-stufbg204,nl.egem.stuf.sector.bg._0204,ACDTabel,57,0,2,0,24,0,16,0,15,0
BRMO distributie/brmo-stufbg204,nl.egem.stuf.sector.bg._0204,NNPFund.Zaaknaam,55,0,6,0,22,0,14,0,11,0
BRMO distributie/brmo-stufbg204,nl.egem.stuf.sector.bg._0204,LFTTabel.Code,43,0,4,0,17,0,11,0,9,0
BRMO distributie/brmo-stufbg204,nl.egem.stuf.sector.bg._0204,PRSADRVBL,16,0,2,0,6,0,4,0,3,0
BRMO distributie/brmo-stufbg204,nl.egem.stuf.sector.bg._0204,R02Tabel,78,0,2,0,33,0,22,0,21,0
BRMO distributie/brmo-stufbg204,nl.egem.stuf.sector.bg._0204,KDOKennisgeving.KDOKDOFIL,10,0,0,0,4,0,3,0,3,0
BRMO distributie/brmo-stufbg204,nl.egem.stuf.sector.bg._0204,AdellijkeTitelPredikaatE,30,0,2,0,12,0,8,0,7,0
BRMO distributie/brmo-stufbg204,nl.egem.stuf.sector.bg._0204,ADRVraag,10,0,0,0,4,0,3,0,3,0
BRMO distributie/brmo-stufbg204,nl.egem.stuf.sector.bg._0204,BSGKerngegevens.OmschrijvingBestemmingsgebied,43,0,4,0,17,0,11,0,9,0
BRMO distributie/brmo-stufbg204,nl.egem.stuf.sector.bg._0204,BTKTabel.Code,43,0,4,0,17,0,11,0,9,0
BRMO distributie/brmo-stufbg204,nl.egem.stuf.sector.bg._0204,KDOZKRRel.IngangsDatumZakelijkRecht,16,0,2,0,6,0,4,0,3,0
BRMO distributie/brmo-stufbg204,nl.egem.stuf.sector.bg._0204,AanduidingErfdienstbaarheid,30,0,0,0,5,0,3,0,3,0
BRMO distributie/brmo-stufbg204,nl.egem.stuf.sector.bg._0204,VBOFund.GemiddeldeBreedte,42,0,4,0,17,0,11,0,9,0
BRMO distributie/brmo-stufbg204,nl.egem.stuf.sector.bg._0204,R03Tabel.Woonplaatsnaam,30,0,2,0,12,0,8,0,7,0
BRMO distributie/brmo-stufbg204,nl.egem.stuf.sector.bg._0204,ANummerE,43,0,4,0,17,0,11,0,9,0
BRMO distributie/brmo-stufbg204,nl.egem.stuf.sector.bg._0204,VBOFund.CodeRedenToevoegingBeeindiging,30,0,2,0,12,0,8,0,7,0
BRMO distributie/brmo-stufbg204,nl.egem.stuf.sector.bg._0204,NNPFund.IndicatieSurseanceVanBetaling,30,0,2,0,12,0,8,0,7,0
BRMO distributie/brmo-stufbg204,nl.egem.stuf.sector.bg._0204,KDOFund.CentroidZCoordinaat,42,0,4,0,17,0,11,0,9,0
BRMO distributie/brmo-stufbg204,nl.egem.stuf.sector.bg._0204,PRSPRSHUWRel.LandOntbinding,30,0,2,0,12,0,8,0,7,0
BRMO distributie/brmo-stufbg204,nl.egem.stuf.sector.bg._0204,NNPVraag.NNPNNPHFD,10,0,0,0,4,0,3,0,3,0
BRMO distributie/brmo-stufbg204,nl.egem.stuf.sector.bg._0204,PRSKerngegevens.Geboortedatum,16,0,2,0,6,0,4,0,3,0
BRMO distributie/brmo-stufbg204,nl.egem.stuf.sector.bg._0204,KDOZKRRel.IndicatieZakelijkRechtMetMeerZknVerkr,30,0,2,0,12,0,8,0,7,0
BRMO distributie/brmo-stufbg204,nl.egem.stuf.sector.bg._0204,VBOKennisgeving.VBOSUBGBR,17,0,0,0,7,0,5,0,5,0
BRMO distributie/brmo-stufbg204,nl.egem.stuf.sector.bg._0204,VBOFund.BebouwdeTerreinOppervlakte,30,0,2,0,12,0,8,0,7,0
BRMO distributie/brmo-stufbg204,nl.egem.stuf.sector.bg._0204,VBOVBOOSURel,78,0,2,0,33,0,22,0,21,0
BRMO distributie/brmo-stufbg204,nl.egem.stuf.sector.bg._0204,WOZVraag.WOZSUBEIG,17,0,0,0,7,0,5,0,5,0
BRMO distributie/brmo-stufbg204,nl.egem.stuf.sector.bg._0204,PRSKennisgeving.PRSIDB,10,0,0,0,4,0,3,0,3,0
BRMO distributie/brmo-stufbg204,nl.egem.stuf.sector.bg._0204,NNPKennisgeving.NNPNNPHFD,10,0,0,0,4,0,3,0,3,0
BRMO distributie/brmo-stufbg204,nl.egem.stuf.sector.bg._0204,OHTTabel,64,0,2,0,27,0,18,0,17,0
BRMO distributie/brmo-stufbg204,nl.egem.stuf.sector.bg._0204,AsynchroonAntwoordBericht,17,0,0,0,7,0,5,0,5,0
BRMO distributie/brmo-stufbg204,nl.egem.stuf.sector.bg._0204,KadastraalObjectIndexLetter,60,0,0,0,8,0,3,0,3,0
BRMO distributie/brmo-stufbg204,nl.egem.stuf.sector.bg._0204,PRSKerngegevens.Voorletters,55,0,6,0,22,0,14,0,11,0
BRMO distributie/brmo-stufbg204,nl.egem.stuf.sector.bg._0204,NNPFund.HandelsRegisternummer,30,0,2,0,12,0,8,0,7,0
BRMO distributie/brmo-stufbg204,nl.egem.stuf.sector.bg._0204,VBOFund.GemiddeldeHoogte,42,0,4,0,17,0,11,0,9,0
BRMO distributie/brmo-stufbg204,nl.egem.stuf.sector.bg._0204,VBOFund.Lifttype,30,0,2,0,12,0,8,0,7,0
BRMO distributie/brmo-stufbg204,nl.egem.stuf.sector.bg._0204,IndicatieFaillisement,30,0,0,0,5,0,3,0,3,0
BRMO distributie/brmo-stufbg204,nl.egem.stuf.sector.bg._0204,WOZFund.Huurprijs,30,0,2,0,12,0,8,0,7,0
BRMO distributie/brmo-stufbg204,nl.egem.stuf.sector.bg._0204,PRSFund.AanduidingBijzonderNederlanderschap,30,0,2,0,12,0,8,0,7,0
BRMO distributie/brmo-stufbg204,nl.egem.stuf.sector.bg._0204,WOZAntwoord,91,0,16,0,25,0,17,0,9,0
BRMO distributie/brmo-stufbg204,nl.egem.stuf.sector.bg._0204,VBOFund.AantalParkeerplaatsen,30,0,2,0,12,0,8,0,7,0
BRMO distributie/brmo-stufbg204,nl.egem.stuf.sector.bg._0204,WYKTabel,78,0,2,0,33,0,22,0,21,0
BRMO distributie/brmo-stufbg204,nl.egem.stuf.sector.bg._0204,NNPKerngegevens,99,0,2,0,42,0,28,0,27,0
BRMO distributie/brmo-stufbg204,nl.egem.stuf.sector.bg._0204,SZRTabel.Omschrijving,43,0,4,0,17,0,11,0,9,0
BRMO distributie/brmo-stufbg204,nl.egem.stuf.sector.bg._0204,HHDKennisgeving.HHDPRS,10,0,0,0,4,0,3,0,3,0
BRMO distributie/brmo-stufbg204,nl.egem.stuf.sector.bg._0204,HHDVraag.HDDWOZ,10,0,0,0,4,0,3,0,3,0
BRMO distributie/brmo-stufbg204,nl.egem.stuf.sector.bg._0204,ADRKerngegevens.Straatnaam,55,0,6,0,22,0,14,0,11,0
BRMO distributie/brmo-stufbg204,nl.egem.stuf.sector.bg._0204,VBOFund.BouwTechnischeKwaliteitsaanduiding,30,0,2,0,12,0,8,0,7,0
BRMO distributie/brmo-stufbg204,nl.egem.stuf.sector.bg._0204,NNPFund.BankgiroRekeningnummer,30,0,2,0,12,0,8,0,7,0
BRMO distributie/brmo-stufbg204,nl.egem.stuf.sector.bg._0204,BTKTabel.Omschrijving,43,0,4,0,17,0,11,0,9,0
BRMO distributie/brmo-stufbg204,nl.egem.stuf.sector.bg._0204,VBOKerngegevens.VerblijfsObjectNummer,43,0,4,0,17,0,11,0,9,0
BRMO distributie/brmo-stufbg204,nl.egem.stuf.sector.bg._0204,ACDTabel.PositieTovNaam,43,0,4,0,17,0,11,0,9,0
BRMO distributie/brmo-stufbg204,nl.egem.stuf.sector.bg._0204,KDOFund.IndicatieOppervlakteGeschat,42,0,4,0,17,0,11,0,9,0
BRMO distributie/brmo-stufbg204,nl.egem.stuf.sector.bg._0204,NNPKerngegevens.NNPADRVBL,16,0,2,0,6,0,4,0,3,0
BRMO distributie/brmo-stufbg204,nl.egem.stuf.sector.bg._0204,HHDKennisgeving.HDDWOZ,10,0,0,0,4,0,3,0,3,0
BRMO distributie/brmo-stufbg204,nl.egem.stuf.sector.bg._0204,OBWVraag.OBWKDO,10,0,0,0,4,0,3,0,3,0
BRMO distributie/brmo-stufbg204,nl.egem.stuf.sector.bg._0204,OBWVraag.OBWBSG,10,0,0,0,4,0,3,0,3,0
BRMO distributie/brmo-stufbg204,nl.egem.stuf.sector.bg._0204,VBOKennisgeving.VBOVBOOSU,10,0,0,0,4,0,3,0,3,0
BRMO distributie/brmo-stufbg204,nl.egem.stuf.sector.bg._0204,PRSAntwoord.PRSNAT,10,0,0,0,4,0,3,0,3,0
BRMO distributie/brmo-stufbg204,nl.egem.stuf.sector.bg._0204,WOZFund.WozObjectNummer,43,0,4,0,17,0,11,0,9,0
BRMO distributie/brmo-stufbg204,nl.egem.stuf.sector.bg._0204,NNPFund.HoofdActiviteit,30,0,2,0,12,0,8,0,7,0
BRMO distributie/brmo-stufbg204,nl.egem.stuf.sector.bg._0204,GEMTabel.Gemeentecode,43,0,4,0,17,0,11,0,9,0
BRMO distributie/brmo-stufbg204,nl.egem.stuf.sector.bg._0204,StUFBGAsynchroon,87,0,2,0,27,0,11,0,10,0
BRMO distributie/brmo-stufbg204,nl.egem.stuf.sector.bg._0204,ADRFund.Buurtcode,42,0,4,0,17,0,11,0,9,0
BRMO distributie/brmo-stufbg204,nl.egem.stuf.sector.bg._0204,OBWFund.OmschrijvingOverigBouwwerk,43,0,4,0,17,0,11,0,9,0
BRMO distributie/brmo-stufbg204,nl.egem.stuf.sector.bg._0204,SIBTabel.Omschrijving,43,0,4,0,17,0,11,0,9,0
BRMO distributie/brmo-stufbg204,nl.egem.stuf.sector.bg._0204,PRSAntwoord,102,0,18,0,28,0,19,0,10,0
BRMO distributie/brmo-stufbg204,nl.egem.stuf.sector.bg._0204,KDOKerngegevens.KadastraalPerceelnummer,55,0,6,0,22,0,14,0,11,0
BRMO distributie/brmo-stufbg204,nl.egem.stuf.sector.bg._0204,PRSKerngegevens,113,0,2,0,48,0,32,0,31,0
BRMO distributie/brmo-stufbg204,nl.egem.stuf.sector.bg._0204,ACDTabel.Omschrijving,43,0,4,0,17,0,11,0,9,0
BRMO distributie/brmo-stufbg204,nl.egem.stuf.sector.bg._0204,SBITabel.SbiCode,43,0,4,0,17,0,11,0,9,0
BRMO distributie/brmo-stufbg204,nl.egem.stuf.sector.bg._0204,KDOKDOFILRel.FiliatiecodeKadastraalObject,30,0,2,0,12,0,8,0,7,0
BRMO distributie/brmo-stufbg204,nl.egem.stuf.sector.bg._0204,NNPFund,259,0,12,0,102,0,68,0,62,0
BRMO distributie/brmo-stufbg204,nl.egem.stuf.sector.bg._0204,NNPKerngegevens.Handelsnaam,55,0,6,0,22,0,14,0,11,0
BRMO distributie/brmo-stufbg204,nl.egem.stuf.sector.bg._0204,VBOKerngegevens.VBOADR,16,0,2,0,6,0,4,0,3,0
BRMO distributie/brmo-stufbg204,nl.egem.stuf.sector.bg._0204,PRSFund.SubjectnrAKR,30,0,2,0,12,0,8,0,7,0
BRMO distributie/brmo-stufbg204,nl.egem.stuf.sector.bg._0204,KDOZKRRel.KoopjaarZakelijkRecht,30,0,2,0,12,0,8,0,7,0
BRMO distributie/brmo-stufbg204,nl.egem.stuf.sector.bg._0204,NNPVraag.NNPNNPNVN,10,0,0,0,4,0,3,0,3,0
BRMO distributie/brmo-stufbg204,nl.egem.stuf.sector.bg._0204,KDOAntwoord.KDOSUBZKR,17,0,0,0,7,0,5,0,5,0
BRMO distributie/brmo-stufbg204,nl.egem.stuf.sector.bg._0204,HHDVraag.HHDPRS,10,0,0,0,4,0,3,0,3,0
BRMO distributie/brmo-stufbg204,nl.egem.stuf.sector.bg._0204,NNPFund.AantalWerkzameMannenFullTime,42,0,4,0,17,0,11,0,9,0
BRMO distributie/brmo-stufbg204,nl.egem.stuf.sector.bg._0204,R03Tabel.Gemeentecode,43,0,4,0,17,0,11,0,9,0
BRMO distributie/brmo-stufbg204,nl.egem.stuf.sector.bg._0204,IndicatieVervallen,30,0,0,0,5,0,3,0,3,0
BRMO distributie/brmo-stufbg204,nl.egem.stuf.sector.bg._0204,VBOFund.BouwjaarKlasse,30,0,2,0,12,0,8,0,7,0
BRMO distributie/brmo-stufbg204,nl.egem.stuf.sector.bg._0204,WOSTabel,64,0,2,0,27,0,18,0,17,0
BRMO distributie/brmo-stufbg204,nl.egem.stuf.sector.bg._0204,BHVTabel.Code,43,0,4,0,17,0,11,0,9,0
BRMO distributie/brmo-stufbg204,nl.egem.stuf.sector.bg._0204,OBWFund.TypeOverigBouwwerk,43,0,4,0,17,0,11,0,9,0
BRMO distributie/brmo-stufbg204,nl.egem.stuf.sector.bg._0204,ADRKerngegevens.Huisnummertoevoeging,55,0,6,0,22,0,14,0,11,0
BRMO distributie/brmo-stufbg204,nl.egem.stuf.sector.bg._0204,R02Tabel.Gemeentecode,43,0,4,0,17,0,11,0,9,0
BRMO distributie/brmo-stufbg204,nl.egem.stuf.sector.bg._0204,BGBTabel.Omschrijving,43,0,4,0,17,0,11,0,9,0
BRMO distributie/brmo-stufbg204,nl.egem.stuf.sector.bg._0204,NNPVraag,31,0,0,0,13,0,9,0,9,0
BRMO distributie/brmo-stufbg204,nl.egem.stuf.sector.bg._0204,ADRFund.Huisnummer,55,0,6,0,22,0,14,0,11,0
BRMO distributie/brmo-stufbg204,nl.egem.stuf.sector.bg._0204,PRBFund,92,0,2,0,39,0,26,0,25,0
BRMO distributie/brmo-stufbg204,nl.egem.stuf.sector.bg._0204,PRSFund.CodeLandOverlijden,42,0,4,0,17,0,11,0,9,0
BRMO distributie/brmo-stufbg204,nl.egem.stuf.sector.bg._0204,NNPKennisgeving,35,0,2,0,13,0,9,0,8,0
BRMO distributie/brmo-stufbg204,nl.egem.stuf.sector.bg._0204,PRSFund.OmschrijvingRedenOpschortingBijhouding,30,0,2,0,12,0,8,0,7,0
BRMO distributie/brmo-stufbg204,nl.egem.stuf.sector.bg._0204,OBWAntwoord.OBWBSG,10,0,0,0,4,0,3,0,3,0
BRMO distributie/brmo-stufbg204,nl.egem.stuf.sector.bg._0204,OBWAntwoord.OBWKDO,10,0,0,0,4,0,3,0,3,0
BRMO distributie/brmo-stufbg204,nl.egem.stuf.sector.bg._0204,KDOKerngegevens.KadastraalObjectIndexLetter,55,0,6,0,22,0,14,0,11,0
BRMO distributie/brmo-stufbg204,nl.egem.stuf.sector.bg._0204,AanduidingBijHuisnummer,65,0,4,0,11,0,6,0,4,0
BRMO distributie/brmo-stufbg204,nl.egem.stuf.sector.bg._0204,NNPFund.SoortNietNatuurlijkPersoon,30,0,2,0,12,0,8,0,7,0
BRMO distributie/brmo-stufbg204,nl.egem.stuf.sector.bg._0204,WOZKerngegevens.WOZADRHFD,16,0,2,0,6,0,4,0,3,0
BRMO distributie/brmo-stufbg204,nl.egem.stuf.sector.bg._0204,ADRFund.Locatieomschrijving,55,0,6,0,22,0,14,0,11,0
BRMO distributie/brmo-stufbg204,nl.egem.stuf.sector.bg._0204,KDOFund.Koopsom,30,0,2,0,12,0,8,0,7,0
BRMO distributie/brmo-stufbg204,nl.egem.stuf.sector.bg._0204,KDOFund.AanduidingIndicatieMogelijk,30,0,2,0,12,0,8,0,7,0
BRMO distributie/brmo-stufbg204,nl.egem.stuf.sector.bg._0204,R03Tabel.Woonplaatscode,43,0,4,0,17,0,11,0,9,0
BRMO distributie/brmo-stufbg204,nl.egem.stuf.sector.bg._0204,PRSVraag.PRSPRSKND,10,0,0,0,4,0,3,0,3,0
BRMO distributie/brmo-stufbg204,nl.egem.stuf.sector.bg._0204,ADRADROSURel.Filiatiecode,30,0,2,0,12,0,8,0,7,0
BRMO distributie/brmo-stufbg204,nl.egem.stuf.sector.bg._0204,NNPFund.NevenActiviteit,30,0,2,0,12,0,8,0,7,0
BRMO distributie/brmo-stufbg204,nl.egem.stuf.sector.bg._0204,KGMTabel,71,0,2,0,30,0,20,0,19,0
BRMO distributie/brmo-stufbg204,nl.egem.stuf.sector.bg._0204,BGBTabel,64,0,2,0,27,0,18,0,17,0
BRMO distributie/brmo-stufbg204,nl.egem.stuf.sector.bg._0204,ObjectFactory,6664,0,0,0,1124,0,870,0,870,0
BRMO distributie/brmo-stufbg204,nl.egem.stuf.sector.bg._0204,ADRKennisgeving.ADRADROSU,10,0,0,0,4,0,3,0,3,0
BRMO distributie/brmo-stufbg204,nl.egem.stuf.sector.bg._0204,WOZKennisgeving.WOZKDO,10,0,0,0,4,0,3,0,3,0
BRMO distributie/brmo-stufbg204,nl.egem.stuf.sector.bg._0204,ADRKerngegevens.AdresBuitenland1,55,0,6,0,22,0,14,0,11,0
BRMO distributie/brmo-stufbg204,nl.egem.stuf.sector.bg._0204,PRSKerngegevens.Voornamen,54,0,6,0,22,0,14,0,11,0
BRMO distributie/brmo-stufbg204,nl.egem.stuf.sector.bg._0204,ADRKerngegevens.AdresBuitenland3,55,0,6,0,22,0,14,0,11,0
BRMO distributie/brmo-stufbg204,nl.egem.stuf.sector.bg._0204,ADRKerngegevens.AdresBuitenland2,55,0,6,0,22,0,14,0,11,0
BRMO distributie/brmo-stufbg204,nl.egem.stuf.sector.bg._0204,PRSAntwoord.PRSPRSOUD,10,0,0,0,4,0,3,0,3,0
BRMO distributie/brmo-stufbg204,nl.egem.stuf.sector.bg._0204,SBITabel,50,0,2,0,21,0,14,0,13,0
BRMO distributie/brmo-stufbg204,nl.egem.stuf.sector.bg._0204,VoorvoegselGeslachtsnaamE,55,0,6,0,22,0,14,0,11,0
BRMO distributie/brmo-stufbg204,nl.egem.stuf.sector.bg._0204,ADRRelKerngegevens,10,0,0,0,4,0,3,0,3,0
BRMO distributie/brmo-stufbg204,nl.egem.stuf.sector.bg._0204,PRSPRSHUWRel.LandSluiting,30,0,2,0,12,0,8,0,7,0
BRMO distributie/brmo-stufbg204,nl.egem.stuf.sector.bg._0204,ADRFund.Locatieadresnummer,43,0,4,0,17,0,11,0,9,0
BRMO distributie/brmo-stufbg204,nl.egem.stuf.sector.bg._0204,KGMTabel.GemeenteCode,43,0,4,0,17,0,11,0,9,0
BRMO distributie/brmo-stufbg204,nl.egem.stuf.sector.bg._0204,PRSVraag.PRSPRSOUD,10,0,0,0,4,0,3,0,3,0
BRMO distributie/brmo-stufbg204,nl.egem.stuf.sector.bg._0204,KDOKennisgeving,65,0,10,0,19,0,13,0,8,0
BRMO distributie/brmo-stufbg204,nl.egem.stuf.sector.bg._0204,BSGFund.OmschrijvingBestemmingsgebied,43,0,4,0,17,0,11,0,9,0
BRMO distributie/brmo-stufbg204,nl.egem.stuf.sector.bg._0204,PRSFund.CodeLandImmigratie,30,0,2,0,12,0,8,0,7,0
BRMO distributie/brmo-stufbg204,nl.egem.stuf.sector.bg._0204,BSGFund.BestemmingsplanHerziening,30,0,2,0,12,0,8,0,7,0
BRMO distributie/brmo-stufbg204,nl.egem.stuf.sector.bg._0204,VBOFund.BrutoVloerOppervlak,30,0,2,0,12,0,8,0,7,0
BRMO distributie/brmo-stufbg204,nl.egem.stuf.sector.bg._0204,PRSAntwoord.PRSPRSKND,10,0,0,0,4,0,3,0,3,0
BRMO distributie/brmo-stufbg204,nl.egem.stuf.sector.bg._0204,VBTTabel,64,0,2,0,27,0,18,0,17,0
BRMO distributie/brmo-stufbg204,nl.egem.stuf.sector.bg._0204,StUFBGSynchroon,87,0,2,0,27,0,11,0,10,0
BRMO distributie/brmo-stufbg204,nl.egem.stuf.stuf0204,TijdvakGeldigheid,17,0,0,0,7,0,5,0,5,0
BRMO distributie/brmo-stufbg204,nl.egem.stuf.stuf0204,StUFBerichtenSet,14,0,2,0,4,0,3,0,2,0
BRMO distributie/brmo-stufbg204,nl.egem.stuf.stuf0204,TijdvakRelatie,17,0,0,0,7,0,5,0,5,0
BRMO distributie/brmo-stufbg204,nl.egem.stuf.stuf0204,Verwerkingssoort,80,0,0,0,10,0,3,0,3,0
BRMO distributie/brmo-stufbg204,nl.egem.stuf.stuf0204,Systeem,31,0,0,0,13,0,9,0,9,0
BRMO distributie/brmo-stufbg204,nl.egem.stuf.stuf0204,ExtraElement,37,0,2,0,15,0,10,0,9,0
BRMO distributie/brmo-stufbg204,nl.egem.stuf.stuf0204,BevestigingsBericht,10,0,0,0,4,0,3,0,3,0
BRMO distributie/brmo-stufbg204,nl.egem.stuf.stuf0204,IndicatorOvername,30,0,0,0,5,0,3,0,3,0
BRMO distributie/brmo-stufbg204,nl.egem.stuf.stuf0204,DatumMetIndicator,42,0,4,0,17,0,11,0,9,0
BRMO distributie/brmo-stufbg204,nl.egem.stuf.stuf0204,IndOnvolledigeDatum,40,0,0,0,6,0,3,0,3,0
BRMO distributie/brmo-stufbg204,nl.egem.stuf.stuf0204,FoutBericht.Body,24,0,0,0,10,0,7,0,7,0
BRMO distributie/brmo-stufbg204,nl.egem.stuf.stuf0204,ObjectFactory,142,0,0,0,29,0,24,0,24,0
BRMO distributie/brmo-stufbg204,nl.egem.stuf.stuf0204,ExtraElementen,14,0,2,0,4,0,3,0,2,0
BRMO distributie/brmo-stufbg204,nl.egem.stuf.stuf0204,Stuurgegevens.Vraag,38,0,0,0,16,0,11,0,11,0
BRMO distributie/brmo-stufbg204,nl.egem.stuf.stuf0204,Stuurgegevens.Antwoord,31,0,0,0,13,0,9,0,9,0
BRMO distributie/brmo-stufbg204,nl.egem.stuf.stuf0204,FoutBericht,17,0,0,0,7,0,5,0,5,0
BRMO distributie/brmo-stufbg204,nl.egem.stuf.stuf0204,Stuurgegevens.Kennisgeving,24,0,0,0,10,0,7,0,7,0
BRMO distributie/brmo-stufbg204,nl.egem.stuf.stuf0204,FoutPlek,65,0,4,0,11,0,6,0,4,0
BRMO distributie/brmo-stufbg204,nl.egem.stuf.stuf0204,Mutatiesoort,50,0,0,0,7,0,3,0,3,0
BRMO distributie/brmo-stufbg204,nl.egem.stuf.stuf0204,DatumMetIndicatorKerngegeven,16,0,2,0,6,0,4,0,3,0
BRMO distributie/brmo-stufbg204,nl.egem.stuf.stuf0204,NoValue,87,0,4,0,13,0,6,0,4,0
BRMO distributie/brmo-stufbg204,nl.egem.stuf.stuf0204,Stuurgegevens.Bevestiging,10,0,0,0,4,0,3,0,3,0
BRMO distributie/brmo-stufbg204,nl.egem.stuf.stuf0204,Stuurgegevens,101,0,0,0,43,0,29,0,29,0
BRMO distributie/brmo-stufbg204,nl.egem.stuf.stuf0204,Stuurgegevens.Fout,10,0,0,0,4,0,3,0,3,0
BRMO distributie/brmo-stufbg204,nl.b3p.brmo.stufbg204,StUFBGasynchroon,354,0,15,0,80,0,18,0,10,0
BRMO distributie/brmo-stufbg204,nl.b3p.brmo.stufbg204,CriteriaParser,1087,0,86,0,217,0,48,0,5,0
BRMO distributie/brmo-stufbg204,nl.b3p.brmo.stufbg204,StUFBGsynchroon,455,0,24,0,98,0,24,0,10,0
BRMO distributie/brmo-stufbg204,nl.b3p.brmo.stufbg204,AntwoordBodyFactory,1292,0,98,0,329,0,64,0,15,0
BRMO distributie/brmo-commandline,nl.b3p.brmo.commandline,Main.new Comparator() {...},53,0,4,0,7,0,4,0,2,0
BRMO distributie/brmo-commandline,nl.b3p.brmo.commandline,Main.sysexits,78,0,0,0,5,0,2,0,2,0
BRMO distributie/brmo-commandline,nl.b3p.brmo.commandline,Main,2046,0,92,0,396,0,74,0,27,0
