<?xml version="1.0" encoding="UTF-8" standalone="yes"?><!DOCTYPE report PUBLIC "-//JACOCO//DTD Report 1.1//EN" "report.dtd"><report name="BRMO proxyservice"><sessioninfo id="mark-desktop-87583101" start="1675699920352" dump="1675699922668"/><sessioninfo id="mark-desktop-b49eedab" start="1675699947882" dump="1675699949017"/><sessioninfo id="mark-desktop-66bbd09d" start="1675700670081" dump="1675700670986"/><sessioninfo id="mark-desktop-734d3b01" start="1675700870508" dump="1675700871400"/></report>