GROUP,PACKAGE,CLASS,INSTRUCTION_MISSED,INSTRUCTION_COVERED,BRANCH_MISSED,BRANCH_COVERED,LINE_MISSED,LINE_COVERED,COMPLEXITY_MISSED,COMPLEXITY_COVERED,METHOD_MISSED,METHOD_COVERED
BRMO loader,nl.b3p.brmo.loader.util,BrmoLeegBestandException,16,0,0,0,7,0,4,0,4,0
BRMO loader,nl.b3p.brmo.loader.util,BrmoException,16,0,0,0,7,0,4,0,4,0
BRMO loader,nl.b3p.brmo.loader.util,StagingRowHandler,20,359,26,50,5,79,26,15,0,3
BRMO loader,nl.b3p.brmo.loader.util,TableRow,87,121,6,4,23,34,7,16,4,14
BRMO loader,nl.b3p.brmo.loader.util,StagingBeanProcessor,61,0,6,0,13,0,5,0,2,0
BRMO loader,nl.b3p.brmo.loader.util,RsgbBRPTransformer,232,0,16,0,63,0,16,0,8,0
BRMO loader,nl.b3p.brmo.loader.util,DataComfortXMLReader,8,349,8,40,1,99,8,21,0,3
BRMO loader,nl.b3p.brmo.loader.util,TopNLRsgbTransformer,44,137,7,7,15,35,6,6,0,5
BRMO loader,nl.b3p.brmo.loader.util,TableData,44,104,0,0,15,29,8,11,8,11
BRMO loader,nl.b3p.brmo.loader.util,BrmoDuplicaatLaadprocesException,16,0,0,0,7,0,4,0,4,0
BRMO loader,nl.b3p.brmo.loader.util,StagingRowHandler.IgnoreCaseStringList,0,25,0,4,0,7,0,4,0,2
BRMO loader,nl.b3p.brmo.loader.util,RsgbTransformer,36,106,4,4,4,22,5,4,1,4
BRMO loader,nl.b3p.brmo.loader.util,RsgbWOZTransformer,14,188,2,4,4,50,2,6,0,5
BRMO loader,nl.b3p.brmo.loader,BrmoFramework,606,311,44,8,173,78,52,22,26,22
BRMO loader,nl.b3p.brmo.loader,RsgbProxy.BerichtSelectMode,0,33,0,0,0,6,0,1,0,1
BRMO loader,nl.b3p.brmo.loader,StagingProxy,1063,1768,136,120,228,420,115,60,15,32
BRMO loader,nl.b3p.brmo.loader,RsgbProxy,1192,3294,136,285,261,794,110,151,7,39
BRMO loader,nl.b3p.brmo.loader,BrmoFramework.new CountingInputStream() {...},22,0,2,0,5,0,3,0,2,0
BRMO loader,nl.b3p.brmo.loader.xml,BrkSnapshotXMLReader.MutatieGegevens,15,0,0,0,5,0,1,0,1,0
BRMO loader,nl.b3p.brmo.loader.xml,BRPXMLReader,305,0,16,0,76,0,16,0,8,0
BRMO loader,nl.b3p.brmo.loader.xml,BrkSnapshotXMLReader,425,0,84,0,94,0,48,0,6,0
BRMO loader,nl.b3p.brmo.loader.xml,NhrXMLReader,10,427,5,23,3,98,5,18,0,9
BRMO loader,nl.b3p.brmo.loader.xml,WozXMLReader,139,621,34,42,26,149,25,22,1,8
BRMO loader,nl.b3p.brmo.loader.xml,GbavXMLReader,16,201,4,14,5,53,4,11,0,6
BRMO loader,nl.b3p.brmo.loader.xml,BrmoXMLReader,42,50,0,0,17,19,10,11,10,11
BRMO loader,nl.b3p.brmo.loader.xml,Brk2SnapshotXMLReader,7,369,3,73,3,80,3,41,0,6
BRMO loader,nl.b3p.brmo.loader.xml,TopNLFileReader,12,65,3,3,4,17,6,3,3,3
BRMO loader,nl.b3p.brmo.loader.xml,Brk2SnapshotXMLReader.MutatieGegevens,0,15,0,0,0,5,0,1,0,1
BRMO loader,nl.b3p.brmo.loader.advancedfunctions,AdvancedFunctionProcess,33,0,0,0,14,0,7,0,7,0
BRMO loader,nl.b3p.brmo.loader.entity,NhrBerichten,0,3,0,0,0,1,0,1,0,1
BRMO loader,nl.b3p.brmo.loader.entity,Bericht.STATUS,0,57,0,0,0,10,0,1,0,1
BRMO loader,nl.b3p.brmo.loader.entity,GbavBericht,47,276,19,21,13,80,17,11,0,8
BRMO loader,nl.b3p.brmo.loader.entity,Brk2Bericht,36,227,5,15,11,66,5,13,0,8
BRMO loader,nl.b3p.brmo.loader.entity,Bericht,5,157,1,7,1,49,2,32,1,29
BRMO loader,nl.b3p.brmo.loader.entity,NhrPeildatumAdapter,12,21,0,0,2,4,1,2,1,2
BRMO loader,nl.b3p.brmo.loader.entity,WozBericht,0,7,0,0,0,3,0,1,0,1
BRMO loader,nl.b3p.brmo.loader.entity,LaadProces,17,168,0,0,8,55,3,38,3,38
BRMO loader,nl.b3p.brmo.loader.entity,NhrBericht,14,10,0,0,5,4,2,2,2,2
BRMO loader,nl.b3p.brmo.loader.entity,BerichtenSorter,23,3,0,0,6,1,2,1,2,1
BRMO loader,nl.b3p.brmo.loader.entity,LaadProces.STATUS,0,51,0,0,0,9,0,1,0,1
BRMO loader,nl.b3p.brmo.loader.entity,BrkBericht,260,0,18,0,76,0,17,0,8,0
BRMO loader,nl.b3p.brmo.loader.pipeline,BerichtWorkUnit,21,9,0,0,9,4,6,1,6,1
BRMO loader,nl.b3p.brmo.loader.pipeline,BerichtPipelineThread,132,29,12,0,40,9,10,1,4,1
BRMO loader,nl.b3p.brmo.loader.pipeline,UpdateResultPipeline,13,0,0,0,4,0,2,0,2,0
BRMO loader,nl.b3p.brmo.loader.pipeline,BerichtTypeOfWork,0,21,0,0,0,4,0,1,0,1
BRMO loader,nl.b3p.brmo.loader.pipeline,ProcessDbXmlPipeline,9,7,0,0,2,2,1,1,1,1
BRMO loader,nl.b3p.brmo.loader.checks,AfgiftelijstReport,440,0,14,0,73,0,15,0,8,0
BRMO loader,nl.b3p.brmo.loader.checks,AfgiftelijstReport.Footer,139,0,0,0,26,0,3,0,3,0
BRMO loader,nl.b3p.brmo.loader.checks,AfgifteChecker,133,0,4,0,33,0,14,0,12,0
BRMO loader,nl.b3p.brmo.loader.checks,AfgiftelijstParser,118,0,9,0,28,0,9,0,4,0
BRMO loader,nl.b3p.brmo.loader.checks,Afgifte,101,0,4,0,32,0,20,0,18,0
BRMO loader,nl.b3p.brmo.loader.updates,UpdateProcess,55,0,0,0,23,0,10,0,10,0
